CRITICAL - 2022-06-01 09:59:52 --> syntax error, unexpected token "}"
#0 /var/www/html/Document-Portal/system/View/View.php(232): CodeIgniter\View\View->CodeIgniter\View\{closure}()
#1 /var/www/html/Document-Portal/system/Common.php(1271): CodeIgniter\View\View->render()
#2 /var/www/html/Document-Portal/app/Controllers/BaseController.php(80): view()
#3 /var/www/html/Document-Portal/app/Controllers/ManageDocuments.php(27): App\Controllers\BaseController->render_template()
#4 /var/www/html/Document-Portal/system/CodeIgniter.php(929): App\Controllers\ManageDocuments->index()
#5 /var/www/html/Document-Portal/system/CodeIgniter.php(437): CodeIgniter\CodeIgniter->runController()
#6 /var/www/html/Document-Portal/system/CodeIgniter.php(337): CodeIgniter\CodeIgniter->handleRequest()
#7 /var/www/html/Document-Portal/index.php(38): CodeIgniter\CodeIgniter->run()
#8 {main}
CRITICAL - 2022-06-01 10:00:23 --> syntax error, unexpected variable "$category1"
#0 /var/www/html/Document-Portal/system/View/View.php(232): CodeIgniter\View\View->CodeIgniter\View\{closure}()
#1 /var/www/html/Document-Portal/system/Common.php(1271): CodeIgniter\View\View->render()
#2 /var/www/html/Document-Portal/app/Controllers/BaseController.php(80): view()
#3 /var/www/html/Document-Portal/app/Controllers/ManageDocuments.php(27): App\Controllers\BaseController->render_template()
#4 /var/www/html/Document-Portal/system/CodeIgniter.php(929): App\Controllers\ManageDocuments->index()
#5 /var/www/html/Document-Portal/system/CodeIgniter.php(437): CodeIgniter\CodeIgniter->runController()
#6 /var/www/html/Document-Portal/system/CodeIgniter.php(337): CodeIgniter\CodeIgniter->handleRequest()
#7 /var/www/html/Document-Portal/index.php(38): CodeIgniter\CodeIgniter->run()
#8 {main}
CRITICAL - 2022-06-01 10:00:39 --> syntax error, unexpected variable "$category1"
#0 /var/www/html/Document-Portal/system/View/View.php(232): CodeIgniter\View\View->CodeIgniter\View\{closure}()
#1 /var/www/html/Document-Portal/system/Common.php(1271): CodeIgniter\View\View->render()
#2 /var/www/html/Document-Portal/app/Controllers/BaseController.php(80): view()
#3 /var/www/html/Document-Portal/app/Controllers/ManageDocuments.php(27): App\Controllers\BaseController->render_template()
#4 /var/www/html/Document-Portal/system/CodeIgniter.php(929): App\Controllers\ManageDocuments->index()
#5 /var/www/html/Document-Portal/system/CodeIgniter.php(437): CodeIgniter\CodeIgniter->runController()
#6 /var/www/html/Document-Portal/system/CodeIgniter.php(337): CodeIgniter\CodeIgniter->handleRequest()
#7 /var/www/html/Document-Portal/index.php(38): CodeIgniter\CodeIgniter->run()
#8 {main}
CRITICAL - 2022-06-01 10:01:20 --> syntax error, unexpected variable "$category1"
#0 /var/www/html/Document-Portal/system/View/View.php(232): CodeIgniter\View\View->CodeIgniter\View\{closure}()
#1 /var/www/html/Document-Portal/system/Common.php(1271): CodeIgniter\View\View->render()
#2 /var/www/html/Document-Portal/app/Controllers/BaseController.php(80): view()
#3 /var/www/html/Document-Portal/app/Controllers/ManageDocuments.php(27): App\Controllers\BaseController->render_template()
#4 /var/www/html/Document-Portal/system/CodeIgniter.php(929): App\Controllers\ManageDocuments->index()
#5 /var/www/html/Document-Portal/system/CodeIgniter.php(437): CodeIgniter\CodeIgniter->runController()
#6 /var/www/html/Document-Portal/system/CodeIgniter.php(337): CodeIgniter\CodeIgniter->handleRequest()
#7 /var/www/html/Document-Portal/index.php(38): CodeIgniter\CodeIgniter->run()
#8 {main}
CRITICAL - 2022-06-01 10:08:49 --> Undefined array key 0
#0 /var/www/html/Document-Portal/app/Views/managedocuments/index.php(46): CodeIgniter\Debug\Exceptions->errorHandler()
#1 /var/www/html/Document-Portal/system/View/View.php(230): include('...')
#2 /var/www/html/Document-Portal/system/View/View.php(232): CodeIgniter\View\View->CodeIgniter\View\{closure}()
#3 /var/www/html/Document-Portal/system/Common.php(1271): CodeIgniter\View\View->render()
#4 /var/www/html/Document-Portal/app/Controllers/BaseController.php(80): view()
#5 /var/www/html/Document-Portal/app/Controllers/ManageDocuments.php(27): App\Controllers\BaseController->render_template()
#6 /var/www/html/Document-Portal/system/CodeIgniter.php(929): App\Controllers\ManageDocuments->index()
#7 /var/www/html/Document-Portal/system/CodeIgniter.php(437): CodeIgniter\CodeIgniter->runController()
#8 /var/www/html/Document-Portal/system/CodeIgniter.php(337): CodeIgniter\CodeIgniter->handleRequest()
#9 /var/www/html/Document-Portal/index.php(38): CodeIgniter\CodeIgniter->run()
#10 {main}
CRITICAL - 2022-06-01 10:38:05 --> Undefined variable $subcategory
#0 /var/www/html/Document-Portal/app/Views/managedocuments/index.php(65): CodeIgniter\Debug\Exceptions->errorHandler()
#1 /var/www/html/Document-Portal/system/View/View.php(230): include('...')
#2 /var/www/html/Document-Portal/system/View/View.php(232): CodeIgniter\View\View->CodeIgniter\View\{closure}()
#3 /var/www/html/Document-Portal/system/Common.php(1271): CodeIgniter\View\View->render()
#4 /var/www/html/Document-Portal/app/Controllers/BaseController.php(80): view()
#5 /var/www/html/Document-Portal/app/Controllers/ManageDocuments.php(27): App\Controllers\BaseController->render_template()
#6 /var/www/html/Document-Portal/system/CodeIgniter.php(929): App\Controllers\ManageDocuments->index()
#7 /var/www/html/Document-Portal/system/CodeIgniter.php(437): CodeIgniter\CodeIgniter->runController()
#8 /var/www/html/Document-Portal/system/CodeIgniter.php(337): CodeIgniter\CodeIgniter->handleRequest()
#9 /var/www/html/Document-Portal/index.php(38): CodeIgniter\CodeIgniter->run()
#10 {main}
CRITICAL - 2022-06-01 10:58:46 --> Unclosed '{' on line 51
#0 /var/www/html/Document-Portal/system/View/View.php(232): CodeIgniter\View\View->CodeIgniter\View\{closure}()
#1 /var/www/html/Document-Portal/system/Common.php(1271): CodeIgniter\View\View->render()
#2 /var/www/html/Document-Portal/app/Controllers/BaseController.php(80): view()
#3 /var/www/html/Document-Portal/app/Controllers/ManageDocuments.php(27): App\Controllers\BaseController->render_template()
#4 /var/www/html/Document-Portal/system/CodeIgniter.php(929): App\Controllers\ManageDocuments->index()
#5 /var/www/html/Document-Portal/system/CodeIgniter.php(437): CodeIgniter\CodeIgniter->runController()
#6 /var/www/html/Document-Portal/system/CodeIgniter.php(337): CodeIgniter\CodeIgniter->handleRequest()
#7 /var/www/html/Document-Portal/index.php(38): CodeIgniter\CodeIgniter->run()
#8 {main}
CRITICAL - 2022-06-01 10:59:15 --> Unclosed '{' on line 51
#0 /var/www/html/Document-Portal/system/View/View.php(232): CodeIgniter\View\View->CodeIgniter\View\{closure}()
#1 /var/www/html/Document-Portal/system/Common.php(1271): CodeIgniter\View\View->render()
#2 /var/www/html/Document-Portal/app/Controllers/BaseController.php(80): view()
#3 /var/www/html/Document-Portal/app/Controllers/ManageDocuments.php(27): App\Controllers\BaseController->render_template()
#4 /var/www/html/Document-Portal/system/CodeIgniter.php(929): App\Controllers\ManageDocuments->index()
#5 /var/www/html/Document-Portal/system/CodeIgniter.php(437): CodeIgniter\CodeIgniter->runController()
#6 /var/www/html/Document-Portal/system/CodeIgniter.php(337): CodeIgniter\CodeIgniter->handleRequest()
#7 /var/www/html/Document-Portal/index.php(38): CodeIgniter\CodeIgniter->run()
#8 {main}
CRITICAL - 2022-06-01 10:59:52 --> Unclosed '{' on line 51
#0 /var/www/html/Document-Portal/system/View/View.php(232): CodeIgniter\View\View->CodeIgniter\View\{closure}()
#1 /var/www/html/Document-Portal/system/Common.php(1271): CodeIgniter\View\View->render()
#2 /var/www/html/Document-Portal/app/Controllers/BaseController.php(80): view()
#3 /var/www/html/Document-Portal/app/Controllers/ManageDocuments.php(27): App\Controllers\BaseController->render_template()
#4 /var/www/html/Document-Portal/system/CodeIgniter.php(929): App\Controllers\ManageDocuments->index()
#5 /var/www/html/Document-Portal/system/CodeIgniter.php(437): CodeIgniter\CodeIgniter->runController()
#6 /var/www/html/Document-Portal/system/CodeIgniter.php(337): CodeIgniter\CodeIgniter->handleRequest()
#7 /var/www/html/Document-Portal/index.php(38): CodeIgniter\CodeIgniter->run()
#8 {main}
CRITICAL - 2022-06-01 11:36:34 --> syntax error, unexpected token "else"
#0 /var/www/html/Document-Portal/system/View/View.php(232): CodeIgniter\View\View->CodeIgniter\View\{closure}()
#1 /var/www/html/Document-Portal/system/Common.php(1271): CodeIgniter\View\View->render()
#2 /var/www/html/Document-Portal/app/Controllers/BaseController.php(80): view()
#3 /var/www/html/Document-Portal/app/Controllers/ManageDocuments.php(27): App\Controllers\BaseController->render_template()
#4 /var/www/html/Document-Portal/system/CodeIgniter.php(929): App\Controllers\ManageDocuments->index()
#5 /var/www/html/Document-Portal/system/CodeIgniter.php(437): CodeIgniter\CodeIgniter->runController()
#6 /var/www/html/Document-Portal/system/CodeIgniter.php(337): CodeIgniter\CodeIgniter->handleRequest()
#7 /var/www/html/Document-Portal/index.php(38): CodeIgniter\CodeIgniter->run()
#8 {main}
CRITICAL - 2022-06-01 12:07:49 --> move_uploaded_file(uploads/documents/1/1/1654065469_profile.xlsx): Failed to open stream: No such file or directory
#0 [internal function]: CodeIgniter\Debug\Exceptions->errorHandler()
#1 /var/www/html/Document-Portal/app/Controllers/Documents.php(50): move_uploaded_file()
#2 /var/www/html/Document-Portal/system/CodeIgniter.php(929): App\Controllers\Documents->add()
#3 /var/www/html/Document-Portal/system/CodeIgniter.php(437): CodeIgniter\CodeIgniter->runController()
#4 /var/www/html/Document-Portal/system/CodeIgniter.php(337): CodeIgniter\CodeIgniter->handleRequest()
#5 /var/www/html/Document-Portal/index.php(38): CodeIgniter\CodeIgniter->run()
#6 {main}
CRITICAL - 2022-06-01 12:13:41 --> move_uploaded_file(uploads/documents/1/1/1654065821_profile.xlsx): Failed to open stream: No such file or directory
#0 [internal function]: CodeIgniter\Debug\Exceptions->errorHandler()
#1 /var/www/html/Document-Portal/app/Controllers/Documents.php(50): move_uploaded_file()
#2 /var/www/html/Document-Portal/system/CodeIgniter.php(929): App\Controllers\Documents->add()
#3 /var/www/html/Document-Portal/system/CodeIgniter.php(437): CodeIgniter\CodeIgniter->runController()
#4 /var/www/html/Document-Portal/system/CodeIgniter.php(337): CodeIgniter\CodeIgniter->handleRequest()
#5 /var/www/html/Document-Portal/index.php(38): CodeIgniter\CodeIgniter->run()
#6 {main}
CRITICAL - 2022-06-01 12:32:07 --> Undefined variable $row
#0 /var/www/html/Document-Portal/app/Views/managedocuments/index.php(90): CodeIgniter\Debug\Exceptions->errorHandler()
#1 /var/www/html/Document-Portal/system/View/View.php(230): include('...')
#2 /var/www/html/Document-Portal/system/View/View.php(232): CodeIgniter\View\View->CodeIgniter\View\{closure}()
#3 /var/www/html/Document-Portal/system/Common.php(1271): CodeIgniter\View\View->render()
#4 /var/www/html/Document-Portal/app/Controllers/BaseController.php(80): view()
#5 /var/www/html/Document-Portal/app/Controllers/ManageDocuments.php(30): App\Controllers\BaseController->render_template()
#6 /var/www/html/Document-Portal/system/CodeIgniter.php(929): App\Controllers\ManageDocuments->index()
#7 /var/www/html/Document-Portal/system/CodeIgniter.php(437): CodeIgniter\CodeIgniter->runController()
#8 /var/www/html/Document-Portal/system/CodeIgniter.php(337): CodeIgniter\CodeIgniter->handleRequest()
#9 /var/www/html/Document-Portal/index.php(38): CodeIgniter\CodeIgniter->run()
#10 {main}
