ERROR - 2022-06-13 09:43:19 --> Expression #1 of SELECT list is not in GROUP BY clause and contains nonaggregated column 'hseqssco_document.Users.id' which is not functionally dependent on columns in GROUP BY clause; this is incompatible with sql_mode=only_full_group_by
CRITICAL - 2022-06-13 09:43:19 --> Call to a member function getResult() on bool
#0 /var/www/html/Document-Portal/system/BaseModel.php(603): CodeIgniter\Model->doFindAll()
#1 /var/www/html/Document-Portal/app/Models/UsersModel.php(58): CodeIgniter\BaseModel->findAll()
#2 /var/www/html/Document-Portal/app/Controllers/Users.php(195): App\Models\UsersModel->make_datatables()
#3 /var/www/html/Document-Portal/system/CodeIgniter.php(929): App\Controllers\Users->fetch_users()
#4 /var/www/html/Document-Portal/system/CodeIgniter.php(437): CodeIgniter\CodeIgniter->runController()
#5 /var/www/html/Document-Portal/system/CodeIgniter.php(337): CodeIgniter\CodeIgniter->handleRequest()
#6 /var/www/html/Document-Portal/index.php(38): CodeIgniter\CodeIgniter->run()
#7 {main}
ERROR - 2022-06-13 09:43:23 --> Expression #1 of SELECT list is not in GROUP BY clause and contains nonaggregated column 'hseqssco_document.Users.id' which is not functionally dependent on columns in GROUP BY clause; this is incompatible with sql_mode=only_full_group_by
CRITICAL - 2022-06-13 09:43:23 --> Call to a member function getResult() on bool
#0 /var/www/html/Document-Portal/system/BaseModel.php(603): CodeIgniter\Model->doFindAll()
#1 /var/www/html/Document-Portal/app/Models/UsersModel.php(58): CodeIgniter\BaseModel->findAll()
#2 /var/www/html/Document-Portal/app/Controllers/Users.php(195): App\Models\UsersModel->make_datatables()
#3 /var/www/html/Document-Portal/system/CodeIgniter.php(929): App\Controllers\Users->fetch_users()
#4 /var/www/html/Document-Portal/system/CodeIgniter.php(437): CodeIgniter\CodeIgniter->runController()
#5 /var/www/html/Document-Portal/system/CodeIgniter.php(337): CodeIgniter\CodeIgniter->handleRequest()
#6 /var/www/html/Document-Portal/index.php(38): CodeIgniter\CodeIgniter->run()
#7 {main}
CRITICAL - 2022-06-13 09:43:36 --> Undefined array key "length"
#0 /var/www/html/Document-Portal/app/Models/UsersModel.php(58): CodeIgniter\Debug\Exceptions->errorHandler()
#1 /var/www/html/Document-Portal/app/Controllers/Users.php(195): App\Models\UsersModel->make_datatables()
#2 /var/www/html/Document-Portal/system/CodeIgniter.php(929): App\Controllers\Users->fetch_users()
#3 /var/www/html/Document-Portal/system/CodeIgniter.php(437): CodeIgniter\CodeIgniter->runController()
#4 /var/www/html/Document-Portal/system/CodeIgniter.php(337): CodeIgniter\CodeIgniter->handleRequest()
#5 /var/www/html/Document-Portal/index.php(38): CodeIgniter\CodeIgniter->run()
#6 {main}
CRITICAL - 2022-06-13 09:52:25 --> Undefined variable $actionLink
#0 /var/www/html/Document-Portal/app/Controllers/UploadedDocuments.php(106): CodeIgniter\Debug\Exceptions->errorHandler()
#1 /var/www/html/Document-Portal/system/CodeIgniter.php(929): App\Controllers\UploadedDocuments->fetch_uploaded_documents()
#2 /var/www/html/Document-Portal/system/CodeIgniter.php(437): CodeIgniter\CodeIgniter->runController()
#3 /var/www/html/Document-Portal/system/CodeIgniter.php(337): CodeIgniter\CodeIgniter->handleRequest()
#4 /var/www/html/Document-Portal/index.php(38): CodeIgniter\CodeIgniter->run()
#5 {main}
CRITICAL - 2022-06-13 09:52:29 --> Undefined variable $actionLink
#0 /var/www/html/Document-Portal/app/Controllers/UploadedDocuments.php(106): CodeIgniter\Debug\Exceptions->errorHandler()
#1 /var/www/html/Document-Portal/system/CodeIgniter.php(929): App\Controllers\UploadedDocuments->fetch_uploaded_documents()
#2 /var/www/html/Document-Portal/system/CodeIgniter.php(437): CodeIgniter\CodeIgniter->runController()
#3 /var/www/html/Document-Portal/system/CodeIgniter.php(337): CodeIgniter\CodeIgniter->handleRequest()
#4 /var/www/html/Document-Portal/index.php(38): CodeIgniter\CodeIgniter->run()
#5 {main}
CRITICAL - 2022-06-13 09:54:59 --> Undefined variable $actionLink
#0 /var/www/html/Document-Portal/app/Controllers/UploadedDocuments.php(106): CodeIgniter\Debug\Exceptions->errorHandler()
#1 /var/www/html/Document-Portal/system/CodeIgniter.php(929): App\Controllers\UploadedDocuments->fetch_uploaded_documents()
#2 /var/www/html/Document-Portal/system/CodeIgniter.php(437): CodeIgniter\CodeIgniter->runController()
#3 /var/www/html/Document-Portal/system/CodeIgniter.php(337): CodeIgniter\CodeIgniter->handleRequest()
#4 /var/www/html/Document-Portal/index.php(38): CodeIgniter\CodeIgniter->run()
#5 {main}
CRITICAL - 2022-06-13 09:55:10 --> Undefined variable $actionLink
#0 /var/www/html/Document-Portal/app/Controllers/UploadedDocuments.php(106): CodeIgniter\Debug\Exceptions->errorHandler()
#1 /var/www/html/Document-Portal/system/CodeIgniter.php(929): App\Controllers\UploadedDocuments->fetch_uploaded_documents()
#2 /var/www/html/Document-Portal/system/CodeIgniter.php(437): CodeIgniter\CodeIgniter->runController()
#3 /var/www/html/Document-Portal/system/CodeIgniter.php(337): CodeIgniter\CodeIgniter->handleRequest()
#4 /var/www/html/Document-Portal/index.php(38): CodeIgniter\CodeIgniter->run()
#5 {main}
CRITICAL - 2022-06-13 10:11:54 --> Undefined array key "HTTP_REFERER"
#0 /var/www/html/Document-Portal/app/Controllers/Workflow.php(313): CodeIgniter\Debug\Exceptions->errorHandler()
#1 /var/www/html/Document-Portal/system/CodeIgniter.php(929): App\Controllers\Workflow->edit()
#2 /var/www/html/Document-Portal/system/CodeIgniter.php(437): CodeIgniter\CodeIgniter->runController()
#3 /var/www/html/Document-Portal/system/CodeIgniter.php(337): CodeIgniter\CodeIgniter->handleRequest()
#4 /var/www/html/Document-Portal/index.php(38): CodeIgniter\CodeIgniter->run()
#5 {main}
CRITICAL - 2022-06-13 10:18:39 --> Call to undefined function App\Controllers\strtodate()
#0 /var/www/html/Document-Portal/system/CodeIgniter.php(929): App\Controllers\Workflow->fetch_workflow()
#1 /var/www/html/Document-Portal/system/CodeIgniter.php(437): CodeIgniter\CodeIgniter->runController()
#2 /var/www/html/Document-Portal/system/CodeIgniter.php(337): CodeIgniter\CodeIgniter->handleRequest()
#3 /var/www/html/Document-Portal/index.php(38): CodeIgniter\CodeIgniter->run()
#4 {main}
CRITICAL - 2022-06-13 10:55:27 --> date(): Argument #2 ($timestamp) must be of type ?int, string given
#0 /var/www/html/Document-Portal/app/Controllers/Workflow.php(347): date()
#1 /var/www/html/Document-Portal/system/CodeIgniter.php(929): App\Controllers\Workflow->edit()
#2 /var/www/html/Document-Portal/system/CodeIgniter.php(437): CodeIgniter\CodeIgniter->runController()
#3 /var/www/html/Document-Portal/system/CodeIgniter.php(337): CodeIgniter\CodeIgniter->handleRequest()
#4 /var/www/html/Document-Portal/index.php(38): CodeIgniter\CodeIgniter->run()
#5 {main}
CRITICAL - 2022-06-13 11:35:07 --> move_uploaded_file(uploads/documents/1/1/1655100307_profile.xlsx): Failed to open stream: No such file or directory
#0 [internal function]: CodeIgniter\Debug\Exceptions->errorHandler()
#1 /var/www/html/Document-Portal/app/Controllers/UserDocuments.php(68): move_uploaded_file()
#2 /var/www/html/Document-Portal/system/CodeIgniter.php(929): App\Controllers\UserDocuments->add()
#3 /var/www/html/Document-Portal/system/CodeIgniter.php(437): CodeIgniter\CodeIgniter->runController()
#4 /var/www/html/Document-Portal/system/CodeIgniter.php(337): CodeIgniter\CodeIgniter->handleRequest()
#5 /var/www/html/Document-Portal/index.php(38): CodeIgniter\CodeIgniter->run()
#6 {main}
CRITICAL - 2022-06-13 11:48:17 --> syntax error, unexpected single-quoted string "H:m:s", expecting ")"
#0 /var/www/html/Document-Portal/system/Router/Router.php(169): CodeIgniter\Router\Router->autoRoute()
#1 /var/www/html/Document-Portal/system/CodeIgniter.php(810): CodeIgniter\Router\Router->handle()
#2 /var/www/html/Document-Portal/system/CodeIgniter.php(390): CodeIgniter\CodeIgniter->tryToRouteIt()
#3 /var/www/html/Document-Portal/system/CodeIgniter.php(337): CodeIgniter\CodeIgniter->handleRequest()
#4 /var/www/html/Document-Portal/index.php(38): CodeIgniter\CodeIgniter->run()
#5 {main}
CRITICAL - 2022-06-13 11:48:44 --> syntax error, unexpected single-quoted string "H:m:s", expecting ")"
#0 /var/www/html/Document-Portal/system/Router/Router.php(169): CodeIgniter\Router\Router->autoRoute()
#1 /var/www/html/Document-Portal/system/CodeIgniter.php(810): CodeIgniter\Router\Router->handle()
#2 /var/www/html/Document-Portal/system/CodeIgniter.php(390): CodeIgniter\CodeIgniter->tryToRouteIt()
#3 /var/www/html/Document-Portal/system/CodeIgniter.php(337): CodeIgniter\CodeIgniter->handleRequest()
#4 /var/www/html/Document-Portal/index.php(38): CodeIgniter\CodeIgniter->run()
#5 {main}
CRITICAL - 2022-06-13 12:56:08 --> SubAdmin filter must have a matching alias defined.
#0 /var/www/html/Document-Portal/system/Filters/Filters.php(373): CodeIgniter\Filters\Exceptions\FilterException::forNoAlias()
#1 /var/www/html/Document-Portal/system/CodeIgniter.php(399): CodeIgniter\Filters\Filters->enableFilter()
#2 /var/www/html/Document-Portal/system/CodeIgniter.php(337): CodeIgniter\CodeIgniter->handleRequest()
#3 /var/www/html/Document-Portal/index.php(38): CodeIgniter\CodeIgniter->run()
#4 {main}
CRITICAL - 2022-06-13 12:56:13 --> SubAdmin filter must have a matching alias defined.
#0 /var/www/html/Document-Portal/system/Filters/Filters.php(373): CodeIgniter\Filters\Exceptions\FilterException::forNoAlias()
#1 /var/www/html/Document-Portal/system/CodeIgniter.php(399): CodeIgniter\Filters\Filters->enableFilter()
#2 /var/www/html/Document-Portal/system/CodeIgniter.php(337): CodeIgniter\CodeIgniter->handleRequest()
#3 /var/www/html/Document-Portal/index.php(38): CodeIgniter\CodeIgniter->run()
#4 {main}
CRITICAL - 2022-06-13 12:56:54 --> SubAdmin filter must have a matching alias defined.
#0 /var/www/html/Document-Portal/system/Filters/Filters.php(373): CodeIgniter\Filters\Exceptions\FilterException::forNoAlias()
#1 /var/www/html/Document-Portal/system/CodeIgniter.php(399): CodeIgniter\Filters\Filters->enableFilter()
#2 /var/www/html/Document-Portal/system/CodeIgniter.php(337): CodeIgniter\CodeIgniter->handleRequest()
#3 /var/www/html/Document-Portal/index.php(38): CodeIgniter\CodeIgniter->run()
#4 {main}
CRITICAL - 2022-06-13 12:59:18 --> SubAdmin filter must have a matching alias defined.
#0 /var/www/html/Document-Portal/system/Filters/Filters.php(373): CodeIgniter\Filters\Exceptions\FilterException::forNoAlias()
#1 /var/www/html/Document-Portal/system/CodeIgniter.php(399): CodeIgniter\Filters\Filters->enableFilter()
#2 /var/www/html/Document-Portal/system/CodeIgniter.php(337): CodeIgniter\CodeIgniter->handleRequest()
#3 /var/www/html/Document-Portal/index.php(38): CodeIgniter\CodeIgniter->run()
#4 {main}
CRITICAL - 2022-06-13 13:09:15 --> Undefined variable $_SESSION
#0 /var/www/html/Document-Portal/app/Filters/Auth.php(15): CodeIgniter\Debug\Exceptions->errorHandler()
#1 /var/www/html/Document-Portal/system/Filters/Filters.php(181): App\Filters\Auth->before()
#2 /var/www/html/Document-Portal/system/CodeIgniter.php(408): CodeIgniter\Filters\Filters->run()
#3 /var/www/html/Document-Portal/system/CodeIgniter.php(337): CodeIgniter\CodeIgniter->handleRequest()
#4 /var/www/html/Document-Portal/index.php(38): CodeIgniter\CodeIgniter->run()
#5 {main}
CRITICAL - 2022-06-13 13:48:33 --> Undefined variable $_SESSION
#0 /var/www/html/Document-Portal/app/Filters/Auth.php(15): CodeIgniter\Debug\Exceptions->errorHandler()
#1 /var/www/html/Document-Portal/system/Filters/Filters.php(181): App\Filters\Auth->before()
#2 /var/www/html/Document-Portal/system/CodeIgniter.php(408): CodeIgniter\Filters\Filters->run()
#3 /var/www/html/Document-Portal/system/CodeIgniter.php(337): CodeIgniter\CodeIgniter->handleRequest()
#4 /var/www/html/Document-Portal/index.php(38): CodeIgniter\CodeIgniter->run()
#5 {main}
CRITICAL - 2022-06-13 13:48:52 --> Undefined variable $_SESSION
#0 /var/www/html/Document-Portal/app/Filters/Auth.php(15): CodeIgniter\Debug\Exceptions->errorHandler()
#1 /var/www/html/Document-Portal/system/Filters/Filters.php(181): App\Filters\Auth->before()
#2 /var/www/html/Document-Portal/system/CodeIgniter.php(408): CodeIgniter\Filters\Filters->run()
#3 /var/www/html/Document-Portal/system/CodeIgniter.php(337): CodeIgniter\CodeIgniter->handleRequest()
#4 /var/www/html/Document-Portal/index.php(38): CodeIgniter\CodeIgniter->run()
#5 {main}
CRITICAL - 2022-06-13 13:56:52 --> SubAdmin filter must have a matching alias defined.
#0 /var/www/html/Document-Portal/system/Filters/Filters.php(373): CodeIgniter\Filters\Exceptions\FilterException::forNoAlias()
#1 /var/www/html/Document-Portal/system/CodeIgniter.php(399): CodeIgniter\Filters\Filters->enableFilter()
#2 /var/www/html/Document-Portal/system/CodeIgniter.php(337): CodeIgniter\CodeIgniter->handleRequest()
#3 /var/www/html/Document-Portal/index.php(38): CodeIgniter\CodeIgniter->run()
#4 {main}
CRITICAL - 2022-06-13 13:57:02 --> SubAdmin filter must have a matching alias defined.
#0 /var/www/html/Document-Portal/system/Filters/Filters.php(373): CodeIgniter\Filters\Exceptions\FilterException::forNoAlias()
#1 /var/www/html/Document-Portal/system/CodeIgniter.php(399): CodeIgniter\Filters\Filters->enableFilter()
#2 /var/www/html/Document-Portal/system/CodeIgniter.php(337): CodeIgniter\CodeIgniter->handleRequest()
#3 /var/www/html/Document-Portal/index.php(38): CodeIgniter\CodeIgniter->run()
#4 {main}
CRITICAL - 2022-06-13 13:57:26 --> SubAdmin filter must have a matching alias defined.
#0 /var/www/html/Document-Portal/system/Filters/Filters.php(373): CodeIgniter\Filters\Exceptions\FilterException::forNoAlias()
#1 /var/www/html/Document-Portal/system/CodeIgniter.php(399): CodeIgniter\Filters\Filters->enableFilter()
#2 /var/www/html/Document-Portal/system/CodeIgniter.php(337): CodeIgniter\CodeIgniter->handleRequest()
#3 /var/www/html/Document-Portal/index.php(38): CodeIgniter\CodeIgniter->run()
#4 {main}
CRITICAL - 2022-06-13 13:57:29 --> SubAdmin filter must have a matching alias defined.
#0 /var/www/html/Document-Portal/system/Filters/Filters.php(373): CodeIgniter\Filters\Exceptions\FilterException::forNoAlias()
#1 /var/www/html/Document-Portal/system/CodeIgniter.php(399): CodeIgniter\Filters\Filters->enableFilter()
#2 /var/www/html/Document-Portal/system/CodeIgniter.php(337): CodeIgniter\CodeIgniter->handleRequest()
#3 /var/www/html/Document-Portal/index.php(38): CodeIgniter\CodeIgniter->run()
#4 {main}
CRITICAL - 2022-06-13 14:03:02 --> Undefined constant "App\Controllers\redirect"
#0 /var/www/html/Document-Portal/system/CodeIgniter.php(929): App\Controllers\Dashboard->index()
#1 /var/www/html/Document-Portal/system/CodeIgniter.php(437): CodeIgniter\CodeIgniter->runController()
#2 /var/www/html/Document-Portal/system/CodeIgniter.php(337): CodeIgniter\CodeIgniter->handleRequest()
#3 /var/www/html/Document-Portal/index.php(38): CodeIgniter\CodeIgniter->run()
#4 {main}
CRITICAL - 2022-06-13 14:10:43 --> Undefined array key "user_type"
#0 /var/www/html/Document-Portal/app/Controllers/SubadminWorkflow.php(19): CodeIgniter\Debug\Exceptions->errorHandler()
#1 /var/www/html/Document-Portal/system/CodeIgniter.php(929): App\Controllers\SubadminWorkflow->index()
#2 /var/www/html/Document-Portal/system/CodeIgniter.php(437): CodeIgniter\CodeIgniter->runController()
#3 /var/www/html/Document-Portal/system/CodeIgniter.php(337): CodeIgniter\CodeIgniter->handleRequest()
#4 /var/www/html/Document-Portal/index.php(38): CodeIgniter\CodeIgniter->run()
#5 {main}
CRITICAL - 2022-06-13 14:10:51 --> Undefined array key "user_type"
#0 /var/www/html/Document-Portal/app/Controllers/SubadminWorkflow.php(19): CodeIgniter\Debug\Exceptions->errorHandler()
#1 /var/www/html/Document-Portal/system/CodeIgniter.php(929): App\Controllers\SubadminWorkflow->index()
#2 /var/www/html/Document-Portal/system/CodeIgniter.php(437): CodeIgniter\CodeIgniter->runController()
#3 /var/www/html/Document-Portal/system/CodeIgniter.php(337): CodeIgniter\CodeIgniter->handleRequest()
#4 /var/www/html/Document-Portal/index.php(38): CodeIgniter\CodeIgniter->run()
#5 {main}
CRITICAL - 2022-06-13 14:11:15 --> Undefined array key "user_type"
#0 /var/www/html/Document-Portal/app/Controllers/SubadminWorkflow.php(19): CodeIgniter\Debug\Exceptions->errorHandler()
#1 /var/www/html/Document-Portal/system/CodeIgniter.php(929): App\Controllers\SubadminWorkflow->index()
#2 /var/www/html/Document-Portal/system/CodeIgniter.php(437): CodeIgniter\CodeIgniter->runController()
#3 /var/www/html/Document-Portal/system/CodeIgniter.php(337): CodeIgniter\CodeIgniter->handleRequest()
#4 /var/www/html/Document-Portal/index.php(38): CodeIgniter\CodeIgniter->run()
#5 {main}
CRITICAL - 2022-06-13 14:11:53 --> Undefined array key "user_type"
#0 /var/www/html/Document-Portal/app/Controllers/SubadminWorkflow.php(19): CodeIgniter\Debug\Exceptions->errorHandler()
#1 /var/www/html/Document-Portal/system/CodeIgniter.php(929): App\Controllers\SubadminWorkflow->index()
#2 /var/www/html/Document-Portal/system/CodeIgniter.php(437): CodeIgniter\CodeIgniter->runController()
#3 /var/www/html/Document-Portal/system/CodeIgniter.php(337): CodeIgniter\CodeIgniter->handleRequest()
#4 /var/www/html/Document-Portal/index.php(38): CodeIgniter\CodeIgniter->run()
#5 {main}
CRITICAL - 2022-06-13 14:32:42 --> Undefined array key "user_type"
#0 /var/www/html/Document-Portal/app/Controllers/UserDashboard.php(13): CodeIgniter\Debug\Exceptions->errorHandler()
#1 /var/www/html/Document-Portal/system/CodeIgniter.php(929): App\Controllers\UserDashboard->index()
#2 /var/www/html/Document-Portal/system/CodeIgniter.php(437): CodeIgniter\CodeIgniter->runController()
#3 /var/www/html/Document-Portal/system/CodeIgniter.php(337): CodeIgniter\CodeIgniter->handleRequest()
#4 /var/www/html/Document-Portal/index.php(38): CodeIgniter\CodeIgniter->run()
#5 {main}
CRITICAL - 2022-06-13 14:34:29 --> auth11 filter must have a matching alias defined.
#0 /var/www/html/Document-Portal/system/Filters/Filters.php(373): CodeIgniter\Filters\Exceptions\FilterException::forNoAlias()
#1 /var/www/html/Document-Portal/system/CodeIgniter.php(399): CodeIgniter\Filters\Filters->enableFilter()
#2 /var/www/html/Document-Portal/system/CodeIgniter.php(337): CodeIgniter\CodeIgniter->handleRequest()
#3 /var/www/html/Document-Portal/index.php(38): CodeIgniter\CodeIgniter->run()
#4 {main}
CRITICAL - 2022-06-13 14:37:41 --> Cannot redeclare App\Filters\AdminAuth::after()
#0 [internal function]: CodeIgniter\Debug\Exceptions->shutdownHandler()
#1 {main}
CRITICAL - 2022-06-13 14:37:58 --> Declaration of App\Filters\AdminAuth::before(CodeIgniter\HTTP\RequestInterface $request, CodeIgniter\HTTP\ResponseInterface $response, $arguments = null) must be compatible with CodeIgniter\Filters\FilterInterface::before(CodeIgniter\HTTP\RequestInterface $request, $arguments = null)
#0 [internal function]: CodeIgniter\Debug\Exceptions->shutdownHandler()
#1 {main}
CRITICAL - 2022-06-13 14:52:07 --> AdminAuth filter must have a matching alias defined.
#0 /var/www/html/Document-Portal/system/Filters/Filters.php(373): CodeIgniter\Filters\Exceptions\FilterException::forNoAlias()
#1 /var/www/html/Document-Portal/system/CodeIgniter.php(399): CodeIgniter\Filters\Filters->enableFilter()
#2 /var/www/html/Document-Portal/system/CodeIgniter.php(337): CodeIgniter\CodeIgniter->handleRequest()
#3 /var/www/html/Document-Portal/index.php(38): CodeIgniter\CodeIgniter->run()
#4 {main}
CRITICAL - 2022-06-13 15:05:06 --> syntax error, unexpected token "public"
#0 /var/www/html/Document-Portal/system/Autoloader/Autoloader.php(273): CodeIgniter\Autoloader\Autoloader->includeFile()
#1 /var/www/html/Document-Portal/system/Autoloader/Autoloader.php(247): CodeIgniter\Autoloader\Autoloader->loadInNamespace()
#2 /var/www/html/Document-Portal/system/Filters/Filters.php(172): CodeIgniter\Autoloader\Autoloader->loadClass()
#3 /var/www/html/Document-Portal/system/CodeIgniter.php(408): CodeIgniter\Filters\Filters->run()
#4 /var/www/html/Document-Portal/system/CodeIgniter.php(337): CodeIgniter\CodeIgniter->handleRequest()
#5 /var/www/html/Document-Portal/index.php(38): CodeIgniter\CodeIgniter->run()
#6 {main}
CRITICAL - 2022-06-13 15:28:47 --> syntax error, unexpected token "public", expecting end of file
#0 /var/www/html/Document-Portal/system/Autoloader/Autoloader.php(273): CodeIgniter\Autoloader\Autoloader->includeFile()
#1 /var/www/html/Document-Portal/system/Autoloader/Autoloader.php(247): CodeIgniter\Autoloader\Autoloader->loadInNamespace()
#2 /var/www/html/Document-Portal/system/Filters/Filters.php(172): CodeIgniter\Autoloader\Autoloader->loadClass()
#3 /var/www/html/Document-Portal/system/CodeIgniter.php(408): CodeIgniter\Filters\Filters->run()
#4 /var/www/html/Document-Portal/system/CodeIgniter.php(337): CodeIgniter\CodeIgniter->handleRequest()
#5 /var/www/html/Document-Portal/index.php(38): CodeIgniter\CodeIgniter->run()
#6 {main}
CRITICAL - 2022-06-13 15:33:24 --> syntax error, unexpected token "public", expecting end of file
#0 /var/www/html/Document-Portal/system/Autoloader/Autoloader.php(273): CodeIgniter\Autoloader\Autoloader->includeFile()
#1 /var/www/html/Document-Portal/system/Autoloader/Autoloader.php(247): CodeIgniter\Autoloader\Autoloader->loadInNamespace()
#2 /var/www/html/Document-Portal/system/Filters/Filters.php(172): CodeIgniter\Autoloader\Autoloader->loadClass()
#3 /var/www/html/Document-Portal/system/CodeIgniter.php(408): CodeIgniter\Filters\Filters->run()
#4 /var/www/html/Document-Portal/system/CodeIgniter.php(337): CodeIgniter\CodeIgniter->handleRequest()
#5 /var/www/html/Document-Portal/index.php(38): CodeIgniter\CodeIgniter->run()
#6 {main}
CRITICAL - 2022-06-13 15:52:46 --> Object of class CodeIgniter\HTTP\IncomingRequest could not be converted to string
#0 /var/www/html/Document-Portal/system/Filters/Filters.php(181): App\Filters\AdminAuth->before()
#1 /var/www/html/Document-Portal/system/CodeIgniter.php(408): CodeIgniter\Filters\Filters->run()
#2 /var/www/html/Document-Portal/system/CodeIgniter.php(337): CodeIgniter\CodeIgniter->handleRequest()
#3 /var/www/html/Document-Portal/index.php(38): CodeIgniter\CodeIgniter->run()
#4 {main}
CRITICAL - 2022-06-13 15:53:14 --> Object of class CodeIgniter\HTTP\IncomingRequest could not be converted to string
#0 /var/www/html/Document-Portal/system/Filters/Filters.php(181): App\Filters\AdminAuth->before()
#1 /var/www/html/Document-Portal/system/CodeIgniter.php(408): CodeIgniter\Filters\Filters->run()
#2 /var/www/html/Document-Portal/system/CodeIgniter.php(337): CodeIgniter\CodeIgniter->handleRequest()
#3 /var/www/html/Document-Portal/index.php(38): CodeIgniter\CodeIgniter->run()
#4 {main}
CRITICAL - 2022-06-13 16:02:54 --> Undefined variable $_SESSION
#0 /var/www/html/Document-Portal/app/Filters/AdminAuth.php(13): CodeIgniter\Debug\Exceptions->errorHandler()
#1 /var/www/html/Document-Portal/system/Filters/Filters.php(181): App\Filters\AdminAuth->before()
#2 /var/www/html/Document-Portal/system/CodeIgniter.php(408): CodeIgniter\Filters\Filters->run()
#3 /var/www/html/Document-Portal/system/CodeIgniter.php(337): CodeIgniter\CodeIgniter->handleRequest()
#4 /var/www/html/Document-Portal/index.php(38): CodeIgniter\CodeIgniter->run()
#5 {main}
CRITICAL - 2022-06-13 16:03:00 --> Undefined variable $_SESSION
#0 /var/www/html/Document-Portal/app/Filters/AdminAuth.php(13): CodeIgniter\Debug\Exceptions->errorHandler()
#1 /var/www/html/Document-Portal/system/Filters/Filters.php(181): App\Filters\AdminAuth->before()
#2 /var/www/html/Document-Portal/system/CodeIgniter.php(408): CodeIgniter\Filters\Filters->run()
#3 /var/www/html/Document-Portal/system/CodeIgniter.php(337): CodeIgniter\CodeIgniter->handleRequest()
#4 /var/www/html/Document-Portal/index.php(38): CodeIgniter\CodeIgniter->run()
#5 {main}
CRITICAL - 2022-06-13 16:03:00 --> Undefined variable $_SESSION
#0 /var/www/html/Document-Portal/app/Filters/AdminAuth.php(13): CodeIgniter\Debug\Exceptions->errorHandler()
#1 /var/www/html/Document-Portal/system/Filters/Filters.php(181): App\Filters\AdminAuth->before()
#2 /var/www/html/Document-Portal/system/CodeIgniter.php(408): CodeIgniter\Filters\Filters->run()
#3 /var/www/html/Document-Portal/system/CodeIgniter.php(337): CodeIgniter\CodeIgniter->handleRequest()
#4 /var/www/html/Document-Portal/index.php(38): CodeIgniter\CodeIgniter->run()
#5 {main}
CRITICAL - 2022-06-13 16:03:01 --> Undefined variable $_SESSION
#0 /var/www/html/Document-Portal/app/Filters/AdminAuth.php(13): CodeIgniter\Debug\Exceptions->errorHandler()
#1 /var/www/html/Document-Portal/system/Filters/Filters.php(181): App\Filters\AdminAuth->before()
#2 /var/www/html/Document-Portal/system/CodeIgniter.php(408): CodeIgniter\Filters\Filters->run()
#3 /var/www/html/Document-Portal/system/CodeIgniter.php(337): CodeIgniter\CodeIgniter->handleRequest()
#4 /var/www/html/Document-Portal/index.php(38): CodeIgniter\CodeIgniter->run()
#5 {main}
CRITICAL - 2022-06-13 16:03:01 --> Undefined variable $_SESSION
#0 /var/www/html/Document-Portal/app/Filters/AdminAuth.php(13): CodeIgniter\Debug\Exceptions->errorHandler()
#1 /var/www/html/Document-Portal/system/Filters/Filters.php(181): App\Filters\AdminAuth->before()
#2 /var/www/html/Document-Portal/system/CodeIgniter.php(408): CodeIgniter\Filters\Filters->run()
#3 /var/www/html/Document-Portal/system/CodeIgniter.php(337): CodeIgniter\CodeIgniter->handleRequest()
#4 /var/www/html/Document-Portal/index.php(38): CodeIgniter\CodeIgniter->run()
#5 {main}
CRITICAL - 2022-06-13 16:03:01 --> Undefined variable $_SESSION
#0 /var/www/html/Document-Portal/app/Filters/AdminAuth.php(13): CodeIgniter\Debug\Exceptions->errorHandler()
#1 /var/www/html/Document-Portal/system/Filters/Filters.php(181): App\Filters\AdminAuth->before()
#2 /var/www/html/Document-Portal/system/CodeIgniter.php(408): CodeIgniter\Filters\Filters->run()
#3 /var/www/html/Document-Portal/system/CodeIgniter.php(337): CodeIgniter\CodeIgniter->handleRequest()
#4 /var/www/html/Document-Portal/index.php(38): CodeIgniter\CodeIgniter->run()
#5 {main}
CRITICAL - 2022-06-13 16:03:51 --> Undefined variable $_SESSION
#0 /var/www/html/Document-Portal/app/Filters/AdminAuth.php(13): CodeIgniter\Debug\Exceptions->errorHandler()
#1 /var/www/html/Document-Portal/system/Filters/Filters.php(181): App\Filters\AdminAuth->before()
#2 /var/www/html/Document-Portal/system/CodeIgniter.php(408): CodeIgniter\Filters\Filters->run()
#3 /var/www/html/Document-Portal/system/CodeIgniter.php(337): CodeIgniter\CodeIgniter->handleRequest()
#4 /var/www/html/Document-Portal/index.php(38): CodeIgniter\CodeIgniter->run()
#5 {main}
CRITICAL - 2022-06-13 16:23:45 --> Undefined array key "HTTP_REFERER"
#0 /var/www/html/Document-Portal/app/Controllers/Workflow.php(313): CodeIgniter\Debug\Exceptions->errorHandler()
#1 /var/www/html/Document-Portal/system/CodeIgniter.php(929): App\Controllers\Workflow->edit()
#2 /var/www/html/Document-Portal/system/CodeIgniter.php(437): CodeIgniter\CodeIgniter->runController()
#3 /var/www/html/Document-Portal/system/CodeIgniter.php(337): CodeIgniter\CodeIgniter->handleRequest()
#4 /var/www/html/Document-Portal/index.php(38): CodeIgniter\CodeIgniter->run()
#5 {main}
CRITICAL - 2022-06-13 16:38:28 --> Undefined variable $_SESSION
#0 /var/www/html/Document-Portal/app/Filters/Auth.php(13): CodeIgniter\Debug\Exceptions->errorHandler()
#1 /var/www/html/Document-Portal/system/Filters/Filters.php(181): App\Filters\Auth->before()
#2 /var/www/html/Document-Portal/system/CodeIgniter.php(408): CodeIgniter\Filters\Filters->run()
#3 /var/www/html/Document-Portal/system/CodeIgniter.php(337): CodeIgniter\CodeIgniter->handleRequest()
#4 /var/www/html/Document-Portal/index.php(38): CodeIgniter\CodeIgniter->run()
#5 {main}
CRITICAL - 2022-06-13 16:40:34 --> syntax error, unexpected token "public"
#0 /var/www/html/Document-Portal/system/Autoloader/Autoloader.php(273): CodeIgniter\Autoloader\Autoloader->includeFile()
#1 /var/www/html/Document-Portal/system/Autoloader/Autoloader.php(247): CodeIgniter\Autoloader\Autoloader->loadInNamespace()
#2 /var/www/html/Document-Portal/system/Filters/Filters.php(172): CodeIgniter\Autoloader\Autoloader->loadClass()
#3 /var/www/html/Document-Portal/system/CodeIgniter.php(408): CodeIgniter\Filters\Filters->run()
#4 /var/www/html/Document-Portal/system/CodeIgniter.php(337): CodeIgniter\CodeIgniter->handleRequest()
#5 /var/www/html/Document-Portal/index.php(38): CodeIgniter\CodeIgniter->run()
#6 {main}
CRITICAL - 2022-06-13 16:41:49 --> Undefined variable $_SESSION
#0 /var/www/html/Document-Portal/app/Config/Routes.php(43): CodeIgniter\Debug\Exceptions->errorHandler()
#1 /var/www/html/Document-Portal/system/CodeIgniter.php(797): require('...')
#2 /var/www/html/Document-Portal/system/CodeIgniter.php(390): CodeIgniter\CodeIgniter->tryToRouteIt()
#3 /var/www/html/Document-Portal/system/CodeIgniter.php(337): CodeIgniter\CodeIgniter->handleRequest()
#4 /var/www/html/Document-Portal/index.php(38): CodeIgniter\CodeIgniter->run()
#5 {main}
CRITICAL - 2022-06-13 16:41:51 --> Undefined variable $_SESSION
#0 /var/www/html/Document-Portal/app/Config/Routes.php(43): CodeIgniter\Debug\Exceptions->errorHandler()
#1 /var/www/html/Document-Portal/system/CodeIgniter.php(797): require('...')
#2 /var/www/html/Document-Portal/system/CodeIgniter.php(390): CodeIgniter\CodeIgniter->tryToRouteIt()
#3 /var/www/html/Document-Portal/system/CodeIgniter.php(337): CodeIgniter\CodeIgniter->handleRequest()
#4 /var/www/html/Document-Portal/index.php(38): CodeIgniter\CodeIgniter->run()
#5 {main}
CRITICAL - 2022-06-13 16:41:55 --> Undefined variable $_SESSION
#0 /var/www/html/Document-Portal/app/Config/Routes.php(43): CodeIgniter\Debug\Exceptions->errorHandler()
#1 /var/www/html/Document-Portal/system/CodeIgniter.php(797): require('...')
#2 /var/www/html/Document-Portal/system/CodeIgniter.php(390): CodeIgniter\CodeIgniter->tryToRouteIt()
#3 /var/www/html/Document-Portal/system/CodeIgniter.php(337): CodeIgniter\CodeIgniter->handleRequest()
#4 /var/www/html/Document-Portal/index.php(38): CodeIgniter\CodeIgniter->run()
#5 {main}
CRITICAL - 2022-06-13 16:42:22 --> Undefined variable $_SESSION
#0 /var/www/html/Document-Portal/app/Config/Routes.php(43): CodeIgniter\Debug\Exceptions->errorHandler()
#1 /var/www/html/Document-Portal/system/CodeIgniter.php(797): require('...')
#2 /var/www/html/Document-Portal/system/CodeIgniter.php(390): CodeIgniter\CodeIgniter->tryToRouteIt()
#3 /var/www/html/Document-Portal/system/CodeIgniter.php(337): CodeIgniter\CodeIgniter->handleRequest()
#4 /var/www/html/Document-Portal/index.php(38): CodeIgniter\CodeIgniter->run()
#5 {main}
CRITICAL - 2022-06-13 16:44:00 --> Undefined variable $_SESSION
#0 /var/www/html/Document-Portal/app/Filters/Auth.php(13): CodeIgniter\Debug\Exceptions->errorHandler()
#1 /var/www/html/Document-Portal/system/Filters/Filters.php(181): App\Filters\Auth->before()
#2 /var/www/html/Document-Portal/system/CodeIgniter.php(408): CodeIgniter\Filters\Filters->run()
#3 /var/www/html/Document-Portal/system/CodeIgniter.php(337): CodeIgniter\CodeIgniter->handleRequest()
#4 /var/www/html/Document-Portal/index.php(38): CodeIgniter\CodeIgniter->run()
#5 {main}
