ERROR - 2022-06-14 09:26:47 --> Expression #1 of SELECT list is not in GROUP BY clause and contains nonaggregated column 'hseqssco_document.Users.id' which is not functionally dependent on columns in GROUP BY clause; this is incompatible with sql_mode=only_full_group_by
CRITICAL - 2022-06-14 09:26:47 --> Call to a member function getResult() on bool
#0 /var/www/html/Document-Portal/system/BaseModel.php(603): CodeIgniter\Model->doFindAll()
#1 /var/www/html/Document-Portal/app/Models/UsersModel.php(58): CodeIgniter\BaseModel->findAll()
#2 /var/www/html/Document-Portal/app/Controllers/Users.php(195): App\Models\UsersModel->make_datatables()
#3 /var/www/html/Document-Portal/system/CodeIgniter.php(929): App\Controllers\Users->fetch_users()
#4 /var/www/html/Document-Portal/system/CodeIgniter.php(437): CodeIgniter\CodeIgniter->runController()
#5 /var/www/html/Document-Portal/system/CodeIgniter.php(337): CodeIgniter\CodeIgniter->handleRequest()
#6 /var/www/html/Document-Portal/index.php(38): CodeIgniter\CodeIgniter->run()
#7 {main}
ERROR - 2022-06-14 09:26:51 --> Expression #1 of SELECT list is not in GROUP BY clause and contains nonaggregated column 'hseqssco_document.Users.id' which is not functionally dependent on columns in GROUP BY clause; this is incompatible with sql_mode=only_full_group_by
CRITICAL - 2022-06-14 09:26:51 --> Call to a member function getResult() on bool
#0 /var/www/html/Document-Portal/system/BaseModel.php(603): CodeIgniter\Model->doFindAll()
#1 /var/www/html/Document-Portal/app/Models/UsersModel.php(58): CodeIgniter\BaseModel->findAll()
#2 /var/www/html/Document-Portal/app/Controllers/Users.php(195): App\Models\UsersModel->make_datatables()
#3 /var/www/html/Document-Portal/system/CodeIgniter.php(929): App\Controllers\Users->fetch_users()
#4 /var/www/html/Document-Portal/system/CodeIgniter.php(437): CodeIgniter\CodeIgniter->runController()
#5 /var/www/html/Document-Portal/system/CodeIgniter.php(337): CodeIgniter\CodeIgniter->handleRequest()
#6 /var/www/html/Document-Portal/index.php(38): CodeIgniter\CodeIgniter->run()
#7 {main}
CRITICAL - 2022-06-14 09:49:00 --> Call to undefined function strtouper()
#0 /var/www/html/Document-Portal/system/View/View.php(230): include()
#1 /var/www/html/Document-Portal/system/View/View.php(232): CodeIgniter\View\View->CodeIgniter\View\{closure}()
#2 /var/www/html/Document-Portal/system/Common.php(1271): CodeIgniter\View\View->render()
#3 /var/www/html/Document-Portal/app/Controllers/BaseController.php(95): view()
#4 /var/www/html/Document-Portal/app/Controllers/UserDashboard.php(30): App\Controllers\BaseController->render_user_template()
#5 /var/www/html/Document-Portal/system/CodeIgniter.php(929): App\Controllers\UserDashboard->index()
#6 /var/www/html/Document-Portal/system/CodeIgniter.php(437): CodeIgniter\CodeIgniter->runController()
#7 /var/www/html/Document-Portal/system/CodeIgniter.php(337): CodeIgniter\CodeIgniter->handleRequest()
#8 /var/www/html/Document-Portal/index.php(38): CodeIgniter\CodeIgniter->run()
#9 {main}
CRITICAL - 2022-06-14 09:49:27 --> Undefined constant "Companies"
#0 /var/www/html/Document-Portal/system/View/View.php(230): include()
#1 /var/www/html/Document-Portal/system/View/View.php(232): CodeIgniter\View\View->CodeIgniter\View\{closure}()
#2 /var/www/html/Document-Portal/system/Common.php(1271): CodeIgniter\View\View->render()
#3 /var/www/html/Document-Portal/app/Controllers/BaseController.php(95): view()
#4 /var/www/html/Document-Portal/app/Controllers/UserDashboard.php(30): App\Controllers\BaseController->render_user_template()
#5 /var/www/html/Document-Portal/system/CodeIgniter.php(929): App\Controllers\UserDashboard->index()
#6 /var/www/html/Document-Portal/system/CodeIgniter.php(437): CodeIgniter\CodeIgniter->runController()
#7 /var/www/html/Document-Portal/system/CodeIgniter.php(337): CodeIgniter\CodeIgniter->handleRequest()
#8 /var/www/html/Document-Portal/index.php(38): CodeIgniter\CodeIgniter->run()
#9 {main}
CRITICAL - 2022-06-14 09:49:33 --> Undefined constant "Companies"
#0 /var/www/html/Document-Portal/system/View/View.php(230): include()
#1 /var/www/html/Document-Portal/system/View/View.php(232): CodeIgniter\View\View->CodeIgniter\View\{closure}()
#2 /var/www/html/Document-Portal/system/Common.php(1271): CodeIgniter\View\View->render()
#3 /var/www/html/Document-Portal/app/Controllers/BaseController.php(95): view()
#4 /var/www/html/Document-Portal/app/Controllers/UserDashboard.php(30): App\Controllers\BaseController->render_user_template()
#5 /var/www/html/Document-Portal/system/CodeIgniter.php(929): App\Controllers\UserDashboard->index()
#6 /var/www/html/Document-Portal/system/CodeIgniter.php(437): CodeIgniter\CodeIgniter->runController()
#7 /var/www/html/Document-Portal/system/CodeIgniter.php(337): CodeIgniter\CodeIgniter->handleRequest()
#8 /var/www/html/Document-Portal/index.php(38): CodeIgniter\CodeIgniter->run()
#9 {main}
CRITICAL - 2022-06-14 09:49:39 --> Undefined constant "Companies"
#0 /var/www/html/Document-Portal/system/View/View.php(230): include()
#1 /var/www/html/Document-Portal/system/View/View.php(232): CodeIgniter\View\View->CodeIgniter\View\{closure}()
#2 /var/www/html/Document-Portal/system/Common.php(1271): CodeIgniter\View\View->render()
#3 /var/www/html/Document-Portal/app/Controllers/BaseController.php(95): view()
#4 /var/www/html/Document-Portal/app/Controllers/UserDashboard.php(30): App\Controllers\BaseController->render_user_template()
#5 /var/www/html/Document-Portal/system/CodeIgniter.php(929): App\Controllers\UserDashboard->index()
#6 /var/www/html/Document-Portal/system/CodeIgniter.php(437): CodeIgniter\CodeIgniter->runController()
#7 /var/www/html/Document-Portal/system/CodeIgniter.php(337): CodeIgniter\CodeIgniter->handleRequest()
#8 /var/www/html/Document-Portal/index.php(38): CodeIgniter\CodeIgniter->run()
#9 {main}
ERROR - 2022-06-14 09:57:15 --> Unknown column 'user_id' in 'where clause'
CRITICAL - 2022-06-14 09:57:15 --> Call to a member function getResult() on bool
#0 /var/www/html/Document-Portal/system/BaseModel.php(603): CodeIgniter\Model->doFindAll()
#1 /var/www/html/Document-Portal/app/Controllers/UserDashboard.php(33): CodeIgniter\BaseModel->findAll()
#2 /var/www/html/Document-Portal/system/CodeIgniter.php(929): App\Controllers\UserDashboard->index()
#3 /var/www/html/Document-Portal/system/CodeIgniter.php(437): CodeIgniter\CodeIgniter->runController()
#4 /var/www/html/Document-Portal/system/CodeIgniter.php(337): CodeIgniter\CodeIgniter->handleRequest()
#5 /var/www/html/Document-Portal/index.php(38): CodeIgniter\CodeIgniter->run()
#6 {main}
ERROR - 2022-06-14 09:57:42 --> Unknown column 'user_id' in 'where clause'
CRITICAL - 2022-06-14 09:57:42 --> Call to a member function getResult() on bool
#0 /var/www/html/Document-Portal/system/BaseModel.php(603): CodeIgniter\Model->doFindAll()
#1 /var/www/html/Document-Portal/app/Controllers/UserDashboard.php(33): CodeIgniter\BaseModel->findAll()
#2 /var/www/html/Document-Portal/system/CodeIgniter.php(929): App\Controllers\UserDashboard->index()
#3 /var/www/html/Document-Portal/system/CodeIgniter.php(437): CodeIgniter\CodeIgniter->runController()
#4 /var/www/html/Document-Portal/system/CodeIgniter.php(337): CodeIgniter\CodeIgniter->handleRequest()
#5 /var/www/html/Document-Portal/index.php(38): CodeIgniter\CodeIgniter->run()
#6 {main}
ERROR - 2022-06-14 09:58:12 --> Unknown column 'user_id' in 'where clause'
CRITICAL - 2022-06-14 09:58:12 --> Call to a member function getResult() on bool
#0 /var/www/html/Document-Portal/system/BaseModel.php(603): CodeIgniter\Model->doFindAll()
#1 /var/www/html/Document-Portal/app/Controllers/UserDashboard.php(33): CodeIgniter\BaseModel->findAll()
#2 /var/www/html/Document-Portal/system/CodeIgniter.php(929): App\Controllers\UserDashboard->index()
#3 /var/www/html/Document-Portal/system/CodeIgniter.php(437): CodeIgniter\CodeIgniter->runController()
#4 /var/www/html/Document-Portal/system/CodeIgniter.php(337): CodeIgniter\CodeIgniter->handleRequest()
#5 /var/www/html/Document-Portal/index.php(38): CodeIgniter\CodeIgniter->run()
#6 {main}
ERROR - 2022-06-14 09:58:14 --> Unknown column 'user_id' in 'where clause'
CRITICAL - 2022-06-14 09:58:14 --> Call to a member function getResult() on bool
#0 /var/www/html/Document-Portal/system/BaseModel.php(603): CodeIgniter\Model->doFindAll()
#1 /var/www/html/Document-Portal/app/Controllers/UserDashboard.php(33): CodeIgniter\BaseModel->findAll()
#2 /var/www/html/Document-Portal/system/CodeIgniter.php(929): App\Controllers\UserDashboard->index()
#3 /var/www/html/Document-Portal/system/CodeIgniter.php(437): CodeIgniter\CodeIgniter->runController()
#4 /var/www/html/Document-Portal/system/CodeIgniter.php(337): CodeIgniter\CodeIgniter->handleRequest()
#5 /var/www/html/Document-Portal/index.php(38): CodeIgniter\CodeIgniter->run()
#6 {main}
ERROR - 2022-06-14 09:58:36 --> Unknown column 'user_id' in 'where clause'
CRITICAL - 2022-06-14 09:58:36 --> Call to a member function getFirstRow() on bool
#0 /var/www/html/Document-Portal/system/BaseModel.php(644): CodeIgniter\Model->doFirst()
#1 /var/www/html/Document-Portal/app/Controllers/UserDashboard.php(33): CodeIgniter\BaseModel->first()
#2 /var/www/html/Document-Portal/system/CodeIgniter.php(929): App\Controllers\UserDashboard->index()
#3 /var/www/html/Document-Portal/system/CodeIgniter.php(437): CodeIgniter\CodeIgniter->runController()
#4 /var/www/html/Document-Portal/system/CodeIgniter.php(337): CodeIgniter\CodeIgniter->handleRequest()
#5 /var/www/html/Document-Portal/index.php(38): CodeIgniter\CodeIgniter->run()
#6 {main}
ERROR - 2022-06-14 09:59:47 --> Unknown column 'user_id' in 'where clause'
CRITICAL - 2022-06-14 09:59:47 --> Call to a member function getResult() on bool
#0 /var/www/html/Document-Portal/system/BaseModel.php(603): CodeIgniter\Model->doFindAll()
#1 /var/www/html/Document-Portal/app/Controllers/UserDashboard.php(34): CodeIgniter\BaseModel->findAll()
#2 /var/www/html/Document-Portal/system/CodeIgniter.php(929): App\Controllers\UserDashboard->index()
#3 /var/www/html/Document-Portal/system/CodeIgniter.php(437): CodeIgniter\CodeIgniter->runController()
#4 /var/www/html/Document-Portal/system/CodeIgniter.php(337): CodeIgniter\CodeIgniter->handleRequest()
#5 /var/www/html/Document-Portal/index.php(38): CodeIgniter\CodeIgniter->run()
#6 {main}
ERROR - 2022-06-14 09:59:49 --> Unknown column 'user_id' in 'where clause'
CRITICAL - 2022-06-14 09:59:49 --> Call to a member function getResult() on bool
#0 /var/www/html/Document-Portal/system/BaseModel.php(603): CodeIgniter\Model->doFindAll()
#1 /var/www/html/Document-Portal/app/Controllers/UserDashboard.php(34): CodeIgniter\BaseModel->findAll()
#2 /var/www/html/Document-Portal/system/CodeIgniter.php(929): App\Controllers\UserDashboard->index()
#3 /var/www/html/Document-Portal/system/CodeIgniter.php(437): CodeIgniter\CodeIgniter->runController()
#4 /var/www/html/Document-Portal/system/CodeIgniter.php(337): CodeIgniter\CodeIgniter->handleRequest()
#5 /var/www/html/Document-Portal/index.php(38): CodeIgniter\CodeIgniter->run()
#6 {main}
ERROR - 2022-06-14 09:59:52 --> Unknown column 'user_id' in 'where clause'
CRITICAL - 2022-06-14 09:59:52 --> Call to a member function getResult() on bool
#0 /var/www/html/Document-Portal/system/BaseModel.php(603): CodeIgniter\Model->doFindAll()
#1 /var/www/html/Document-Portal/app/Controllers/UserDashboard.php(34): CodeIgniter\BaseModel->findAll()
#2 /var/www/html/Document-Portal/system/CodeIgniter.php(929): App\Controllers\UserDashboard->index()
#3 /var/www/html/Document-Portal/system/CodeIgniter.php(437): CodeIgniter\CodeIgniter->runController()
#4 /var/www/html/Document-Portal/system/CodeIgniter.php(337): CodeIgniter\CodeIgniter->handleRequest()
#5 /var/www/html/Document-Portal/index.php(38): CodeIgniter\CodeIgniter->run()
#6 {main}
ERROR - 2022-06-14 10:01:57 --> Unknown column 'company_id' in 'field list'
CRITICAL - 2022-06-14 10:01:57 --> Call to a member function getResultArray() on bool
#0 /var/www/html/Document-Portal/system/CodeIgniter.php(929): App\Controllers\UserDashboard->index()
#1 /var/www/html/Document-Portal/system/CodeIgniter.php(437): CodeIgniter\CodeIgniter->runController()
#2 /var/www/html/Document-Portal/system/CodeIgniter.php(337): CodeIgniter\CodeIgniter->handleRequest()
#3 /var/www/html/Document-Portal/index.php(38): CodeIgniter\CodeIgniter->run()
#4 {main}
ERROR - 2022-06-14 10:02:27 --> Unknown column 'company_id' in 'field list'
CRITICAL - 2022-06-14 10:02:27 --> Call to a member function getResultArray() on bool
#0 /var/www/html/Document-Portal/system/CodeIgniter.php(929): App\Controllers\UserDashboard->index()
#1 /var/www/html/Document-Portal/system/CodeIgniter.php(437): CodeIgniter\CodeIgniter->runController()
#2 /var/www/html/Document-Portal/system/CodeIgniter.php(337): CodeIgniter\CodeIgniter->handleRequest()
#3 /var/www/html/Document-Portal/index.php(38): CodeIgniter\CodeIgniter->run()
#4 {main}
