ERROR - 2022-05-27 09:30:15 --> Error connecting to the database: Access denied for user '****'@'localhost' (using password: YES)
CRITICAL - 2022-05-27 09:30:15 --> Unable to connect to the database.
Main connection [MySQLi]: Access denied for user '****'@'localhost' (using password: YES)
#0 /var/www/html/Document-Portal/system/Database/BaseConnection.php(625): CodeIgniter\Database\BaseConnection->initialize()
#1 /var/www/html/Document-Portal/app/Models/AuthModel.php(29): CodeIgniter\Database\BaseConnection->query()
#2 /var/www/html/Document-Portal/app/Controllers/BaseController.php(72): App\Models\AuthModel->get_single_record()
#3 /var/www/html/Document-Portal/app/Controllers/Dashboard.php(12): App\Controllers\BaseController->render_template()
#4 /var/www/html/Document-Portal/system/CodeIgniter.php(929): App\Controllers\Dashboard->index()
#5 /var/www/html/Document-Portal/system/CodeIgniter.php(437): CodeIgniter\CodeIgniter->runController()
#6 /var/www/html/Document-Portal/system/CodeIgniter.php(337): CodeIgniter\CodeIgniter->handleRequest()
#7 /var/www/html/Document-Portal/index.php(38): CodeIgniter\CodeIgniter->run()
#8 {main}
ERROR - 2022-05-27 09:44:08 --> Error connecting to the database: Access denied for user '****'@'localhost' (using password: YES)
CRITICAL - 2022-05-27 09:44:08 --> Unable to connect to the database.
Main connection [MySQLi]: Access denied for user '****'@'localhost' (using password: YES)
#0 /var/www/html/Document-Portal/system/Database/BaseConnection.php(625): CodeIgniter\Database\BaseConnection->initialize()
#1 /var/www/html/Document-Portal/app/Models/AuthModel.php(29): CodeIgniter\Database\BaseConnection->query()
#2 /var/www/html/Document-Portal/app/Controllers/BaseController.php(72): App\Models\AuthModel->get_single_record()
#3 /var/www/html/Document-Portal/app/Controllers/Dashboard.php(12): App\Controllers\BaseController->render_template()
#4 /var/www/html/Document-Portal/system/CodeIgniter.php(929): App\Controllers\Dashboard->index()
#5 /var/www/html/Document-Portal/system/CodeIgniter.php(437): CodeIgniter\CodeIgniter->runController()
#6 /var/www/html/Document-Portal/system/CodeIgniter.php(337): CodeIgniter\CodeIgniter->handleRequest()
#7 /var/www/html/Document-Portal/index.php(38): CodeIgniter\CodeIgniter->run()
#8 {main}
ERROR - 2022-05-27 09:44:19 --> Error connecting to the database: Access denied for user '****'@'localhost' (using password: YES)
CRITICAL - 2022-05-27 09:44:19 --> Unable to connect to the database.
Main connection [MySQLi]: Access denied for user '****'@'localhost' (using password: YES)
#0 /var/www/html/Document-Portal/system/Database/BaseConnection.php(625): CodeIgniter\Database\BaseConnection->initialize()
#1 /var/www/html/Document-Portal/app/Models/AuthModel.php(29): CodeIgniter\Database\BaseConnection->query()
#2 /var/www/html/Document-Portal/app/Controllers/BaseController.php(72): App\Models\AuthModel->get_single_record()
#3 /var/www/html/Document-Portal/app/Controllers/Dashboard.php(12): App\Controllers\BaseController->render_template()
#4 /var/www/html/Document-Portal/system/CodeIgniter.php(929): App\Controllers\Dashboard->index()
#5 /var/www/html/Document-Portal/system/CodeIgniter.php(437): CodeIgniter\CodeIgniter->runController()
#6 /var/www/html/Document-Portal/system/CodeIgniter.php(337): CodeIgniter\CodeIgniter->handleRequest()
#7 /var/www/html/Document-Portal/index.php(38): CodeIgniter\CodeIgniter->run()
#8 {main}
ERROR - 2022-05-27 09:44:20 --> Error connecting to the database: Access denied for user '****'@'localhost' (using password: YES)
CRITICAL - 2022-05-27 09:44:20 --> Unable to connect to the database.
Main connection [MySQLi]: Access denied for user '****'@'localhost' (using password: YES)
#0 /var/www/html/Document-Portal/system/Database/BaseConnection.php(625): CodeIgniter\Database\BaseConnection->initialize()
#1 /var/www/html/Document-Portal/app/Models/AuthModel.php(29): CodeIgniter\Database\BaseConnection->query()
#2 /var/www/html/Document-Portal/app/Controllers/BaseController.php(72): App\Models\AuthModel->get_single_record()
#3 /var/www/html/Document-Portal/app/Controllers/Dashboard.php(12): App\Controllers\BaseController->render_template()
#4 /var/www/html/Document-Portal/system/CodeIgniter.php(929): App\Controllers\Dashboard->index()
#5 /var/www/html/Document-Portal/system/CodeIgniter.php(437): CodeIgniter\CodeIgniter->runController()
#6 /var/www/html/Document-Portal/system/CodeIgniter.php(337): CodeIgniter\CodeIgniter->handleRequest()
#7 /var/www/html/Document-Portal/index.php(38): CodeIgniter\CodeIgniter->run()
#8 {main}
ERROR - 2022-05-27 09:44:37 --> Error connecting to the database: Access denied for user '****'@'localhost' (using password: YES)
CRITICAL - 2022-05-27 09:44:37 --> Unable to connect to the database.
Main connection [MySQLi]: Access denied for user '****'@'localhost' (using password: YES)
#0 /var/www/html/Document-Portal/system/Database/BaseConnection.php(625): CodeIgniter\Database\BaseConnection->initialize()
#1 /var/www/html/Document-Portal/app/Models/AuthModel.php(29): CodeIgniter\Database\BaseConnection->query()
#2 /var/www/html/Document-Portal/app/Controllers/BaseController.php(72): App\Models\AuthModel->get_single_record()
#3 /var/www/html/Document-Portal/app/Controllers/Dashboard.php(12): App\Controllers\BaseController->render_template()
#4 /var/www/html/Document-Portal/system/CodeIgniter.php(929): App\Controllers\Dashboard->index()
#5 /var/www/html/Document-Portal/system/CodeIgniter.php(437): CodeIgniter\CodeIgniter->runController()
#6 /var/www/html/Document-Portal/system/CodeIgniter.php(337): CodeIgniter\CodeIgniter->handleRequest()
#7 /var/www/html/Document-Portal/index.php(38): CodeIgniter\CodeIgniter->run()
#8 {main}
ERROR - 2022-05-27 09:47:23 --> Error connecting to the database: Access denied for user '****'@'localhost' (using password: YES)
CRITICAL - 2022-05-27 09:47:23 --> Unable to connect to the database.
Main connection [MySQLi]: Access denied for user '****'@'localhost' (using password: YES)
#0 /var/www/html/Document-Portal/system/Database/BaseConnection.php(625): CodeIgniter\Database\BaseConnection->initialize()
#1 /var/www/html/Document-Portal/app/Models/AuthModel.php(29): CodeIgniter\Database\BaseConnection->query()
#2 /var/www/html/Document-Portal/app/Controllers/BaseController.php(72): App\Models\AuthModel->get_single_record()
#3 /var/www/html/Document-Portal/app/Controllers/Dashboard.php(12): App\Controllers\BaseController->render_template()
#4 /var/www/html/Document-Portal/system/CodeIgniter.php(929): App\Controllers\Dashboard->index()
#5 /var/www/html/Document-Portal/system/CodeIgniter.php(437): CodeIgniter\CodeIgniter->runController()
#6 /var/www/html/Document-Portal/system/CodeIgniter.php(337): CodeIgniter\CodeIgniter->handleRequest()
#7 /var/www/html/Document-Portal/index.php(38): CodeIgniter\CodeIgniter->run()
#8 {main}
ERROR - 2022-05-27 09:47:27 --> Error connecting to the database: Access denied for user '****'@'localhost' (using password: YES)
CRITICAL - 2022-05-27 09:47:27 --> Unable to connect to the database.
Main connection [MySQLi]: Access denied for user '****'@'localhost' (using password: YES)
#0 /var/www/html/Document-Portal/system/Database/BaseConnection.php(625): CodeIgniter\Database\BaseConnection->initialize()
#1 /var/www/html/Document-Portal/app/Models/AuthModel.php(29): CodeIgniter\Database\BaseConnection->query()
#2 /var/www/html/Document-Portal/app/Controllers/BaseController.php(72): App\Models\AuthModel->get_single_record()
#3 /var/www/html/Document-Portal/app/Controllers/Dashboard.php(12): App\Controllers\BaseController->render_template()
#4 /var/www/html/Document-Portal/system/CodeIgniter.php(929): App\Controllers\Dashboard->index()
#5 /var/www/html/Document-Portal/system/CodeIgniter.php(437): CodeIgniter\CodeIgniter->runController()
#6 /var/www/html/Document-Portal/system/CodeIgniter.php(337): CodeIgniter\CodeIgniter->handleRequest()
#7 /var/www/html/Document-Portal/index.php(38): CodeIgniter\CodeIgniter->run()
#8 {main}
ERROR - 2022-05-27 09:48:01 --> Error connecting to the database: Access denied for user '****'@'localhost' (using password: YES)
CRITICAL - 2022-05-27 09:48:01 --> Unable to connect to the database.
Main connection [MySQLi]: Access denied for user '****'@'localhost' (using password: YES)
#0 /var/www/html/Document-Portal/system/Database/BaseConnection.php(625): CodeIgniter\Database\BaseConnection->initialize()
#1 /var/www/html/Document-Portal/app/Models/AuthModel.php(29): CodeIgniter\Database\BaseConnection->query()
#2 /var/www/html/Document-Portal/app/Controllers/BaseController.php(72): App\Models\AuthModel->get_single_record()
#3 /var/www/html/Document-Portal/app/Controllers/Dashboard.php(12): App\Controllers\BaseController->render_template()
#4 /var/www/html/Document-Portal/system/CodeIgniter.php(929): App\Controllers\Dashboard->index()
#5 /var/www/html/Document-Portal/system/CodeIgniter.php(437): CodeIgniter\CodeIgniter->runController()
#6 /var/www/html/Document-Portal/system/CodeIgniter.php(337): CodeIgniter\CodeIgniter->handleRequest()
#7 /var/www/html/Document-Portal/index.php(38): CodeIgniter\CodeIgniter->run()
#8 {main}
ERROR - 2022-05-27 09:48:29 --> Error connecting to the database: Access denied for user '****'@'localhost' (using password: YES)
CRITICAL - 2022-05-27 09:48:29 --> Unable to connect to the database.
Main connection [MySQLi]: Access denied for user '****'@'localhost' (using password: YES)
#0 /var/www/html/Document-Portal/system/Database/BaseConnection.php(625): CodeIgniter\Database\BaseConnection->initialize()
#1 /var/www/html/Document-Portal/app/Models/AuthModel.php(29): CodeIgniter\Database\BaseConnection->query()
#2 /var/www/html/Document-Portal/app/Controllers/BaseController.php(72): App\Models\AuthModel->get_single_record()
#3 /var/www/html/Document-Portal/app/Controllers/Dashboard.php(12): App\Controllers\BaseController->render_template()
#4 /var/www/html/Document-Portal/system/CodeIgniter.php(929): App\Controllers\Dashboard->index()
#5 /var/www/html/Document-Portal/system/CodeIgniter.php(437): CodeIgniter\CodeIgniter->runController()
#6 /var/www/html/Document-Portal/system/CodeIgniter.php(337): CodeIgniter\CodeIgniter->handleRequest()
#7 /var/www/html/Document-Portal/index.php(38): CodeIgniter\CodeIgniter->run()
#8 {main}
ERROR - 2022-05-27 09:48:41 --> Error connecting to the database: Access denied for user '****'@'localhost' (using password: YES)
CRITICAL - 2022-05-27 09:48:41 --> Unable to connect to the database.
Main connection [MySQLi]: Access denied for user '****'@'localhost' (using password: YES)
#0 /var/www/html/Document-Portal/system/Database/BaseConnection.php(625): CodeIgniter\Database\BaseConnection->initialize()
#1 /var/www/html/Document-Portal/app/Models/AuthModel.php(29): CodeIgniter\Database\BaseConnection->query()
#2 /var/www/html/Document-Portal/app/Controllers/BaseController.php(72): App\Models\AuthModel->get_single_record()
#3 /var/www/html/Document-Portal/app/Controllers/Dashboard.php(12): App\Controllers\BaseController->render_template()
#4 /var/www/html/Document-Portal/system/CodeIgniter.php(929): App\Controllers\Dashboard->index()
#5 /var/www/html/Document-Portal/system/CodeIgniter.php(437): CodeIgniter\CodeIgniter->runController()
#6 /var/www/html/Document-Portal/system/CodeIgniter.php(337): CodeIgniter\CodeIgniter->handleRequest()
#7 /var/www/html/Document-Portal/index.php(38): CodeIgniter\CodeIgniter->run()
#8 {main}
ERROR - 2022-05-27 09:49:04 --> Error connecting to the database: Access denied for user '****'@'localhost' (using password: YES)
CRITICAL - 2022-05-27 09:49:04 --> Unable to connect to the database.
Main connection [MySQLi]: Access denied for user '****'@'localhost' (using password: YES)
#0 /var/www/html/Document-Portal/system/Database/BaseConnection.php(625): CodeIgniter\Database\BaseConnection->initialize()
#1 /var/www/html/Document-Portal/app/Models/AuthModel.php(29): CodeIgniter\Database\BaseConnection->query()
#2 /var/www/html/Document-Portal/app/Controllers/BaseController.php(72): App\Models\AuthModel->get_single_record()
#3 /var/www/html/Document-Portal/app/Controllers/Dashboard.php(12): App\Controllers\BaseController->render_template()
#4 /var/www/html/Document-Portal/system/CodeIgniter.php(929): App\Controllers\Dashboard->index()
#5 /var/www/html/Document-Portal/system/CodeIgniter.php(437): CodeIgniter\CodeIgniter->runController()
#6 /var/www/html/Document-Portal/system/CodeIgniter.php(337): CodeIgniter\CodeIgniter->handleRequest()
#7 /var/www/html/Document-Portal/index.php(38): CodeIgniter\CodeIgniter->run()
#8 {main}
ERROR - 2022-05-27 09:50:15 --> Error connecting to the database: Access denied for user '****'@'localhost' (using password: YES)
CRITICAL - 2022-05-27 09:50:15 --> Unable to connect to the database.
Main connection [MySQLi]: Access denied for user '****'@'localhost' (using password: YES)
#0 /var/www/html/Document-Portal/system/Database/BaseConnection.php(625): CodeIgniter\Database\BaseConnection->initialize()
#1 /var/www/html/Document-Portal/app/Models/AuthModel.php(29): CodeIgniter\Database\BaseConnection->query()
#2 /var/www/html/Document-Portal/app/Controllers/BaseController.php(72): App\Models\AuthModel->get_single_record()
#3 /var/www/html/Document-Portal/app/Controllers/Dashboard.php(12): App\Controllers\BaseController->render_template()
#4 /var/www/html/Document-Portal/system/CodeIgniter.php(929): App\Controllers\Dashboard->index()
#5 /var/www/html/Document-Portal/system/CodeIgniter.php(437): CodeIgniter\CodeIgniter->runController()
#6 /var/www/html/Document-Portal/system/CodeIgniter.php(337): CodeIgniter\CodeIgniter->handleRequest()
#7 /var/www/html/Document-Portal/index.php(38): CodeIgniter\CodeIgniter->run()
#8 {main}
ERROR - 2022-05-27 09:50:27 --> Error connecting to the database: Access denied for user '****'@'localhost' (using password: YES)
CRITICAL - 2022-05-27 09:50:27 --> Unable to connect to the database.
Main connection [MySQLi]: Access denied for user '****'@'localhost' (using password: YES)
#0 /var/www/html/Document-Portal/system/Database/BaseConnection.php(625): CodeIgniter\Database\BaseConnection->initialize()
#1 /var/www/html/Document-Portal/app/Models/AuthModel.php(29): CodeIgniter\Database\BaseConnection->query()
#2 /var/www/html/Document-Portal/app/Controllers/BaseController.php(72): App\Models\AuthModel->get_single_record()
#3 /var/www/html/Document-Portal/app/Controllers/Dashboard.php(12): App\Controllers\BaseController->render_template()
#4 /var/www/html/Document-Portal/system/CodeIgniter.php(929): App\Controllers\Dashboard->index()
#5 /var/www/html/Document-Portal/system/CodeIgniter.php(437): CodeIgniter\CodeIgniter->runController()
#6 /var/www/html/Document-Portal/system/CodeIgniter.php(337): CodeIgniter\CodeIgniter->handleRequest()
#7 /var/www/html/Document-Portal/index.php(38): CodeIgniter\CodeIgniter->run()
#8 {main}
ERROR - 2022-05-27 09:50:52 --> Error connecting to the database: Access denied for user '****'@'localhost' (using password: YES)
CRITICAL - 2022-05-27 09:50:52 --> Unable to connect to the database.
Main connection [MySQLi]: Access denied for user '****'@'localhost' (using password: YES)
#0 /var/www/html/Document-Portal/system/Database/BaseConnection.php(625): CodeIgniter\Database\BaseConnection->initialize()
#1 /var/www/html/Document-Portal/app/Models/AuthModel.php(29): CodeIgniter\Database\BaseConnection->query()
#2 /var/www/html/Document-Portal/app/Controllers/BaseController.php(72): App\Models\AuthModel->get_single_record()
#3 /var/www/html/Document-Portal/app/Controllers/Dashboard.php(12): App\Controllers\BaseController->render_template()
#4 /var/www/html/Document-Portal/system/CodeIgniter.php(929): App\Controllers\Dashboard->index()
#5 /var/www/html/Document-Portal/system/CodeIgniter.php(437): CodeIgniter\CodeIgniter->runController()
#6 /var/www/html/Document-Portal/system/CodeIgniter.php(337): CodeIgniter\CodeIgniter->handleRequest()
#7 /var/www/html/Document-Portal/index.php(38): CodeIgniter\CodeIgniter->run()
#8 {main}
ERROR - 2022-05-27 09:50:56 --> Error connecting to the database: Access denied for user '****'@'localhost' (using password: YES)
CRITICAL - 2022-05-27 09:50:56 --> Unable to connect to the database.
Main connection [MySQLi]: Access denied for user '****'@'localhost' (using password: YES)
#0 /var/www/html/Document-Portal/system/Database/BaseConnection.php(625): CodeIgniter\Database\BaseConnection->initialize()
#1 /var/www/html/Document-Portal/app/Models/AuthModel.php(29): CodeIgniter\Database\BaseConnection->query()
#2 /var/www/html/Document-Portal/app/Controllers/BaseController.php(72): App\Models\AuthModel->get_single_record()
#3 /var/www/html/Document-Portal/app/Controllers/Dashboard.php(12): App\Controllers\BaseController->render_template()
#4 /var/www/html/Document-Portal/system/CodeIgniter.php(929): App\Controllers\Dashboard->index()
#5 /var/www/html/Document-Portal/system/CodeIgniter.php(437): CodeIgniter\CodeIgniter->runController()
#6 /var/www/html/Document-Portal/system/CodeIgniter.php(337): CodeIgniter\CodeIgniter->handleRequest()
#7 /var/www/html/Document-Portal/index.php(38): CodeIgniter\CodeIgniter->run()
#8 {main}
ERROR - 2022-05-27 09:51:09 --> Error connecting to the database: Access denied for user '****'@'localhost' (using password: YES)
CRITICAL - 2022-05-27 09:51:09 --> Unable to connect to the database.
Main connection [MySQLi]: Access denied for user '****'@'localhost' (using password: YES)
#0 /var/www/html/Document-Portal/system/Database/BaseConnection.php(625): CodeIgniter\Database\BaseConnection->initialize()
#1 /var/www/html/Document-Portal/app/Models/AuthModel.php(29): CodeIgniter\Database\BaseConnection->query()
#2 /var/www/html/Document-Portal/app/Controllers/BaseController.php(72): App\Models\AuthModel->get_single_record()
#3 /var/www/html/Document-Portal/app/Controllers/Dashboard.php(12): App\Controllers\BaseController->render_template()
#4 /var/www/html/Document-Portal/system/CodeIgniter.php(929): App\Controllers\Dashboard->index()
#5 /var/www/html/Document-Portal/system/CodeIgniter.php(437): CodeIgniter\CodeIgniter->runController()
#6 /var/www/html/Document-Portal/system/CodeIgniter.php(337): CodeIgniter\CodeIgniter->handleRequest()
#7 /var/www/html/Document-Portal/index.php(38): CodeIgniter\CodeIgniter->run()
#8 {main}
ERROR - 2022-05-27 09:52:26 --> Error connecting to the database: Access denied for user '****'@'localhost' (using password: YES)
CRITICAL - 2022-05-27 09:52:26 --> Unable to connect to the database.
Main connection [MySQLi]: Access denied for user '****'@'localhost' (using password: YES)
#0 /var/www/html/Document-Portal/system/Database/BaseConnection.php(625): CodeIgniter\Database\BaseConnection->initialize()
#1 /var/www/html/Document-Portal/app/Models/AuthModel.php(29): CodeIgniter\Database\BaseConnection->query()
#2 /var/www/html/Document-Portal/app/Controllers/BaseController.php(72): App\Models\AuthModel->get_single_record()
#3 /var/www/html/Document-Portal/app/Controllers/Dashboard.php(12): App\Controllers\BaseController->render_template()
#4 /var/www/html/Document-Portal/system/CodeIgniter.php(929): App\Controllers\Dashboard->index()
#5 /var/www/html/Document-Portal/system/CodeIgniter.php(437): CodeIgniter\CodeIgniter->runController()
#6 /var/www/html/Document-Portal/system/CodeIgniter.php(337): CodeIgniter\CodeIgniter->handleRequest()
#7 /var/www/html/Document-Portal/index.php(38): CodeIgniter\CodeIgniter->run()
#8 {main}
ERROR - 2022-05-27 09:55:55 --> Error connecting to the database: Access denied for user '****'@'localhost' (using password: YES)
CRITICAL - 2022-05-27 09:55:55 --> Unable to connect to the database.
Main connection [MySQLi]: Access denied for user '****'@'localhost' (using password: YES)
#0 /var/www/html/Document-Portal/system/Database/BaseConnection.php(625): CodeIgniter\Database\BaseConnection->initialize()
#1 /var/www/html/Document-Portal/app/Models/AuthModel.php(29): CodeIgniter\Database\BaseConnection->query()
#2 /var/www/html/Document-Portal/app/Controllers/BaseController.php(72): App\Models\AuthModel->get_single_record()
#3 /var/www/html/Document-Portal/app/Controllers/Dashboard.php(12): App\Controllers\BaseController->render_template()
#4 /var/www/html/Document-Portal/system/CodeIgniter.php(929): App\Controllers\Dashboard->index()
#5 /var/www/html/Document-Portal/system/CodeIgniter.php(437): CodeIgniter\CodeIgniter->runController()
#6 /var/www/html/Document-Portal/system/CodeIgniter.php(337): CodeIgniter\CodeIgniter->handleRequest()
#7 /var/www/html/Document-Portal/index.php(38): CodeIgniter\CodeIgniter->run()
#8 {main}
ERROR - 2022-05-27 09:56:43 --> Error connecting to the database: Access denied for user '****'@'localhost' (using password: YES)
CRITICAL - 2022-05-27 09:56:43 --> Unable to connect to the database.
Main connection [MySQLi]: Access denied for user '****'@'localhost' (using password: YES)
#0 /var/www/html/Document-Portal/system/Database/BaseConnection.php(625): CodeIgniter\Database\BaseConnection->initialize()
#1 /var/www/html/Document-Portal/app/Models/AuthModel.php(29): CodeIgniter\Database\BaseConnection->query()
#2 /var/www/html/Document-Portal/app/Controllers/BaseController.php(72): App\Models\AuthModel->get_single_record()
#3 /var/www/html/Document-Portal/app/Controllers/Dashboard.php(12): App\Controllers\BaseController->render_template()
#4 /var/www/html/Document-Portal/system/CodeIgniter.php(929): App\Controllers\Dashboard->index()
#5 /var/www/html/Document-Portal/system/CodeIgniter.php(437): CodeIgniter\CodeIgniter->runController()
#6 /var/www/html/Document-Portal/system/CodeIgniter.php(337): CodeIgniter\CodeIgniter->handleRequest()
#7 /var/www/html/Document-Portal/index.php(38): CodeIgniter\CodeIgniter->run()
#8 {main}
ERROR - 2022-05-27 09:56:45 --> Error connecting to the database: Access denied for user '****'@'localhost' (using password: YES)
CRITICAL - 2022-05-27 09:56:45 --> Unable to connect to the database.
Main connection [MySQLi]: Access denied for user '****'@'localhost' (using password: YES)
#0 /var/www/html/Document-Portal/system/Database/BaseConnection.php(625): CodeIgniter\Database\BaseConnection->initialize()
#1 /var/www/html/Document-Portal/app/Models/AuthModel.php(29): CodeIgniter\Database\BaseConnection->query()
#2 /var/www/html/Document-Portal/app/Controllers/BaseController.php(72): App\Models\AuthModel->get_single_record()
#3 /var/www/html/Document-Portal/app/Controllers/Dashboard.php(12): App\Controllers\BaseController->render_template()
#4 /var/www/html/Document-Portal/system/CodeIgniter.php(929): App\Controllers\Dashboard->index()
#5 /var/www/html/Document-Portal/system/CodeIgniter.php(437): CodeIgniter\CodeIgniter->runController()
#6 /var/www/html/Document-Portal/system/CodeIgniter.php(337): CodeIgniter\CodeIgniter->handleRequest()
#7 /var/www/html/Document-Portal/index.php(38): CodeIgniter\CodeIgniter->run()
#8 {main}
ERROR - 2022-05-27 09:56:48 --> Error connecting to the database: Access denied for user '****'@'localhost' (using password: YES)
CRITICAL - 2022-05-27 09:56:48 --> Unable to connect to the database.
Main connection [MySQLi]: Access denied for user '****'@'localhost' (using password: YES)
#0 /var/www/html/Document-Portal/system/Database/BaseConnection.php(625): CodeIgniter\Database\BaseConnection->initialize()
#1 /var/www/html/Document-Portal/app/Models/AuthModel.php(29): CodeIgniter\Database\BaseConnection->query()
#2 /var/www/html/Document-Portal/app/Controllers/BaseController.php(72): App\Models\AuthModel->get_single_record()
#3 /var/www/html/Document-Portal/app/Controllers/Dashboard.php(12): App\Controllers\BaseController->render_template()
#4 /var/www/html/Document-Portal/system/CodeIgniter.php(929): App\Controllers\Dashboard->index()
#5 /var/www/html/Document-Portal/system/CodeIgniter.php(437): CodeIgniter\CodeIgniter->runController()
#6 /var/www/html/Document-Portal/system/CodeIgniter.php(337): CodeIgniter\CodeIgniter->handleRequest()
#7 /var/www/html/Document-Portal/index.php(38): CodeIgniter\CodeIgniter->run()
#8 {main}
ERROR - 2022-05-27 09:57:00 --> Error connecting to the database: Access denied for user '****'@'localhost' (using password: YES)
CRITICAL - 2022-05-27 09:57:00 --> Unable to connect to the database.
Main connection [MySQLi]: Access denied for user '****'@'localhost' (using password: YES)
#0 /var/www/html/Document-Portal/system/Database/BaseConnection.php(625): CodeIgniter\Database\BaseConnection->initialize()
#1 /var/www/html/Document-Portal/app/Models/AuthModel.php(29): CodeIgniter\Database\BaseConnection->query()
#2 /var/www/html/Document-Portal/app/Controllers/BaseController.php(72): App\Models\AuthModel->get_single_record()
#3 /var/www/html/Document-Portal/app/Controllers/Dashboard.php(12): App\Controllers\BaseController->render_template()
#4 /var/www/html/Document-Portal/system/CodeIgniter.php(929): App\Controllers\Dashboard->index()
#5 /var/www/html/Document-Portal/system/CodeIgniter.php(437): CodeIgniter\CodeIgniter->runController()
#6 /var/www/html/Document-Portal/system/CodeIgniter.php(337): CodeIgniter\CodeIgniter->handleRequest()
#7 /var/www/html/Document-Portal/index.php(38): CodeIgniter\CodeIgniter->run()
#8 {main}
ERROR - 2022-05-27 09:57:01 --> Error connecting to the database: Access denied for user '****'@'localhost' (using password: YES)
CRITICAL - 2022-05-27 09:57:01 --> Unable to connect to the database.
Main connection [MySQLi]: Access denied for user '****'@'localhost' (using password: YES)
#0 /var/www/html/Document-Portal/system/Database/BaseConnection.php(625): CodeIgniter\Database\BaseConnection->initialize()
#1 /var/www/html/Document-Portal/app/Models/AuthModel.php(29): CodeIgniter\Database\BaseConnection->query()
#2 /var/www/html/Document-Portal/app/Controllers/BaseController.php(72): App\Models\AuthModel->get_single_record()
#3 /var/www/html/Document-Portal/app/Controllers/Dashboard.php(12): App\Controllers\BaseController->render_template()
#4 /var/www/html/Document-Portal/system/CodeIgniter.php(929): App\Controllers\Dashboard->index()
#5 /var/www/html/Document-Portal/system/CodeIgniter.php(437): CodeIgniter\CodeIgniter->runController()
#6 /var/www/html/Document-Portal/system/CodeIgniter.php(337): CodeIgniter\CodeIgniter->handleRequest()
#7 /var/www/html/Document-Portal/index.php(38): CodeIgniter\CodeIgniter->run()
#8 {main}
ERROR - 2022-05-27 09:57:43 --> Error connecting to the database: Access denied for user '****'@'localhost' (using password: YES)
CRITICAL - 2022-05-27 09:57:43 --> Unable to connect to the database.
Main connection [MySQLi]: Access denied for user '****'@'localhost' (using password: YES)
#0 /var/www/html/Document-Portal/system/Database/BaseConnection.php(625): CodeIgniter\Database\BaseConnection->initialize()
#1 /var/www/html/Document-Portal/app/Models/AuthModel.php(29): CodeIgniter\Database\BaseConnection->query()
#2 /var/www/html/Document-Portal/app/Controllers/BaseController.php(72): App\Models\AuthModel->get_single_record()
#3 /var/www/html/Document-Portal/app/Controllers/Dashboard.php(12): App\Controllers\BaseController->render_template()
#4 /var/www/html/Document-Portal/system/CodeIgniter.php(929): App\Controllers\Dashboard->index()
#5 /var/www/html/Document-Portal/system/CodeIgniter.php(437): CodeIgniter\CodeIgniter->runController()
#6 /var/www/html/Document-Portal/system/CodeIgniter.php(337): CodeIgniter\CodeIgniter->handleRequest()
#7 /var/www/html/Document-Portal/index.php(38): CodeIgniter\CodeIgniter->run()
#8 {main}
ERROR - 2022-05-27 09:57:46 --> Error connecting to the database: Access denied for user '****'@'localhost' (using password: YES)
CRITICAL - 2022-05-27 09:57:46 --> Unable to connect to the database.
Main connection [MySQLi]: Access denied for user '****'@'localhost' (using password: YES)
#0 /var/www/html/Document-Portal/system/Database/BaseConnection.php(625): CodeIgniter\Database\BaseConnection->initialize()
#1 /var/www/html/Document-Portal/app/Models/AuthModel.php(29): CodeIgniter\Database\BaseConnection->query()
#2 /var/www/html/Document-Portal/app/Controllers/BaseController.php(72): App\Models\AuthModel->get_single_record()
#3 /var/www/html/Document-Portal/app/Controllers/Dashboard.php(12): App\Controllers\BaseController->render_template()
#4 /var/www/html/Document-Portal/system/CodeIgniter.php(929): App\Controllers\Dashboard->index()
#5 /var/www/html/Document-Portal/system/CodeIgniter.php(437): CodeIgniter\CodeIgniter->runController()
#6 /var/www/html/Document-Portal/system/CodeIgniter.php(337): CodeIgniter\CodeIgniter->handleRequest()
#7 /var/www/html/Document-Portal/index.php(38): CodeIgniter\CodeIgniter->run()
#8 {main}
ERROR - 2022-05-27 09:58:05 --> Error connecting to the database: Access denied for user '****'@'localhost' (using password: YES)
CRITICAL - 2022-05-27 09:58:05 --> Unable to connect to the database.
Main connection [MySQLi]: Access denied for user '****'@'localhost' (using password: YES)
#0 /var/www/html/Document-Portal/system/Database/BaseConnection.php(625): CodeIgniter\Database\BaseConnection->initialize()
#1 /var/www/html/Document-Portal/app/Models/AuthModel.php(29): CodeIgniter\Database\BaseConnection->query()
#2 /var/www/html/Document-Portal/app/Controllers/BaseController.php(72): App\Models\AuthModel->get_single_record()
#3 /var/www/html/Document-Portal/app/Controllers/Dashboard.php(12): App\Controllers\BaseController->render_template()
#4 /var/www/html/Document-Portal/system/CodeIgniter.php(929): App\Controllers\Dashboard->index()
#5 /var/www/html/Document-Portal/system/CodeIgniter.php(437): CodeIgniter\CodeIgniter->runController()
#6 /var/www/html/Document-Portal/system/CodeIgniter.php(337): CodeIgniter\CodeIgniter->handleRequest()
#7 /var/www/html/Document-Portal/index.php(38): CodeIgniter\CodeIgniter->run()
#8 {main}
ERROR - 2022-05-27 10:00:28 --> Unknown column 'DocumentsManage.companyID' in 'on clause'
CRITICAL - 2022-05-27 10:00:28 --> Call to a member function getResult() on bool
#0 /var/www/html/Document-Portal/system/BaseModel.php(603): CodeIgniter\Model->doFindAll()
#1 /var/www/html/Document-Portal/app/Models/DocumentsModel.php(58): CodeIgniter\BaseModel->findAll()
#2 /var/www/html/Document-Portal/app/Controllers/Documents.php(149): App\Models\DocumentsModel->make_datatables()
#3 /var/www/html/Document-Portal/system/CodeIgniter.php(929): App\Controllers\Documents->fetch_documents()
#4 /var/www/html/Document-Portal/system/CodeIgniter.php(437): CodeIgniter\CodeIgniter->runController()
#5 /var/www/html/Document-Portal/system/CodeIgniter.php(337): CodeIgniter\CodeIgniter->handleRequest()
#6 /var/www/html/Document-Portal/index.php(38): CodeIgniter\CodeIgniter->run()
#7 {main}
ERROR - 2022-05-27 10:11:33 --> Unknown column 'DocumentsManage.companyID' in 'on clause'
CRITICAL - 2022-05-27 10:11:33 --> Call to a member function getResult() on bool
#0 /var/www/html/Document-Portal/system/BaseModel.php(603): CodeIgniter\Model->doFindAll()
#1 /var/www/html/Document-Portal/app/Models/DocumentsModel.php(58): CodeIgniter\BaseModel->findAll()
#2 /var/www/html/Document-Portal/app/Controllers/Documents.php(149): App\Models\DocumentsModel->make_datatables()
#3 /var/www/html/Document-Portal/system/CodeIgniter.php(929): App\Controllers\Documents->fetch_documents()
#4 /var/www/html/Document-Portal/system/CodeIgniter.php(437): CodeIgniter\CodeIgniter->runController()
#5 /var/www/html/Document-Portal/system/CodeIgniter.php(337): CodeIgniter\CodeIgniter->handleRequest()
#6 /var/www/html/Document-Portal/index.php(38): CodeIgniter\CodeIgniter->run()
#7 {main}
ERROR - 2022-05-27 10:11:51 --> Unknown column 'DocumentsManage.companyID' in 'on clause'
CRITICAL - 2022-05-27 10:11:51 --> Call to a member function getResult() on bool
#0 /var/www/html/Document-Portal/system/BaseModel.php(603): CodeIgniter\Model->doFindAll()
#1 /var/www/html/Document-Portal/app/Models/DocumentsModel.php(58): CodeIgniter\BaseModel->findAll()
#2 /var/www/html/Document-Portal/app/Controllers/Documents.php(149): App\Models\DocumentsModel->make_datatables()
#3 /var/www/html/Document-Portal/system/CodeIgniter.php(929): App\Controllers\Documents->fetch_documents()
#4 /var/www/html/Document-Portal/system/CodeIgniter.php(437): CodeIgniter\CodeIgniter->runController()
#5 /var/www/html/Document-Portal/system/CodeIgniter.php(337): CodeIgniter\CodeIgniter->handleRequest()
#6 /var/www/html/Document-Portal/index.php(38): CodeIgniter\CodeIgniter->run()
#7 {main}
ERROR - 2022-05-27 10:13:20 --> Unknown column 'DocumentsManage.companyID' in 'on clause'
CRITICAL - 2022-05-27 10:13:20 --> Call to a member function getResult() on bool
#0 /var/www/html/Document-Portal/system/BaseModel.php(603): CodeIgniter\Model->doFindAll()
#1 /var/www/html/Document-Portal/app/Models/DocumentsModel.php(58): CodeIgniter\BaseModel->findAll()
#2 /var/www/html/Document-Portal/app/Controllers/Documents.php(149): App\Models\DocumentsModel->make_datatables()
#3 /var/www/html/Document-Portal/system/CodeIgniter.php(929): App\Controllers\Documents->fetch_documents()
#4 /var/www/html/Document-Portal/system/CodeIgniter.php(437): CodeIgniter\CodeIgniter->runController()
#5 /var/www/html/Document-Portal/system/CodeIgniter.php(337): CodeIgniter\CodeIgniter->handleRequest()
#6 /var/www/html/Document-Portal/index.php(38): CodeIgniter\CodeIgniter->run()
#7 {main}
ERROR - 2022-05-27 10:15:15 --> Unknown column 'DocumentsManage.companyID' in 'on clause'
CRITICAL - 2022-05-27 10:15:15 --> Call to a member function getResult() on bool
#0 /var/www/html/Document-Portal/system/BaseModel.php(603): CodeIgniter\Model->doFindAll()
#1 /var/www/html/Document-Portal/app/Models/DocumentsModel.php(58): CodeIgniter\BaseModel->findAll()
#2 /var/www/html/Document-Portal/app/Controllers/Documents.php(149): App\Models\DocumentsModel->make_datatables()
#3 /var/www/html/Document-Portal/system/CodeIgniter.php(929): App\Controllers\Documents->fetch_documents()
#4 /var/www/html/Document-Portal/system/CodeIgniter.php(437): CodeIgniter\CodeIgniter->runController()
#5 /var/www/html/Document-Portal/system/CodeIgniter.php(337): CodeIgniter\CodeIgniter->handleRequest()
#6 /var/www/html/Document-Portal/index.php(38): CodeIgniter\CodeIgniter->run()
#7 {main}
ERROR - 2022-05-27 10:15:21 --> Unknown column 'DocumentsManage.companyID' in 'on clause'
CRITICAL - 2022-05-27 10:15:21 --> Call to a member function getResult() on bool
#0 /var/www/html/Document-Portal/system/BaseModel.php(603): CodeIgniter\Model->doFindAll()
#1 /var/www/html/Document-Portal/app/Models/DocumentsModel.php(58): CodeIgniter\BaseModel->findAll()
#2 /var/www/html/Document-Portal/app/Controllers/Documents.php(149): App\Models\DocumentsModel->make_datatables()
#3 /var/www/html/Document-Portal/system/CodeIgniter.php(929): App\Controllers\Documents->fetch_documents()
#4 /var/www/html/Document-Portal/system/CodeIgniter.php(437): CodeIgniter\CodeIgniter->runController()
#5 /var/www/html/Document-Portal/system/CodeIgniter.php(337): CodeIgniter\CodeIgniter->handleRequest()
#6 /var/www/html/Document-Portal/index.php(38): CodeIgniter\CodeIgniter->run()
#7 {main}
ERROR - 2022-05-27 10:15:34 --> Unknown column 'DocumentsManage.companyID' in 'on clause'
CRITICAL - 2022-05-27 10:15:34 --> Call to a member function getResult() on bool
#0 /var/www/html/Document-Portal/system/BaseModel.php(603): CodeIgniter\Model->doFindAll()
#1 /var/www/html/Document-Portal/app/Models/DocumentsModel.php(58): CodeIgniter\BaseModel->findAll()
#2 /var/www/html/Document-Portal/app/Controllers/Documents.php(149): App\Models\DocumentsModel->make_datatables()
#3 /var/www/html/Document-Portal/system/CodeIgniter.php(929): App\Controllers\Documents->fetch_documents()
#4 /var/www/html/Document-Portal/system/CodeIgniter.php(437): CodeIgniter\CodeIgniter->runController()
#5 /var/www/html/Document-Portal/system/CodeIgniter.php(337): CodeIgniter\CodeIgniter->handleRequest()
#6 /var/www/html/Document-Portal/index.php(38): CodeIgniter\CodeIgniter->run()
#7 {main}
ERROR - 2022-05-27 10:16:15 --> Unknown column 'DocumentsManage.companyID' in 'on clause'
CRITICAL - 2022-05-27 10:16:15 --> Call to a member function getResult() on bool
#0 /var/www/html/Document-Portal/system/BaseModel.php(603): CodeIgniter\Model->doFindAll()
#1 /var/www/html/Document-Portal/app/Models/DocumentsModel.php(58): CodeIgniter\BaseModel->findAll()
#2 /var/www/html/Document-Portal/app/Controllers/Documents.php(149): App\Models\DocumentsModel->make_datatables()
#3 /var/www/html/Document-Portal/system/CodeIgniter.php(929): App\Controllers\Documents->fetch_documents()
#4 /var/www/html/Document-Portal/system/CodeIgniter.php(437): CodeIgniter\CodeIgniter->runController()
#5 /var/www/html/Document-Portal/system/CodeIgniter.php(337): CodeIgniter\CodeIgniter->handleRequest()
#6 /var/www/html/Document-Portal/index.php(38): CodeIgniter\CodeIgniter->run()
#7 {main}
ERROR - 2022-05-27 10:16:22 --> Unknown column 'DocumentsManage.companyID' in 'on clause'
CRITICAL - 2022-05-27 10:16:22 --> Call to a member function getResult() on bool
#0 /var/www/html/Document-Portal/system/BaseModel.php(603): CodeIgniter\Model->doFindAll()
#1 /var/www/html/Document-Portal/app/Models/DocumentsModel.php(58): CodeIgniter\BaseModel->findAll()
#2 /var/www/html/Document-Portal/app/Controllers/Documents.php(149): App\Models\DocumentsModel->make_datatables()
#3 /var/www/html/Document-Portal/system/CodeIgniter.php(929): App\Controllers\Documents->fetch_documents()
#4 /var/www/html/Document-Portal/system/CodeIgniter.php(437): CodeIgniter\CodeIgniter->runController()
#5 /var/www/html/Document-Portal/system/CodeIgniter.php(337): CodeIgniter\CodeIgniter->handleRequest()
#6 /var/www/html/Document-Portal/index.php(38): CodeIgniter\CodeIgniter->run()
#7 {main}
ERROR - 2022-05-27 10:16:25 --> Unknown column 'DocumentsManage.companyID' in 'on clause'
CRITICAL - 2022-05-27 10:16:25 --> Call to a member function getResult() on bool
#0 /var/www/html/Document-Portal/system/BaseModel.php(603): CodeIgniter\Model->doFindAll()
#1 /var/www/html/Document-Portal/app/Models/DocumentsModel.php(58): CodeIgniter\BaseModel->findAll()
#2 /var/www/html/Document-Portal/app/Controllers/Documents.php(149): App\Models\DocumentsModel->make_datatables()
#3 /var/www/html/Document-Portal/system/CodeIgniter.php(929): App\Controllers\Documents->fetch_documents()
#4 /var/www/html/Document-Portal/system/CodeIgniter.php(437): CodeIgniter\CodeIgniter->runController()
#5 /var/www/html/Document-Portal/system/CodeIgniter.php(337): CodeIgniter\CodeIgniter->handleRequest()
#6 /var/www/html/Document-Portal/index.php(38): CodeIgniter\CodeIgniter->run()
#7 {main}
ERROR - 2022-05-27 10:17:19 --> Unknown column 'DocumentsManage.companyID' in 'on clause'
CRITICAL - 2022-05-27 10:17:19 --> Call to a member function getResult() on bool
#0 /var/www/html/Document-Portal/system/BaseModel.php(603): CodeIgniter\Model->doFindAll()
#1 /var/www/html/Document-Portal/app/Models/DocumentsModel.php(58): CodeIgniter\BaseModel->findAll()
#2 /var/www/html/Document-Portal/app/Controllers/Documents.php(149): App\Models\DocumentsModel->make_datatables()
#3 /var/www/html/Document-Portal/system/CodeIgniter.php(929): App\Controllers\Documents->fetch_documents()
#4 /var/www/html/Document-Portal/system/CodeIgniter.php(437): CodeIgniter\CodeIgniter->runController()
#5 /var/www/html/Document-Portal/system/CodeIgniter.php(337): CodeIgniter\CodeIgniter->handleRequest()
#6 /var/www/html/Document-Portal/index.php(38): CodeIgniter\CodeIgniter->run()
#7 {main}
ERROR - 2022-05-27 10:17:22 --> Unknown column 'DocumentsManage.companyID' in 'on clause'
CRITICAL - 2022-05-27 10:17:22 --> Call to a member function getResult() on bool
#0 /var/www/html/Document-Portal/system/BaseModel.php(603): CodeIgniter\Model->doFindAll()
#1 /var/www/html/Document-Portal/app/Models/DocumentsModel.php(58): CodeIgniter\BaseModel->findAll()
#2 /var/www/html/Document-Portal/app/Controllers/Documents.php(149): App\Models\DocumentsModel->make_datatables()
#3 /var/www/html/Document-Portal/system/CodeIgniter.php(929): App\Controllers\Documents->fetch_documents()
#4 /var/www/html/Document-Portal/system/CodeIgniter.php(437): CodeIgniter\CodeIgniter->runController()
#5 /var/www/html/Document-Portal/system/CodeIgniter.php(337): CodeIgniter\CodeIgniter->handleRequest()
#6 /var/www/html/Document-Portal/index.php(38): CodeIgniter\CodeIgniter->run()
#7 {main}
ERROR - 2022-05-27 10:17:31 --> Unknown column 'DocumentsManage.companyID' in 'on clause'
CRITICAL - 2022-05-27 10:17:31 --> Call to a member function getResult() on bool
#0 /var/www/html/Document-Portal/system/BaseModel.php(603): CodeIgniter\Model->doFindAll()
#1 /var/www/html/Document-Portal/app/Models/DocumentsModel.php(58): CodeIgniter\BaseModel->findAll()
#2 /var/www/html/Document-Portal/app/Controllers/Documents.php(149): App\Models\DocumentsModel->make_datatables()
#3 /var/www/html/Document-Portal/system/CodeIgniter.php(929): App\Controllers\Documents->fetch_documents()
#4 /var/www/html/Document-Portal/system/CodeIgniter.php(437): CodeIgniter\CodeIgniter->runController()
#5 /var/www/html/Document-Portal/system/CodeIgniter.php(337): CodeIgniter\CodeIgniter->handleRequest()
#6 /var/www/html/Document-Portal/index.php(38): CodeIgniter\CodeIgniter->run()
#7 {main}
ERROR - 2022-05-27 10:20:57 --> Unknown column 'DocumentsManage.companyID' in 'on clause'
CRITICAL - 2022-05-27 10:20:57 --> Call to a member function getResult() on bool
#0 /var/www/html/Document-Portal/system/BaseModel.php(603): CodeIgniter\Model->doFindAll()
#1 /var/www/html/Document-Portal/app/Models/DocumentsModel.php(58): CodeIgniter\BaseModel->findAll()
#2 /var/www/html/Document-Portal/app/Controllers/Documents.php(149): App\Models\DocumentsModel->make_datatables()
#3 /var/www/html/Document-Portal/system/CodeIgniter.php(929): App\Controllers\Documents->fetch_documents()
#4 /var/www/html/Document-Portal/system/CodeIgniter.php(437): CodeIgniter\CodeIgniter->runController()
#5 /var/www/html/Document-Portal/system/CodeIgniter.php(337): CodeIgniter\CodeIgniter->handleRequest()
#6 /var/www/html/Document-Portal/index.php(38): CodeIgniter\CodeIgniter->run()
#7 {main}
ERROR - 2022-05-27 10:27:00 --> Unknown column 'DocumentsManage.companyID' in 'on clause'
CRITICAL - 2022-05-27 10:27:00 --> Call to a member function getResult() on bool
#0 /var/www/html/Document-Portal/system/BaseModel.php(603): CodeIgniter\Model->doFindAll()
#1 /var/www/html/Document-Portal/app/Models/DocumentsModel.php(58): CodeIgniter\BaseModel->findAll()
#2 /var/www/html/Document-Portal/app/Controllers/Documents.php(149): App\Models\DocumentsModel->make_datatables()
#3 /var/www/html/Document-Portal/system/CodeIgniter.php(929): App\Controllers\Documents->fetch_documents()
#4 /var/www/html/Document-Portal/system/CodeIgniter.php(437): CodeIgniter\CodeIgniter->runController()
#5 /var/www/html/Document-Portal/system/CodeIgniter.php(337): CodeIgniter\CodeIgniter->handleRequest()
#6 /var/www/html/Document-Portal/index.php(38): CodeIgniter\CodeIgniter->run()
#7 {main}
CRITICAL - 2022-05-27 10:28:48 --> mkdir(): Permission denied
#0 [internal function]: CodeIgniter\Debug\Exceptions->errorHandler()
#1 /var/www/html/Document-Portal/app/Controllers/SubCategory.php(50): mkdir()
#2 /var/www/html/Document-Portal/system/CodeIgniter.php(929): App\Controllers\SubCategory->create()
#3 /var/www/html/Document-Portal/system/CodeIgniter.php(437): CodeIgniter\CodeIgniter->runController()
#4 /var/www/html/Document-Portal/system/CodeIgniter.php(337): CodeIgniter\CodeIgniter->handleRequest()
#5 /var/www/html/Document-Portal/index.php(38): CodeIgniter\CodeIgniter->run()
#6 {main}
CRITICAL - 2022-05-27 10:36:34 --> mkdir(): Permission denied
#0 [internal function]: CodeIgniter\Debug\Exceptions->errorHandler()
#1 /var/www/html/Document-Portal/app/Controllers/SubCategory.php(50): mkdir()
#2 /var/www/html/Document-Portal/system/CodeIgniter.php(929): App\Controllers\SubCategory->create()
#3 /var/www/html/Document-Portal/system/CodeIgniter.php(437): CodeIgniter\CodeIgniter->runController()
#4 /var/www/html/Document-Portal/system/CodeIgniter.php(337): CodeIgniter\CodeIgniter->handleRequest()
#5 /var/www/html/Document-Portal/index.php(38): CodeIgniter\CodeIgniter->run()
#6 {main}
CRITICAL - 2022-05-27 10:56:40 --> Object of class CodeIgniter\Database\MySQLi\Connection could not be converted to string
#0 /var/www/html/Document-Portal/system/CodeIgniter.php(929): App\Controllers\ReportingCategory->index()
#1 /var/www/html/Document-Portal/system/CodeIgniter.php(437): CodeIgniter\CodeIgniter->runController()
#2 /var/www/html/Document-Portal/system/CodeIgniter.php(337): CodeIgniter\CodeIgniter->handleRequest()
#3 /var/www/html/Document-Portal/index.php(38): CodeIgniter\CodeIgniter->run()
#4 {main}
CRITICAL - 2022-05-27 11:25:34 --> syntax error, unexpected '$query' (T_VARIABLE)
#0 /var/www/html/Document-Portal/system/Autoloader/Autoloader.php(273): CodeIgniter\Autoloader\Autoloader->includeFile()
#1 /var/www/html/Document-Portal/system/Autoloader/Autoloader.php(247): CodeIgniter\Autoloader\Autoloader->loadInNamespace()
#2 [internal function]: CodeIgniter\Autoloader\Autoloader->loadClass()
#3 [internal function]: spl_autoload_call()
#4 /var/www/html/Document-Portal/system/CodeIgniter.php(886): class_exists()
#5 /var/www/html/Document-Portal/system/CodeIgniter.php(422): CodeIgniter\CodeIgniter->startController()
#6 /var/www/html/Document-Portal/system/CodeIgniter.php(337): CodeIgniter\CodeIgniter->handleRequest()
#7 /var/www/html/Document-Portal/index.php(38): CodeIgniter\CodeIgniter->run()
#8 {main}
CRITICAL - 2022-05-27 11:33:06 --> Illegal offset type
#0 /var/www/html/Document-Portal/app/Controllers/ReportingCategory.php(41): CodeIgniter\Debug\Exceptions->errorHandler()
#1 /var/www/html/Document-Portal/system/CodeIgniter.php(929): App\Controllers\ReportingCategory->index()
#2 /var/www/html/Document-Portal/system/CodeIgniter.php(437): CodeIgniter\CodeIgniter->runController()
#3 /var/www/html/Document-Portal/system/CodeIgniter.php(337): CodeIgniter\CodeIgniter->handleRequest()
#4 /var/www/html/Document-Portal/index.php(38): CodeIgniter\CodeIgniter->run()
#5 {main}
CRITICAL - 2022-05-27 11:42:07 --> Cannot use [] for reading
#0 [internal function]: CodeIgniter\Debug\Exceptions->shutdownHandler()
#1 {main}
CRITICAL - 2022-05-27 11:42:21 --> Cannot use object of type CodeIgniter\Database\MySQLi\Result as array
#0 /var/www/html/Document-Portal/system/CodeIgniter.php(929): App\Controllers\ReportingCategory->index()
#1 /var/www/html/Document-Portal/system/CodeIgniter.php(437): CodeIgniter\CodeIgniter->runController()
#2 /var/www/html/Document-Portal/system/CodeIgniter.php(337): CodeIgniter\CodeIgniter->handleRequest()
#3 /var/www/html/Document-Portal/index.php(38): CodeIgniter\CodeIgniter->run()
#4 {main}
CRITICAL - 2022-05-27 11:48:33 --> Illegal offset type
#0 /var/www/html/Document-Portal/app/Controllers/ReportingCategory.php(28): CodeIgniter\Debug\Exceptions->errorHandler()
#1 /var/www/html/Document-Portal/system/CodeIgniter.php(929): App\Controllers\ReportingCategory->index()
#2 /var/www/html/Document-Portal/system/CodeIgniter.php(437): CodeIgniter\CodeIgniter->runController()
#3 /var/www/html/Document-Portal/system/CodeIgniter.php(337): CodeIgniter\CodeIgniter->handleRequest()
#4 /var/www/html/Document-Portal/index.php(38): CodeIgniter\CodeIgniter->run()
#5 {main}
CRITICAL - 2022-05-27 11:48:55 --> Illegal offset type
#0 /var/www/html/Document-Portal/app/Controllers/ReportingCategory.php(28): CodeIgniter\Debug\Exceptions->errorHandler()
#1 /var/www/html/Document-Portal/system/CodeIgniter.php(929): App\Controllers\ReportingCategory->index()
#2 /var/www/html/Document-Portal/system/CodeIgniter.php(437): CodeIgniter\CodeIgniter->runController()
#3 /var/www/html/Document-Portal/system/CodeIgniter.php(337): CodeIgniter\CodeIgniter->handleRequest()
#4 /var/www/html/Document-Portal/index.php(38): CodeIgniter\CodeIgniter->run()
#5 {main}
CRITICAL - 2022-05-27 11:48:56 --> Illegal offset type
#0 /var/www/html/Document-Portal/app/Controllers/ReportingCategory.php(28): CodeIgniter\Debug\Exceptions->errorHandler()
#1 /var/www/html/Document-Portal/system/CodeIgniter.php(929): App\Controllers\ReportingCategory->index()
#2 /var/www/html/Document-Portal/system/CodeIgniter.php(437): CodeIgniter\CodeIgniter->runController()
#3 /var/www/html/Document-Portal/system/CodeIgniter.php(337): CodeIgniter\CodeIgniter->handleRequest()
#4 /var/www/html/Document-Portal/index.php(38): CodeIgniter\CodeIgniter->run()
#5 {main}
CRITICAL - 2022-05-27 11:48:57 --> Illegal offset type
#0 /var/www/html/Document-Portal/app/Controllers/ReportingCategory.php(28): CodeIgniter\Debug\Exceptions->errorHandler()
#1 /var/www/html/Document-Portal/system/CodeIgniter.php(929): App\Controllers\ReportingCategory->index()
#2 /var/www/html/Document-Portal/system/CodeIgniter.php(437): CodeIgniter\CodeIgniter->runController()
#3 /var/www/html/Document-Portal/system/CodeIgniter.php(337): CodeIgniter\CodeIgniter->handleRequest()
#4 /var/www/html/Document-Portal/index.php(38): CodeIgniter\CodeIgniter->run()
#5 {main}
CRITICAL - 2022-05-27 11:52:44 --> Call to a member function query() on null
#0 /var/www/html/Document-Portal/system/CodeIgniter.php(929): App\Controllers\ReportingCategory->index()
#1 /var/www/html/Document-Portal/system/CodeIgniter.php(437): CodeIgniter\CodeIgniter->runController()
#2 /var/www/html/Document-Portal/system/CodeIgniter.php(337): CodeIgniter\CodeIgniter->handleRequest()
#3 /var/www/html/Document-Portal/index.php(38): CodeIgniter\CodeIgniter->run()
#4 {main}
CRITICAL - 2022-05-27 11:54:14 --> Call to a member function query() on null
#0 /var/www/html/Document-Portal/system/CodeIgniter.php(929): App\Controllers\ReportingCategory->index()
#1 /var/www/html/Document-Portal/system/CodeIgniter.php(437): CodeIgniter\CodeIgniter->runController()
#2 /var/www/html/Document-Portal/system/CodeIgniter.php(337): CodeIgniter\CodeIgniter->handleRequest()
#3 /var/www/html/Document-Portal/index.php(38): CodeIgniter\CodeIgniter->run()
#4 {main}
CRITICAL - 2022-05-27 11:54:14 --> Call to a member function query() on null
#0 /var/www/html/Document-Portal/system/CodeIgniter.php(929): App\Controllers\ReportingCategory->index()
#1 /var/www/html/Document-Portal/system/CodeIgniter.php(437): CodeIgniter\CodeIgniter->runController()
#2 /var/www/html/Document-Portal/system/CodeIgniter.php(337): CodeIgniter\CodeIgniter->handleRequest()
#3 /var/www/html/Document-Portal/index.php(38): CodeIgniter\CodeIgniter->run()
#4 {main}
CRITICAL - 2022-05-27 11:54:14 --> Call to a member function query() on null
#0 /var/www/html/Document-Portal/system/CodeIgniter.php(929): App\Controllers\ReportingCategory->index()
#1 /var/www/html/Document-Portal/system/CodeIgniter.php(437): CodeIgniter\CodeIgniter->runController()
#2 /var/www/html/Document-Portal/system/CodeIgniter.php(337): CodeIgniter\CodeIgniter->handleRequest()
#3 /var/www/html/Document-Portal/index.php(38): CodeIgniter\CodeIgniter->run()
#4 {main}
CRITICAL - 2022-05-27 11:59:06 --> Invalid argument supplied for foreach()
#0 /var/www/html/Document-Portal/app/Views/reporting_category/index.php(30): CodeIgniter\Debug\Exceptions->errorHandler()
#1 /var/www/html/Document-Portal/system/View/View.php(230): include('/var/www/html/D...')
#2 /var/www/html/Document-Portal/system/View/View.php(232): CodeIgniter\View\View->CodeIgniter\View\{closure}()
#3 /var/www/html/Document-Portal/system/Common.php(1271): CodeIgniter\View\View->render()
#4 /var/www/html/Document-Portal/app/Controllers/BaseController.php(80): view()
#5 /var/www/html/Document-Portal/app/Controllers/ReportingCategory.php(22): App\Controllers\BaseController->render_template()
#6 /var/www/html/Document-Portal/system/CodeIgniter.php(929): App\Controllers\ReportingCategory->index()
#7 /var/www/html/Document-Portal/system/CodeIgniter.php(437): CodeIgniter\CodeIgniter->runController()
#8 /var/www/html/Document-Portal/system/CodeIgniter.php(337): CodeIgniter\CodeIgniter->handleRequest()
#9 /var/www/html/Document-Portal/index.php(38): CodeIgniter\CodeIgniter->run()
#10 {main}
CRITICAL - 2022-05-27 12:00:11 --> Invalid argument supplied for foreach()
#0 /var/www/html/Document-Portal/app/Views/reporting_category/index.php(30): CodeIgniter\Debug\Exceptions->errorHandler()
#1 /var/www/html/Document-Portal/system/View/View.php(230): include('/var/www/html/D...')
#2 /var/www/html/Document-Portal/system/View/View.php(232): CodeIgniter\View\View->CodeIgniter\View\{closure}()
#3 /var/www/html/Document-Portal/system/Common.php(1271): CodeIgniter\View\View->render()
#4 /var/www/html/Document-Portal/app/Controllers/BaseController.php(80): view()
#5 /var/www/html/Document-Portal/app/Controllers/ReportingCategory.php(22): App\Controllers\BaseController->render_template()
#6 /var/www/html/Document-Portal/system/CodeIgniter.php(929): App\Controllers\ReportingCategory->index()
#7 /var/www/html/Document-Portal/system/CodeIgniter.php(437): CodeIgniter\CodeIgniter->runController()
#8 /var/www/html/Document-Portal/system/CodeIgniter.php(337): CodeIgniter\CodeIgniter->handleRequest()
#9 /var/www/html/Document-Portal/index.php(38): CodeIgniter\CodeIgniter->run()
#10 {main}
CRITICAL - 2022-05-27 12:00:11 --> Invalid argument supplied for foreach()
#0 /var/www/html/Document-Portal/app/Views/reporting_category/index.php(30): CodeIgniter\Debug\Exceptions->errorHandler()
#1 /var/www/html/Document-Portal/system/View/View.php(230): include('/var/www/html/D...')
#2 /var/www/html/Document-Portal/system/View/View.php(232): CodeIgniter\View\View->CodeIgniter\View\{closure}()
#3 /var/www/html/Document-Portal/system/Common.php(1271): CodeIgniter\View\View->render()
#4 /var/www/html/Document-Portal/app/Controllers/BaseController.php(80): view()
#5 /var/www/html/Document-Portal/app/Controllers/ReportingCategory.php(22): App\Controllers\BaseController->render_template()
#6 /var/www/html/Document-Portal/system/CodeIgniter.php(929): App\Controllers\ReportingCategory->index()
#7 /var/www/html/Document-Portal/system/CodeIgniter.php(437): CodeIgniter\CodeIgniter->runController()
#8 /var/www/html/Document-Portal/system/CodeIgniter.php(337): CodeIgniter\CodeIgniter->handleRequest()
#9 /var/www/html/Document-Portal/index.php(38): CodeIgniter\CodeIgniter->run()
#10 {main}
CRITICAL - 2022-05-27 12:00:12 --> Invalid argument supplied for foreach()
#0 /var/www/html/Document-Portal/app/Views/reporting_category/index.php(30): CodeIgniter\Debug\Exceptions->errorHandler()
#1 /var/www/html/Document-Portal/system/View/View.php(230): include('/var/www/html/D...')
#2 /var/www/html/Document-Portal/system/View/View.php(232): CodeIgniter\View\View->CodeIgniter\View\{closure}()
#3 /var/www/html/Document-Portal/system/Common.php(1271): CodeIgniter\View\View->render()
#4 /var/www/html/Document-Portal/app/Controllers/BaseController.php(80): view()
#5 /var/www/html/Document-Portal/app/Controllers/ReportingCategory.php(22): App\Controllers\BaseController->render_template()
#6 /var/www/html/Document-Portal/system/CodeIgniter.php(929): App\Controllers\ReportingCategory->index()
#7 /var/www/html/Document-Portal/system/CodeIgniter.php(437): CodeIgniter\CodeIgniter->runController()
#8 /var/www/html/Document-Portal/system/CodeIgniter.php(337): CodeIgniter\CodeIgniter->handleRequest()
#9 /var/www/html/Document-Portal/index.php(38): CodeIgniter\CodeIgniter->run()
#10 {main}
CRITICAL - 2022-05-27 12:03:19 --> Invalid argument supplied for foreach()
#0 /var/www/html/Document-Portal/app/Views/reporting_category/index.php(30): CodeIgniter\Debug\Exceptions->errorHandler()
#1 /var/www/html/Document-Portal/system/View/View.php(230): include('/var/www/html/D...')
#2 /var/www/html/Document-Portal/system/View/View.php(232): CodeIgniter\View\View->CodeIgniter\View\{closure}()
#3 /var/www/html/Document-Portal/system/Common.php(1271): CodeIgniter\View\View->render()
#4 /var/www/html/Document-Portal/app/Controllers/BaseController.php(80): view()
#5 /var/www/html/Document-Portal/app/Controllers/ReportingCategory.php(22): App\Controllers\BaseController->render_template()
#6 /var/www/html/Document-Portal/system/CodeIgniter.php(929): App\Controllers\ReportingCategory->index()
#7 /var/www/html/Document-Portal/system/CodeIgniter.php(437): CodeIgniter\CodeIgniter->runController()
#8 /var/www/html/Document-Portal/system/CodeIgniter.php(337): CodeIgniter\CodeIgniter->handleRequest()
#9 /var/www/html/Document-Portal/index.php(38): CodeIgniter\CodeIgniter->run()
#10 {main}
CRITICAL - 2022-05-27 12:03:19 --> Invalid argument supplied for foreach()
#0 /var/www/html/Document-Portal/app/Views/reporting_category/index.php(30): CodeIgniter\Debug\Exceptions->errorHandler()
#1 /var/www/html/Document-Portal/system/View/View.php(230): include('/var/www/html/D...')
#2 /var/www/html/Document-Portal/system/View/View.php(232): CodeIgniter\View\View->CodeIgniter\View\{closure}()
#3 /var/www/html/Document-Portal/system/Common.php(1271): CodeIgniter\View\View->render()
#4 /var/www/html/Document-Portal/app/Controllers/BaseController.php(80): view()
#5 /var/www/html/Document-Portal/app/Controllers/ReportingCategory.php(22): App\Controllers\BaseController->render_template()
#6 /var/www/html/Document-Portal/system/CodeIgniter.php(929): App\Controllers\ReportingCategory->index()
#7 /var/www/html/Document-Portal/system/CodeIgniter.php(437): CodeIgniter\CodeIgniter->runController()
#8 /var/www/html/Document-Portal/system/CodeIgniter.php(337): CodeIgniter\CodeIgniter->handleRequest()
#9 /var/www/html/Document-Portal/index.php(38): CodeIgniter\CodeIgniter->run()
#10 {main}
CRITICAL - 2022-05-27 12:11:36 --> syntax error, unexpected 'endforeach' (T_ENDFOREACH), expecting end of file
#0 /var/www/html/Document-Portal/system/View/View.php(232): CodeIgniter\View\View->CodeIgniter\View\{closure}()
#1 /var/www/html/Document-Portal/system/Common.php(1271): CodeIgniter\View\View->render()
#2 /var/www/html/Document-Portal/app/Controllers/BaseController.php(80): view()
#3 /var/www/html/Document-Portal/app/Controllers/ReportingCategory.php(34): App\Controllers\BaseController->render_template()
#4 /var/www/html/Document-Portal/system/CodeIgniter.php(929): App\Controllers\ReportingCategory->index()
#5 /var/www/html/Document-Portal/system/CodeIgniter.php(437): CodeIgniter\CodeIgniter->runController()
#6 /var/www/html/Document-Portal/system/CodeIgniter.php(337): CodeIgniter\CodeIgniter->handleRequest()
#7 /var/www/html/Document-Portal/index.php(38): CodeIgniter\CodeIgniter->run()
#8 {main}
CRITICAL - 2022-05-27 12:12:14 --> Illegal string offset 'categoryName'
#0 /var/www/html/Document-Portal/app/Views/reporting_category/index.php(33): CodeIgniter\Debug\Exceptions->errorHandler()
#1 /var/www/html/Document-Portal/system/View/View.php(230): include('/var/www/html/D...')
#2 /var/www/html/Document-Portal/system/View/View.php(232): CodeIgniter\View\View->CodeIgniter\View\{closure}()
#3 /var/www/html/Document-Portal/system/Common.php(1271): CodeIgniter\View\View->render()
#4 /var/www/html/Document-Portal/app/Controllers/BaseController.php(80): view()
#5 /var/www/html/Document-Portal/app/Controllers/ReportingCategory.php(34): App\Controllers\BaseController->render_template()
#6 /var/www/html/Document-Portal/system/CodeIgniter.php(929): App\Controllers\ReportingCategory->index()
#7 /var/www/html/Document-Portal/system/CodeIgniter.php(437): CodeIgniter\CodeIgniter->runController()
#8 /var/www/html/Document-Portal/system/CodeIgniter.php(337): CodeIgniter\CodeIgniter->handleRequest()
#9 /var/www/html/Document-Portal/index.php(38): CodeIgniter\CodeIgniter->run()
#10 {main}
CRITICAL - 2022-05-27 12:12:39 --> Illegal string offset 'categoryName'
#0 /var/www/html/Document-Portal/app/Views/reporting_category/index.php(33): CodeIgniter\Debug\Exceptions->errorHandler()
#1 /var/www/html/Document-Portal/system/View/View.php(230): include('/var/www/html/D...')
#2 /var/www/html/Document-Portal/system/View/View.php(232): CodeIgniter\View\View->CodeIgniter\View\{closure}()
#3 /var/www/html/Document-Portal/system/Common.php(1271): CodeIgniter\View\View->render()
#4 /var/www/html/Document-Portal/app/Controllers/BaseController.php(80): view()
#5 /var/www/html/Document-Portal/app/Controllers/ReportingCategory.php(34): App\Controllers\BaseController->render_template()
#6 /var/www/html/Document-Portal/system/CodeIgniter.php(929): App\Controllers\ReportingCategory->index()
#7 /var/www/html/Document-Portal/system/CodeIgniter.php(437): CodeIgniter\CodeIgniter->runController()
#8 /var/www/html/Document-Portal/system/CodeIgniter.php(337): CodeIgniter\CodeIgniter->handleRequest()
#9 /var/www/html/Document-Portal/index.php(38): CodeIgniter\CodeIgniter->run()
#10 {main}
CRITICAL - 2022-05-27 12:19:53 --> syntax error, unexpected 'print_r' (T_STRING), expecting ';' or ','
#0 /var/www/html/Document-Portal/system/Autoloader/Autoloader.php(273): CodeIgniter\Autoloader\Autoloader->includeFile()
#1 /var/www/html/Document-Portal/system/Autoloader/Autoloader.php(247): CodeIgniter\Autoloader\Autoloader->loadInNamespace()
#2 [internal function]: CodeIgniter\Autoloader\Autoloader->loadClass()
#3 [internal function]: spl_autoload_call()
#4 /var/www/html/Document-Portal/system/CodeIgniter.php(886): class_exists()
#5 /var/www/html/Document-Portal/system/CodeIgniter.php(422): CodeIgniter\CodeIgniter->startController()
#6 /var/www/html/Document-Portal/system/CodeIgniter.php(337): CodeIgniter\CodeIgniter->handleRequest()
#7 /var/www/html/Document-Portal/index.php(38): CodeIgniter\CodeIgniter->run()
#8 {main}
CRITICAL - 2022-05-27 12:20:02 --> syntax error, unexpected '}'
#0 /var/www/html/Document-Portal/system/Autoloader/Autoloader.php(273): CodeIgniter\Autoloader\Autoloader->includeFile()
#1 /var/www/html/Document-Portal/system/Autoloader/Autoloader.php(247): CodeIgniter\Autoloader\Autoloader->loadInNamespace()
#2 [internal function]: CodeIgniter\Autoloader\Autoloader->loadClass()
#3 [internal function]: spl_autoload_call()
#4 /var/www/html/Document-Portal/system/CodeIgniter.php(886): class_exists()
#5 /var/www/html/Document-Portal/system/CodeIgniter.php(422): CodeIgniter\CodeIgniter->startController()
#6 /var/www/html/Document-Portal/system/CodeIgniter.php(337): CodeIgniter\CodeIgniter->handleRequest()
#7 /var/www/html/Document-Portal/index.php(38): CodeIgniter\CodeIgniter->run()
#8 {main}
CRITICAL - 2022-05-27 12:20:34 --> syntax error, unexpected '}'
#0 /var/www/html/Document-Portal/system/Autoloader/Autoloader.php(273): CodeIgniter\Autoloader\Autoloader->includeFile()
#1 /var/www/html/Document-Portal/system/Autoloader/Autoloader.php(247): CodeIgniter\Autoloader\Autoloader->loadInNamespace()
#2 [internal function]: CodeIgniter\Autoloader\Autoloader->loadClass()
#3 [internal function]: spl_autoload_call()
#4 /var/www/html/Document-Portal/system/CodeIgniter.php(886): class_exists()
#5 /var/www/html/Document-Portal/system/CodeIgniter.php(422): CodeIgniter\CodeIgniter->startController()
#6 /var/www/html/Document-Portal/system/CodeIgniter.php(337): CodeIgniter\CodeIgniter->handleRequest()
#7 /var/www/html/Document-Portal/index.php(38): CodeIgniter\CodeIgniter->run()
#8 {main}
CRITICAL - 2022-05-27 12:20:51 --> syntax error, unexpected '}'
#0 /var/www/html/Document-Portal/system/Autoloader/Autoloader.php(273): CodeIgniter\Autoloader\Autoloader->includeFile()
#1 /var/www/html/Document-Portal/system/Autoloader/Autoloader.php(247): CodeIgniter\Autoloader\Autoloader->loadInNamespace()
#2 [internal function]: CodeIgniter\Autoloader\Autoloader->loadClass()
#3 [internal function]: spl_autoload_call()
#4 /var/www/html/Document-Portal/system/CodeIgniter.php(886): class_exists()
#5 /var/www/html/Document-Portal/system/CodeIgniter.php(422): CodeIgniter\CodeIgniter->startController()
#6 /var/www/html/Document-Portal/system/CodeIgniter.php(337): CodeIgniter\CodeIgniter->handleRequest()
#7 /var/www/html/Document-Portal/index.php(38): CodeIgniter\CodeIgniter->run()
#8 {main}
CRITICAL - 2022-05-27 12:21:33 --> syntax error, unexpected '}'
#0 /var/www/html/Document-Portal/system/Autoloader/Autoloader.php(273): CodeIgniter\Autoloader\Autoloader->includeFile()
#1 /var/www/html/Document-Portal/system/Autoloader/Autoloader.php(247): CodeIgniter\Autoloader\Autoloader->loadInNamespace()
#2 [internal function]: CodeIgniter\Autoloader\Autoloader->loadClass()
#3 [internal function]: spl_autoload_call()
#4 /var/www/html/Document-Portal/system/CodeIgniter.php(886): class_exists()
#5 /var/www/html/Document-Portal/system/CodeIgniter.php(422): CodeIgniter\CodeIgniter->startController()
#6 /var/www/html/Document-Portal/system/CodeIgniter.php(337): CodeIgniter\CodeIgniter->handleRequest()
#7 /var/www/html/Document-Portal/index.php(38): CodeIgniter\CodeIgniter->run()
#8 {main}
CRITICAL - 2022-05-27 12:36:45 --> syntax error, unexpected '}', expecting ';' or ','
#0 /var/www/html/Document-Portal/system/View/View.php(232): CodeIgniter\View\View->CodeIgniter\View\{closure}()
#1 /var/www/html/Document-Portal/system/Common.php(1271): CodeIgniter\View\View->render()
#2 /var/www/html/Document-Portal/app/Controllers/BaseController.php(80): view()
#3 /var/www/html/Document-Portal/app/Controllers/ReportingCategory.php(39): App\Controllers\BaseController->render_template()
#4 /var/www/html/Document-Portal/system/CodeIgniter.php(929): App\Controllers\ReportingCategory->index()
#5 /var/www/html/Document-Portal/system/CodeIgniter.php(437): CodeIgniter\CodeIgniter->runController()
#6 /var/www/html/Document-Portal/system/CodeIgniter.php(337): CodeIgniter\CodeIgniter->handleRequest()
#7 /var/www/html/Document-Portal/index.php(38): CodeIgniter\CodeIgniter->run()
#8 {main}
CRITICAL - 2022-05-27 12:37:04 --> Invalid argument supplied for foreach()
#0 /var/www/html/Document-Portal/app/Views/reporting_category/index.php(37): CodeIgniter\Debug\Exceptions->errorHandler()
#1 /var/www/html/Document-Portal/system/View/View.php(230): include('/var/www/html/D...')
#2 /var/www/html/Document-Portal/system/View/View.php(232): CodeIgniter\View\View->CodeIgniter\View\{closure}()
#3 /var/www/html/Document-Portal/system/Common.php(1271): CodeIgniter\View\View->render()
#4 /var/www/html/Document-Portal/app/Controllers/BaseController.php(80): view()
#5 /var/www/html/Document-Portal/app/Controllers/ReportingCategory.php(39): App\Controllers\BaseController->render_template()
#6 /var/www/html/Document-Portal/system/CodeIgniter.php(929): App\Controllers\ReportingCategory->index()
#7 /var/www/html/Document-Portal/system/CodeIgniter.php(437): CodeIgniter\CodeIgniter->runController()
#8 /var/www/html/Document-Portal/system/CodeIgniter.php(337): CodeIgniter\CodeIgniter->handleRequest()
#9 /var/www/html/Document-Portal/index.php(38): CodeIgniter\CodeIgniter->run()
#10 {main}
CRITICAL - 2022-05-27 12:38:42 --> Invalid argument supplied for foreach()
#0 /var/www/html/Document-Portal/app/Views/reporting_category/index.php(37): CodeIgniter\Debug\Exceptions->errorHandler()
#1 /var/www/html/Document-Portal/system/View/View.php(230): include('/var/www/html/D...')
#2 /var/www/html/Document-Portal/system/View/View.php(232): CodeIgniter\View\View->CodeIgniter\View\{closure}()
#3 /var/www/html/Document-Portal/system/Common.php(1271): CodeIgniter\View\View->render()
#4 /var/www/html/Document-Portal/app/Controllers/BaseController.php(80): view()
#5 /var/www/html/Document-Portal/app/Controllers/ReportingCategory.php(39): App\Controllers\BaseController->render_template()
#6 /var/www/html/Document-Portal/system/CodeIgniter.php(929): App\Controllers\ReportingCategory->index()
#7 /var/www/html/Document-Portal/system/CodeIgniter.php(437): CodeIgniter\CodeIgniter->runController()
#8 /var/www/html/Document-Portal/system/CodeIgniter.php(337): CodeIgniter\CodeIgniter->handleRequest()
#9 /var/www/html/Document-Portal/index.php(38): CodeIgniter\CodeIgniter->run()
#10 {main}
CRITICAL - 2022-05-27 12:38:43 --> Invalid argument supplied for foreach()
#0 /var/www/html/Document-Portal/app/Views/reporting_category/index.php(37): CodeIgniter\Debug\Exceptions->errorHandler()
#1 /var/www/html/Document-Portal/system/View/View.php(230): include('/var/www/html/D...')
#2 /var/www/html/Document-Portal/system/View/View.php(232): CodeIgniter\View\View->CodeIgniter\View\{closure}()
#3 /var/www/html/Document-Portal/system/Common.php(1271): CodeIgniter\View\View->render()
#4 /var/www/html/Document-Portal/app/Controllers/BaseController.php(80): view()
#5 /var/www/html/Document-Portal/app/Controllers/ReportingCategory.php(39): App\Controllers\BaseController->render_template()
#6 /var/www/html/Document-Portal/system/CodeIgniter.php(929): App\Controllers\ReportingCategory->index()
#7 /var/www/html/Document-Portal/system/CodeIgniter.php(437): CodeIgniter\CodeIgniter->runController()
#8 /var/www/html/Document-Portal/system/CodeIgniter.php(337): CodeIgniter\CodeIgniter->handleRequest()
#9 /var/www/html/Document-Portal/index.php(38): CodeIgniter\CodeIgniter->run()
#10 {main}
CRITICAL - 2022-05-27 12:49:55 --> syntax error, unexpected '<', expecting :: (T_PAAMAYIM_NEKUDOTAYIM)
#0 /var/www/html/Document-Portal/system/View/View.php(232): CodeIgniter\View\View->CodeIgniter\View\{closure}()
#1 /var/www/html/Document-Portal/system/Common.php(1271): CodeIgniter\View\View->render()
#2 /var/www/html/Document-Portal/app/Controllers/BaseController.php(80): view()
#3 /var/www/html/Document-Portal/app/Controllers/ReportingCategory.php(39): App\Controllers\BaseController->render_template()
#4 /var/www/html/Document-Portal/system/CodeIgniter.php(929): App\Controllers\ReportingCategory->index()
#5 /var/www/html/Document-Portal/system/CodeIgniter.php(437): CodeIgniter\CodeIgniter->runController()
#6 /var/www/html/Document-Portal/system/CodeIgniter.php(337): CodeIgniter\CodeIgniter->handleRequest()
#7 /var/www/html/Document-Portal/index.php(38): CodeIgniter\CodeIgniter->run()
#8 {main}
CRITICAL - 2022-05-27 12:50:20 --> syntax error, unexpected '<', expecting :: (T_PAAMAYIM_NEKUDOTAYIM)
#0 /var/www/html/Document-Portal/system/View/View.php(232): CodeIgniter\View\View->CodeIgniter\View\{closure}()
#1 /var/www/html/Document-Portal/system/Common.php(1271): CodeIgniter\View\View->render()
#2 /var/www/html/Document-Portal/app/Controllers/BaseController.php(80): view()
#3 /var/www/html/Document-Portal/app/Controllers/ReportingCategory.php(39): App\Controllers\BaseController->render_template()
#4 /var/www/html/Document-Portal/system/CodeIgniter.php(929): App\Controllers\ReportingCategory->index()
#5 /var/www/html/Document-Portal/system/CodeIgniter.php(437): CodeIgniter\CodeIgniter->runController()
#6 /var/www/html/Document-Portal/system/CodeIgniter.php(337): CodeIgniter\CodeIgniter->handleRequest()
#7 /var/www/html/Document-Portal/index.php(38): CodeIgniter\CodeIgniter->run()
#8 {main}
CRITICAL - 2022-05-27 13:07:28 --> Allowed memory size of 134217728 bytes exhausted (tried to allocate 65028096 bytes)
#0 [internal function]: CodeIgniter\Debug\Exceptions->shutdownHandler()
#1 {main}
CRITICAL - 2022-05-27 13:07:45 --> Allowed memory size of 134217728 bytes exhausted (tried to allocate 65028096 bytes)
#0 [internal function]: CodeIgniter\Debug\Exceptions->shutdownHandler()
#1 {main}
CRITICAL - 2022-05-27 13:18:47 --> 'goto' to undefined label 'abc'
#0 [internal function]: CodeIgniter\Debug\Exceptions->shutdownHandler()
#1 {main}
CRITICAL - 2022-05-27 14:03:02 --> Call to undefined function App\Controllers\append_string()
#0 /var/www/html/Document-Portal/system/CodeIgniter.php(929): App\Controllers\ReportingCategory->index()
#1 /var/www/html/Document-Portal/system/CodeIgniter.php(437): CodeIgniter\CodeIgniter->runController()
#2 /var/www/html/Document-Portal/system/CodeIgniter.php(337): CodeIgniter\CodeIgniter->handleRequest()
#3 /var/www/html/Document-Portal/index.php(38): CodeIgniter\CodeIgniter->run()
#4 {main}
CRITICAL - 2022-05-27 14:54:41 --> syntax error, unexpected 'endforeach' (T_ENDFOREACH), expecting end of file
#0 /var/www/html/Document-Portal/system/View/View.php(232): CodeIgniter\View\View->CodeIgniter\View\{closure}()
#1 /var/www/html/Document-Portal/system/Common.php(1271): CodeIgniter\View\View->render()
#2 /var/www/html/Document-Portal/app/Controllers/BaseController.php(80): view()
#3 /var/www/html/Document-Portal/app/Controllers/ReportingCategory.php(58): App\Controllers\BaseController->render_template()
#4 /var/www/html/Document-Portal/system/CodeIgniter.php(929): App\Controllers\ReportingCategory->index()
#5 /var/www/html/Document-Portal/system/CodeIgniter.php(437): CodeIgniter\CodeIgniter->runController()
#6 /var/www/html/Document-Portal/system/CodeIgniter.php(337): CodeIgniter\CodeIgniter->handleRequest()
#7 /var/www/html/Document-Portal/index.php(38): CodeIgniter\CodeIgniter->run()
#8 {main}
CRITICAL - 2022-05-27 15:09:52 --> mkdir(): Permission denied
#0 [internal function]: CodeIgniter\Debug\Exceptions->errorHandler()
#1 /var/www/html/Document-Portal/app/Controllers/SubCategory.php(50): mkdir()
#2 /var/www/html/Document-Portal/system/CodeIgniter.php(929): App\Controllers\SubCategory->create()
#3 /var/www/html/Document-Portal/system/CodeIgniter.php(437): CodeIgniter\CodeIgniter->runController()
#4 /var/www/html/Document-Portal/system/CodeIgniter.php(337): CodeIgniter\CodeIgniter->handleRequest()
#5 /var/www/html/Document-Portal/index.php(38): CodeIgniter\CodeIgniter->run()
#6 {main}
CRITICAL - 2022-05-27 15:38:30 --> mkdir(): Permission denied
#0 [internal function]: CodeIgniter\Debug\Exceptions->errorHandler()
#1 /var/www/html/Document-Portal/app/Controllers/SubCategory.php(50): mkdir()
#2 /var/www/html/Document-Portal/system/CodeIgniter.php(929): App\Controllers\SubCategory->create()
#3 /var/www/html/Document-Portal/system/CodeIgniter.php(437): CodeIgniter\CodeIgniter->runController()
#4 /var/www/html/Document-Portal/system/CodeIgniter.php(337): CodeIgniter\CodeIgniter->handleRequest()
#5 /var/www/html/Document-Portal/index.php(38): CodeIgniter\CodeIgniter->run()
#6 {main}
CRITICAL - 2022-05-27 15:40:50 --> mkdir(): Permission denied
#0 [internal function]: CodeIgniter\Debug\Exceptions->errorHandler()
#1 /var/www/html/Document-Portal/app/Controllers/SubCategory.php(50): mkdir()
#2 /var/www/html/Document-Portal/system/CodeIgniter.php(929): App\Controllers\SubCategory->create()
#3 /var/www/html/Document-Portal/system/CodeIgniter.php(437): CodeIgniter\CodeIgniter->runController()
#4 /var/www/html/Document-Portal/system/CodeIgniter.php(337): CodeIgniter\CodeIgniter->handleRequest()
#5 /var/www/html/Document-Portal/index.php(38): CodeIgniter\CodeIgniter->run()
#6 {main}
ERROR - 2022-05-27 16:00:36 --> Unknown column 'DocumentsManage.companyID' in 'on clause'
CRITICAL - 2022-05-27 16:00:36 --> Call to a member function getResult() on bool
#0 /var/www/html/Document-Portal/system/BaseModel.php(603): CodeIgniter\Model->doFindAll()
#1 /var/www/html/Document-Portal/app/Models/DocumentsModel.php(58): CodeIgniter\BaseModel->findAll()
#2 /var/www/html/Document-Portal/app/Controllers/Documents.php(149): App\Models\DocumentsModel->make_datatables()
#3 /var/www/html/Document-Portal/system/CodeIgniter.php(929): App\Controllers\Documents->fetch_documents()
#4 /var/www/html/Document-Portal/system/CodeIgniter.php(437): CodeIgniter\CodeIgniter->runController()
#5 /var/www/html/Document-Portal/system/CodeIgniter.php(337): CodeIgniter\CodeIgniter->handleRequest()
#6 /var/www/html/Document-Portal/index.php(38): CodeIgniter\CodeIgniter->run()
#7 {main}
ERROR - 2022-05-27 16:00:48 --> Unknown column 'DocumentsManage.companyID' in 'on clause'
CRITICAL - 2022-05-27 16:00:48 --> Call to a member function getResult() on bool
#0 /var/www/html/Document-Portal/system/BaseModel.php(603): CodeIgniter\Model->doFindAll()
#1 /var/www/html/Document-Portal/app/Models/DocumentsModel.php(58): CodeIgniter\BaseModel->findAll()
#2 /var/www/html/Document-Portal/app/Controllers/Documents.php(149): App\Models\DocumentsModel->make_datatables()
#3 /var/www/html/Document-Portal/system/CodeIgniter.php(929): App\Controllers\Documents->fetch_documents()
#4 /var/www/html/Document-Portal/system/CodeIgniter.php(437): CodeIgniter\CodeIgniter->runController()
#5 /var/www/html/Document-Portal/system/CodeIgniter.php(337): CodeIgniter\CodeIgniter->handleRequest()
#6 /var/www/html/Document-Portal/index.php(38): CodeIgniter\CodeIgniter->run()
#7 {main}
ERROR - 2022-05-27 16:01:11 --> Unknown column 'DocumentsManage.companyID' in 'on clause'
CRITICAL - 2022-05-27 16:01:11 --> Call to a member function getResult() on bool
#0 /var/www/html/Document-Portal/system/BaseModel.php(603): CodeIgniter\Model->doFindAll()
#1 /var/www/html/Document-Portal/app/Models/DocumentsModel.php(58): CodeIgniter\BaseModel->findAll()
#2 /var/www/html/Document-Portal/app/Controllers/Documents.php(149): App\Models\DocumentsModel->make_datatables()
#3 /var/www/html/Document-Portal/system/CodeIgniter.php(929): App\Controllers\Documents->fetch_documents()
#4 /var/www/html/Document-Portal/system/CodeIgniter.php(437): CodeIgniter\CodeIgniter->runController()
#5 /var/www/html/Document-Portal/system/CodeIgniter.php(337): CodeIgniter\CodeIgniter->handleRequest()
#6 /var/www/html/Document-Portal/index.php(38): CodeIgniter\CodeIgniter->run()
#7 {main}
CRITICAL - 2022-05-27 17:56:08 --> syntax error, unexpected end of file, expecting elseif (T_ELSEIF) or else (T_ELSE) or endif (T_ENDIF)
#0 /var/www/html/Document-Portal/system/View/View.php(232): CodeIgniter\View\View->CodeIgniter\View\{closure}()
#1 /var/www/html/Document-Portal/system/Common.php(1271): CodeIgniter\View\View->render()
#2 /var/www/html/Document-Portal/app/Controllers/BaseController.php(80): view()
#3 /var/www/html/Document-Portal/app/Controllers/ReportingCategory.php(57): App\Controllers\BaseController->render_template()
#4 /var/www/html/Document-Portal/system/CodeIgniter.php(929): App\Controllers\ReportingCategory->index()
#5 /var/www/html/Document-Portal/system/CodeIgniter.php(437): CodeIgniter\CodeIgniter->runController()
#6 /var/www/html/Document-Portal/system/CodeIgniter.php(337): CodeIgniter\CodeIgniter->handleRequest()
#7 /var/www/html/Document-Portal/index.php(38): CodeIgniter\CodeIgniter->run()
#8 {main}
