CRITICAL - 2022-06-07 13:01:52 --> syntax error, unexpected token "(", expecting identifier or variable or "{" or "$"
#0 /var/www/html/Document-Portal/system/Autoloader/Autoloader.php(273): CodeIgniter\Autoloader\Autoloader->includeFile()
#1 /var/www/html/Document-Portal/system/Autoloader/Autoloader.php(247): CodeIgniter\Autoloader\Autoloader->loadInNamespace()
#2 [internal function]: CodeIgniter\Autoloader\Autoloader->loadClass()
#3 /var/www/html/Document-Portal/system/CodeIgniter.php(886): class_exists()
#4 /var/www/html/Document-Portal/system/CodeIgniter.php(422): CodeIgniter\CodeIgniter->startController()
#5 /var/www/html/Document-Portal/system/CodeIgniter.php(337): CodeIgniter\CodeIgniter->handleRequest()
#6 /var/www/html/Document-Portal/index.php(38): CodeIgniter\CodeIgniter->run()
#7 {main}
CRITICAL - 2022-06-07 13:02:21 --> Array to string conversion
#0 /var/www/html/Document-Portal/app/Controllers/Workflow.php(398): CodeIgniter\Debug\Exceptions->errorHandler()
#1 /var/www/html/Document-Portal/system/CodeIgniter.php(929): App\Controllers\Workflow->view_documents()
#2 /var/www/html/Document-Portal/system/CodeIgniter.php(437): CodeIgniter\CodeIgniter->runController()
#3 /var/www/html/Document-Portal/system/CodeIgniter.php(337): CodeIgniter\CodeIgniter->handleRequest()
#4 /var/www/html/Document-Portal/index.php(38): CodeIgniter\CodeIgniter->run()
#5 {main}
CRITICAL - 2022-06-07 13:08:10 --> Trying to access array offset on value of type null
#0 /var/www/html/Document-Portal/app/Controllers/Workflow.php(397): CodeIgniter\Debug\Exceptions->errorHandler()
#1 /var/www/html/Document-Portal/system/CodeIgniter.php(929): App\Controllers\Workflow->view_documents()
#2 /var/www/html/Document-Portal/system/CodeIgniter.php(437): CodeIgniter\CodeIgniter->runController()
#3 /var/www/html/Document-Portal/system/CodeIgniter.php(337): CodeIgniter\CodeIgniter->handleRequest()
#4 /var/www/html/Document-Portal/index.php(38): CodeIgniter\CodeIgniter->run()
#5 {main}
CRITICAL - 2022-06-07 13:08:10 --> Trying to access array offset on value of type null
#0 /var/www/html/Document-Portal/app/Controllers/Workflow.php(397): CodeIgniter\Debug\Exceptions->errorHandler()
#1 /var/www/html/Document-Portal/system/CodeIgniter.php(929): App\Controllers\Workflow->view_documents()
#2 /var/www/html/Document-Portal/system/CodeIgniter.php(437): CodeIgniter\CodeIgniter->runController()
#3 /var/www/html/Document-Portal/system/CodeIgniter.php(337): CodeIgniter\CodeIgniter->handleRequest()
#4 /var/www/html/Document-Portal/index.php(38): CodeIgniter\CodeIgniter->run()
#5 {main}
CRITICAL - 2022-06-07 13:09:44 --> Trying to access array offset on value of type null
#0 /var/www/html/Document-Portal/app/Controllers/Workflow.php(397): CodeIgniter\Debug\Exceptions->errorHandler()
#1 /var/www/html/Document-Portal/system/CodeIgniter.php(929): App\Controllers\Workflow->view_documents()
#2 /var/www/html/Document-Portal/system/CodeIgniter.php(437): CodeIgniter\CodeIgniter->runController()
#3 /var/www/html/Document-Portal/system/CodeIgniter.php(337): CodeIgniter\CodeIgniter->handleRequest()
#4 /var/www/html/Document-Portal/index.php(38): CodeIgniter\CodeIgniter->run()
#5 {main}
CRITICAL - 2022-06-07 13:09:44 --> Trying to access array offset on value of type null
#0 /var/www/html/Document-Portal/app/Controllers/Workflow.php(397): CodeIgniter\Debug\Exceptions->errorHandler()
#1 /var/www/html/Document-Portal/system/CodeIgniter.php(929): App\Controllers\Workflow->view_documents()
#2 /var/www/html/Document-Portal/system/CodeIgniter.php(437): CodeIgniter\CodeIgniter->runController()
#3 /var/www/html/Document-Portal/system/CodeIgniter.php(337): CodeIgniter\CodeIgniter->handleRequest()
#4 /var/www/html/Document-Portal/index.php(38): CodeIgniter\CodeIgniter->run()
#5 {main}
CRITICAL - 2022-06-07 13:10:23 --> Trying to access array offset on value of type null
#0 /var/www/html/Document-Portal/app/Controllers/Workflow.php(397): CodeIgniter\Debug\Exceptions->errorHandler()
#1 /var/www/html/Document-Portal/system/CodeIgniter.php(929): App\Controllers\Workflow->view_documents()
#2 /var/www/html/Document-Portal/system/CodeIgniter.php(437): CodeIgniter\CodeIgniter->runController()
#3 /var/www/html/Document-Portal/system/CodeIgniter.php(337): CodeIgniter\CodeIgniter->handleRequest()
#4 /var/www/html/Document-Portal/index.php(38): CodeIgniter\CodeIgniter->run()
#5 {main}
CRITICAL - 2022-06-07 13:10:54 --> Trying to access array offset on value of type null
#0 /var/www/html/Document-Portal/app/Controllers/Workflow.php(397): CodeIgniter\Debug\Exceptions->errorHandler()
#1 /var/www/html/Document-Portal/system/CodeIgniter.php(929): App\Controllers\Workflow->view_documents()
#2 /var/www/html/Document-Portal/system/CodeIgniter.php(437): CodeIgniter\CodeIgniter->runController()
#3 /var/www/html/Document-Portal/system/CodeIgniter.php(337): CodeIgniter\CodeIgniter->handleRequest()
#4 /var/www/html/Document-Portal/index.php(38): CodeIgniter\CodeIgniter->run()
#5 {main}
CRITICAL - 2022-06-07 13:10:54 --> Trying to access array offset on value of type null
#0 /var/www/html/Document-Portal/app/Controllers/Workflow.php(397): CodeIgniter\Debug\Exceptions->errorHandler()
#1 /var/www/html/Document-Portal/system/CodeIgniter.php(929): App\Controllers\Workflow->view_documents()
#2 /var/www/html/Document-Portal/system/CodeIgniter.php(437): CodeIgniter\CodeIgniter->runController()
#3 /var/www/html/Document-Portal/system/CodeIgniter.php(337): CodeIgniter\CodeIgniter->handleRequest()
#4 /var/www/html/Document-Portal/index.php(38): CodeIgniter\CodeIgniter->run()
#5 {main}
CRITICAL - 2022-06-07 13:29:59 --> Trying to access array offset on value of type null
#0 /var/www/html/Document-Portal/app/Controllers/Workflow.php(397): CodeIgniter\Debug\Exceptions->errorHandler()
#1 /var/www/html/Document-Portal/system/CodeIgniter.php(929): App\Controllers\Workflow->view_documents()
#2 /var/www/html/Document-Portal/system/CodeIgniter.php(437): CodeIgniter\CodeIgniter->runController()
#3 /var/www/html/Document-Portal/system/CodeIgniter.php(337): CodeIgniter\CodeIgniter->handleRequest()
#4 /var/www/html/Document-Portal/index.php(38): CodeIgniter\CodeIgniter->run()
#5 {main}
CRITICAL - 2022-06-07 13:29:59 --> Trying to access array offset on value of type null
#0 /var/www/html/Document-Portal/app/Controllers/Workflow.php(397): CodeIgniter\Debug\Exceptions->errorHandler()
#1 /var/www/html/Document-Portal/system/CodeIgniter.php(929): App\Controllers\Workflow->view_documents()
#2 /var/www/html/Document-Portal/system/CodeIgniter.php(437): CodeIgniter\CodeIgniter->runController()
#3 /var/www/html/Document-Portal/system/CodeIgniter.php(337): CodeIgniter\CodeIgniter->handleRequest()
#4 /var/www/html/Document-Portal/index.php(38): CodeIgniter\CodeIgniter->run()
#5 {main}
CRITICAL - 2022-06-07 13:30:13 --> Trying to access array offset on value of type null
#0 /var/www/html/Document-Portal/app/Controllers/Workflow.php(397): CodeIgniter\Debug\Exceptions->errorHandler()
#1 /var/www/html/Document-Portal/system/CodeIgniter.php(929): App\Controllers\Workflow->view_documents()
#2 /var/www/html/Document-Portal/system/CodeIgniter.php(437): CodeIgniter\CodeIgniter->runController()
#3 /var/www/html/Document-Portal/system/CodeIgniter.php(337): CodeIgniter\CodeIgniter->handleRequest()
#4 /var/www/html/Document-Portal/index.php(38): CodeIgniter\CodeIgniter->run()
#5 {main}
CRITICAL - 2022-06-07 13:30:13 --> Trying to access array offset on value of type null
#0 /var/www/html/Document-Portal/app/Controllers/Workflow.php(397): CodeIgniter\Debug\Exceptions->errorHandler()
#1 /var/www/html/Document-Portal/system/CodeIgniter.php(929): App\Controllers\Workflow->view_documents()
#2 /var/www/html/Document-Portal/system/CodeIgniter.php(437): CodeIgniter\CodeIgniter->runController()
#3 /var/www/html/Document-Portal/system/CodeIgniter.php(337): CodeIgniter\CodeIgniter->handleRequest()
#4 /var/www/html/Document-Portal/index.php(38): CodeIgniter\CodeIgniter->run()
#5 {main}
CRITICAL - 2022-06-07 15:39:18 --> Undefined variable $docData
#0 /var/www/html/Document-Portal/app/Views/workflow/add.php(82): CodeIgniter\Debug\Exceptions->errorHandler()
#1 /var/www/html/Document-Portal/system/View/View.php(230): include('...')
#2 /var/www/html/Document-Portal/system/View/View.php(232): CodeIgniter\View\View->CodeIgniter\View\{closure}()
#3 /var/www/html/Document-Portal/system/Common.php(1271): CodeIgniter\View\View->render()
#4 /var/www/html/Document-Portal/app/Controllers/BaseController.php(80): view()
#5 /var/www/html/Document-Portal/app/Controllers/Workflow.php(118): App\Controllers\BaseController->render_template()
#6 /var/www/html/Document-Portal/system/CodeIgniter.php(929): App\Controllers\Workflow->add()
#7 /var/www/html/Document-Portal/system/CodeIgniter.php(437): CodeIgniter\CodeIgniter->runController()
#8 /var/www/html/Document-Portal/system/CodeIgniter.php(337): CodeIgniter\CodeIgniter->handleRequest()
#9 /var/www/html/Document-Portal/index.php(38): CodeIgniter\CodeIgniter->run()
#10 {main}
CRITICAL - 2022-06-07 15:43:40 --> Undefined variable $docData
#0 /var/www/html/Document-Portal/app/Views/workflow/add.php(82): CodeIgniter\Debug\Exceptions->errorHandler()
#1 /var/www/html/Document-Portal/system/View/View.php(230): include('...')
#2 /var/www/html/Document-Portal/system/View/View.php(232): CodeIgniter\View\View->CodeIgniter\View\{closure}()
#3 /var/www/html/Document-Portal/system/Common.php(1271): CodeIgniter\View\View->render()
#4 /var/www/html/Document-Portal/app/Controllers/BaseController.php(80): view()
#5 /var/www/html/Document-Portal/app/Controllers/Workflow.php(118): App\Controllers\BaseController->render_template()
#6 /var/www/html/Document-Portal/system/CodeIgniter.php(929): App\Controllers\Workflow->add()
#7 /var/www/html/Document-Portal/system/CodeIgniter.php(437): CodeIgniter\CodeIgniter->runController()
#8 /var/www/html/Document-Portal/system/CodeIgniter.php(337): CodeIgniter\CodeIgniter->handleRequest()
#9 /var/www/html/Document-Portal/index.php(38): CodeIgniter\CodeIgniter->run()
#10 {main}
CRITICAL - 2022-06-07 15:44:44 --> Undefined variable $docData
#0 /var/www/html/Document-Portal/app/Views/workflow/add.php(82): CodeIgniter\Debug\Exceptions->errorHandler()
#1 /var/www/html/Document-Portal/system/View/View.php(230): include('...')
#2 /var/www/html/Document-Portal/system/View/View.php(232): CodeIgniter\View\View->CodeIgniter\View\{closure}()
#3 /var/www/html/Document-Portal/system/Common.php(1271): CodeIgniter\View\View->render()
#4 /var/www/html/Document-Portal/app/Controllers/BaseController.php(80): view()
#5 /var/www/html/Document-Portal/app/Controllers/Workflow.php(117): App\Controllers\BaseController->render_template()
#6 /var/www/html/Document-Portal/system/CodeIgniter.php(929): App\Controllers\Workflow->add()
#7 /var/www/html/Document-Portal/system/CodeIgniter.php(437): CodeIgniter\CodeIgniter->runController()
#8 /var/www/html/Document-Portal/system/CodeIgniter.php(337): CodeIgniter\CodeIgniter->handleRequest()
#9 /var/www/html/Document-Portal/index.php(38): CodeIgniter\CodeIgniter->run()
#10 {main}
CRITICAL - 2022-06-07 15:45:33 --> Undefined variable $docData
#0 /var/www/html/Document-Portal/app/Views/workflow/add.php(82): CodeIgniter\Debug\Exceptions->errorHandler()
#1 /var/www/html/Document-Portal/system/View/View.php(230): include('...')
#2 /var/www/html/Document-Portal/system/View/View.php(232): CodeIgniter\View\View->CodeIgniter\View\{closure}()
#3 /var/www/html/Document-Portal/system/Common.php(1271): CodeIgniter\View\View->render()
#4 /var/www/html/Document-Portal/app/Controllers/BaseController.php(80): view()
#5 /var/www/html/Document-Portal/app/Controllers/Workflow.php(117): App\Controllers\BaseController->render_template()
#6 /var/www/html/Document-Portal/system/CodeIgniter.php(929): App\Controllers\Workflow->add()
#7 /var/www/html/Document-Portal/system/CodeIgniter.php(437): CodeIgniter\CodeIgniter->runController()
#8 /var/www/html/Document-Portal/system/CodeIgniter.php(337): CodeIgniter\CodeIgniter->handleRequest()
#9 /var/www/html/Document-Portal/index.php(38): CodeIgniter\CodeIgniter->run()
#10 {main}
CRITICAL - 2022-06-07 15:45:36 --> Undefined variable $docData
#0 /var/www/html/Document-Portal/app/Views/workflow/add.php(82): CodeIgniter\Debug\Exceptions->errorHandler()
#1 /var/www/html/Document-Portal/system/View/View.php(230): include('...')
#2 /var/www/html/Document-Portal/system/View/View.php(232): CodeIgniter\View\View->CodeIgniter\View\{closure}()
#3 /var/www/html/Document-Portal/system/Common.php(1271): CodeIgniter\View\View->render()
#4 /var/www/html/Document-Portal/app/Controllers/BaseController.php(80): view()
#5 /var/www/html/Document-Portal/app/Controllers/Workflow.php(117): App\Controllers\BaseController->render_template()
#6 /var/www/html/Document-Portal/system/CodeIgniter.php(929): App\Controllers\Workflow->add()
#7 /var/www/html/Document-Portal/system/CodeIgniter.php(437): CodeIgniter\CodeIgniter->runController()
#8 /var/www/html/Document-Portal/system/CodeIgniter.php(337): CodeIgniter\CodeIgniter->handleRequest()
#9 /var/www/html/Document-Portal/index.php(38): CodeIgniter\CodeIgniter->run()
#10 {main}
