CRITICAL - 2022-05-30 13:39:45 --> Class "App\Controllers\UsersModel" not found
#0 /var/www/html/Document-Portal/system/CodeIgniter.php(929): App\Controllers\UserDashboard->index()
#1 /var/www/html/Document-Portal/system/CodeIgniter.php(437): CodeIgniter\CodeIgniter->runController()
#2 /var/www/html/Document-Portal/system/CodeIgniter.php(337): CodeIgniter\CodeIgniter->handleRequest()
#3 /var/www/html/Document-Portal/index.php(38): CodeIgniter\CodeIgniter->run()
#4 {main}
CRITICAL - 2022-05-30 15:25:11 --> Undefined variable $global_tblUsers
#0 /var/www/html/Document-Portal/app/Controllers/Documents.php(112): CodeIgniter\Debug\Exceptions->errorHandler()
#1 /var/www/html/Document-Portal/system/CodeIgniter.php(929): App\Controllers\Documents->fetch_documents()
#2 /var/www/html/Document-Portal/system/CodeIgniter.php(437): CodeIgniter\CodeIgniter->runController()
#3 /var/www/html/Document-Portal/system/CodeIgniter.php(337): CodeIgniter\CodeIgniter->handleRequest()
#4 /var/www/html/Document-Portal/index.php(38): CodeIgniter\CodeIgniter->run()
#5 {main}
ERROR - 2022-05-30 15:25:41 --> Unknown column 'Company.companyId' in 'where clause'
CRITICAL - 2022-05-30 15:25:41 --> Call to a member function getResult() on bool
#0 /var/www/html/Document-Portal/system/BaseModel.php(603): CodeIgniter\Model->doFindAll()
#1 /var/www/html/Document-Portal/app/Models/DocumentsModel.php(58): CodeIgniter\BaseModel->findAll()
#2 /var/www/html/Document-Portal/app/Controllers/Documents.php(151): App\Models\DocumentsModel->make_datatables()
#3 /var/www/html/Document-Portal/system/CodeIgniter.php(929): App\Controllers\Documents->fetch_documents()
#4 /var/www/html/Document-Portal/system/CodeIgniter.php(437): CodeIgniter\CodeIgniter->runController()
#5 /var/www/html/Document-Portal/system/CodeIgniter.php(337): CodeIgniter\CodeIgniter->handleRequest()
#6 /var/www/html/Document-Portal/index.php(38): CodeIgniter\CodeIgniter->run()
#7 {main}
ERROR - 2022-05-30 15:25:51 --> Unknown column 'Company.companyId' in 'where clause'
CRITICAL - 2022-05-30 15:25:51 --> Call to a member function getResult() on bool
#0 /var/www/html/Document-Portal/system/BaseModel.php(603): CodeIgniter\Model->doFindAll()
#1 /var/www/html/Document-Portal/app/Models/DocumentsModel.php(58): CodeIgniter\BaseModel->findAll()
#2 /var/www/html/Document-Portal/app/Controllers/Documents.php(151): App\Models\DocumentsModel->make_datatables()
#3 /var/www/html/Document-Portal/system/CodeIgniter.php(929): App\Controllers\Documents->fetch_documents()
#4 /var/www/html/Document-Portal/system/CodeIgniter.php(437): CodeIgniter\CodeIgniter->runController()
#5 /var/www/html/Document-Portal/system/CodeIgniter.php(337): CodeIgniter\CodeIgniter->handleRequest()
#6 /var/www/html/Document-Portal/index.php(38): CodeIgniter\CodeIgniter->run()
#7 {main}
ERROR - 2022-05-30 15:27:25 --> Unknown column 'Company.companyId' in 'where clause'
CRITICAL - 2022-05-30 15:27:25 --> Call to a member function getResult() on bool
#0 /var/www/html/Document-Portal/system/BaseModel.php(603): CodeIgniter\Model->doFindAll()
#1 /var/www/html/Document-Portal/app/Models/DocumentsModel.php(58): CodeIgniter\BaseModel->findAll()
#2 /var/www/html/Document-Portal/app/Controllers/Documents.php(151): App\Models\DocumentsModel->make_datatables()
#3 /var/www/html/Document-Portal/system/CodeIgniter.php(929): App\Controllers\Documents->fetch_documents()
#4 /var/www/html/Document-Portal/system/CodeIgniter.php(437): CodeIgniter\CodeIgniter->runController()
#5 /var/www/html/Document-Portal/system/CodeIgniter.php(337): CodeIgniter\CodeIgniter->handleRequest()
#6 /var/www/html/Document-Portal/index.php(38): CodeIgniter\CodeIgniter->run()
#7 {main}
CRITICAL - 2022-05-30 15:37:00 --> Undefined array key 6
#0 /var/www/html/Document-Portal/app/Models/DocumentsModel.php(135): CodeIgniter\Debug\Exceptions->errorHandler()
#1 /var/www/html/Document-Portal/app/Models/DocumentsModel.php(56): App\Models\DocumentsModel->make_query()
#2 /var/www/html/Document-Portal/app/Controllers/Documents.php(155): App\Models\DocumentsModel->make_datatables()
#3 /var/www/html/Document-Portal/system/CodeIgniter.php(929): App\Controllers\Documents->fetch_documents()
#4 /var/www/html/Document-Portal/system/CodeIgniter.php(437): CodeIgniter\CodeIgniter->runController()
#5 /var/www/html/Document-Portal/system/CodeIgniter.php(337): CodeIgniter\CodeIgniter->handleRequest()
#6 /var/www/html/Document-Portal/index.php(38): CodeIgniter\CodeIgniter->run()
#7 {main}
CRITICAL - 2022-05-30 15:37:02 --> Undefined array key 7
#0 /var/www/html/Document-Portal/app/Models/DocumentsModel.php(135): CodeIgniter\Debug\Exceptions->errorHandler()
#1 /var/www/html/Document-Portal/app/Models/DocumentsModel.php(56): App\Models\DocumentsModel->make_query()
#2 /var/www/html/Document-Portal/app/Controllers/Documents.php(155): App\Models\DocumentsModel->make_datatables()
#3 /var/www/html/Document-Portal/system/CodeIgniter.php(929): App\Controllers\Documents->fetch_documents()
#4 /var/www/html/Document-Portal/system/CodeIgniter.php(437): CodeIgniter\CodeIgniter->runController()
#5 /var/www/html/Document-Portal/system/CodeIgniter.php(337): CodeIgniter\CodeIgniter->handleRequest()
#6 /var/www/html/Document-Portal/index.php(38): CodeIgniter\CodeIgniter->run()
#7 {main}
ERROR - 2022-05-30 15:37:05 --> Unknown column 'DocumentsManage.firstName' in 'order clause'
CRITICAL - 2022-05-30 15:37:05 --> Call to a member function getResult() on bool
#0 /var/www/html/Document-Portal/system/BaseModel.php(603): CodeIgniter\Model->doFindAll()
#1 /var/www/html/Document-Portal/app/Models/DocumentsModel.php(58): CodeIgniter\BaseModel->findAll()
#2 /var/www/html/Document-Portal/app/Controllers/Documents.php(155): App\Models\DocumentsModel->make_datatables()
#3 /var/www/html/Document-Portal/system/CodeIgniter.php(929): App\Controllers\Documents->fetch_documents()
#4 /var/www/html/Document-Portal/system/CodeIgniter.php(437): CodeIgniter\CodeIgniter->runController()
#5 /var/www/html/Document-Portal/system/CodeIgniter.php(337): CodeIgniter\CodeIgniter->handleRequest()
#6 /var/www/html/Document-Portal/index.php(38): CodeIgniter\CodeIgniter->run()
#7 {main}
ERROR - 2022-05-30 15:41:11 --> Unknown column 'DocumentsManage.firstName' in 'order clause'
CRITICAL - 2022-05-30 15:41:11 --> Call to a member function getResult() on bool
#0 /var/www/html/Document-Portal/system/BaseModel.php(603): CodeIgniter\Model->doFindAll()
#1 /var/www/html/Document-Portal/app/Models/DocumentsModel.php(58): CodeIgniter\BaseModel->findAll()
#2 /var/www/html/Document-Portal/app/Controllers/Documents.php(155): App\Models\DocumentsModel->make_datatables()
#3 /var/www/html/Document-Portal/system/CodeIgniter.php(929): App\Controllers\Documents->fetch_documents()
#4 /var/www/html/Document-Portal/system/CodeIgniter.php(437): CodeIgniter\CodeIgniter->runController()
#5 /var/www/html/Document-Portal/system/CodeIgniter.php(337): CodeIgniter\CodeIgniter->handleRequest()
#6 /var/www/html/Document-Portal/index.php(38): CodeIgniter\CodeIgniter->run()
#7 {main}
ERROR - 2022-05-30 15:41:13 --> Unknown column 'DocumentsManage.email' in 'order clause'
CRITICAL - 2022-05-30 15:41:13 --> Call to a member function getResult() on bool
#0 /var/www/html/Document-Portal/system/BaseModel.php(603): CodeIgniter\Model->doFindAll()
#1 /var/www/html/Document-Portal/app/Models/DocumentsModel.php(58): CodeIgniter\BaseModel->findAll()
#2 /var/www/html/Document-Portal/app/Controllers/Documents.php(155): App\Models\DocumentsModel->make_datatables()
#3 /var/www/html/Document-Portal/system/CodeIgniter.php(929): App\Controllers\Documents->fetch_documents()
#4 /var/www/html/Document-Portal/system/CodeIgniter.php(437): CodeIgniter\CodeIgniter->runController()
#5 /var/www/html/Document-Portal/system/CodeIgniter.php(337): CodeIgniter\CodeIgniter->handleRequest()
#6 /var/www/html/Document-Portal/index.php(38): CodeIgniter\CodeIgniter->run()
#7 {main}
ERROR - 2022-05-30 15:41:15 --> Unknown column 'DocumentsManage.email' in 'order clause'
CRITICAL - 2022-05-30 15:41:15 --> Call to a member function getResult() on bool
#0 /var/www/html/Document-Portal/system/BaseModel.php(603): CodeIgniter\Model->doFindAll()
#1 /var/www/html/Document-Portal/app/Models/DocumentsModel.php(58): CodeIgniter\BaseModel->findAll()
#2 /var/www/html/Document-Portal/app/Controllers/Documents.php(155): App\Models\DocumentsModel->make_datatables()
#3 /var/www/html/Document-Portal/system/CodeIgniter.php(929): App\Controllers\Documents->fetch_documents()
#4 /var/www/html/Document-Portal/system/CodeIgniter.php(437): CodeIgniter\CodeIgniter->runController()
#5 /var/www/html/Document-Portal/system/CodeIgniter.php(337): CodeIgniter\CodeIgniter->handleRequest()
#6 /var/www/html/Document-Portal/index.php(38): CodeIgniter\CodeIgniter->run()
#7 {main}
ERROR - 2022-05-30 15:41:17 --> Unknown column 'DocumentsManage.firstName' in 'order clause'
CRITICAL - 2022-05-30 15:41:17 --> Call to a member function getResult() on bool
#0 /var/www/html/Document-Portal/system/BaseModel.php(603): CodeIgniter\Model->doFindAll()
#1 /var/www/html/Document-Portal/app/Models/DocumentsModel.php(58): CodeIgniter\BaseModel->findAll()
#2 /var/www/html/Document-Portal/app/Controllers/Documents.php(155): App\Models\DocumentsModel->make_datatables()
#3 /var/www/html/Document-Portal/system/CodeIgniter.php(929): App\Controllers\Documents->fetch_documents()
#4 /var/www/html/Document-Portal/system/CodeIgniter.php(437): CodeIgniter\CodeIgniter->runController()
#5 /var/www/html/Document-Portal/system/CodeIgniter.php(337): CodeIgniter\CodeIgniter->handleRequest()
#6 /var/www/html/Document-Portal/index.php(38): CodeIgniter\CodeIgniter->run()
#7 {main}
