CRITICAL - 2022-06-15 09:28:20 --> Undefined array key "HTTP_REFERER"
#0 /var/www/html/Document-Portal/app/Controllers/Workflow.php(333): CodeIgniter\Debug\Exceptions->errorHandler()
#1 /var/www/html/Document-Portal/system/CodeIgniter.php(929): App\Controllers\Workflow->edit()
#2 /var/www/html/Document-Portal/system/CodeIgniter.php(437): CodeIgniter\CodeIgniter->runController()
#3 /var/www/html/Document-Portal/system/CodeIgniter.php(337): CodeIgniter\CodeIgniter->handleRequest()
#4 /var/www/html/Document-Portal/index.php(38): CodeIgniter\CodeIgniter->run()
#5 {main}
CRITICAL - 2022-06-15 09:31:51 --> syntax error, unexpected token "}"
#0 /var/www/html/Document-Portal/system/Autoloader/Autoloader.php(273): CodeIgniter\Autoloader\Autoloader->includeFile()
#1 /var/www/html/Document-Portal/system/Autoloader/Autoloader.php(247): CodeIgniter\Autoloader\Autoloader->loadInNamespace()
#2 [internal function]: CodeIgniter\Autoloader\Autoloader->loadClass()
#3 /var/www/html/Document-Portal/system/CodeIgniter.php(886): class_exists()
#4 /var/www/html/Document-Portal/system/CodeIgniter.php(422): CodeIgniter\CodeIgniter->startController()
#5 /var/www/html/Document-Portal/system/CodeIgniter.php(337): CodeIgniter\CodeIgniter->handleRequest()
#6 /var/www/html/Document-Portal/index.php(38): CodeIgniter\CodeIgniter->run()
#7 {main}
CRITICAL - 2022-06-15 09:32:12 --> Undefined array key "HTTP_REFERER"
#0 /var/www/html/Document-Portal/app/Controllers/Workflow.php(333): CodeIgniter\Debug\Exceptions->errorHandler()
#1 /var/www/html/Document-Portal/system/CodeIgniter.php(929): App\Controllers\Workflow->edit()
#2 /var/www/html/Document-Portal/system/CodeIgniter.php(437): CodeIgniter\CodeIgniter->runController()
#3 /var/www/html/Document-Portal/system/CodeIgniter.php(337): CodeIgniter\CodeIgniter->handleRequest()
#4 /var/www/html/Document-Portal/index.php(38): CodeIgniter\CodeIgniter->run()
#5 {main}
CRITICAL - 2022-06-15 09:34:37 --> Undefined array key "HTTP_REFERER"
#0 /var/www/html/Document-Portal/app/Controllers/Workflow.php(333): CodeIgniter\Debug\Exceptions->errorHandler()
#1 /var/www/html/Document-Portal/system/CodeIgniter.php(929): App\Controllers\Workflow->edit()
#2 /var/www/html/Document-Portal/system/CodeIgniter.php(437): CodeIgniter\CodeIgniter->runController()
#3 /var/www/html/Document-Portal/system/CodeIgniter.php(337): CodeIgniter\CodeIgniter->handleRequest()
#4 /var/www/html/Document-Portal/index.php(38): CodeIgniter\CodeIgniter->run()
#5 {main}
CRITICAL - 2022-06-15 09:41:50 --> Undefined variable $flowis_active
#0 /var/www/html/Document-Portal/app/Controllers/Workflow.php(415): CodeIgniter\Debug\Exceptions->errorHandler()
#1 /var/www/html/Document-Portal/system/CodeIgniter.php(929): App\Controllers\Workflow->edit()
#2 /var/www/html/Document-Portal/system/CodeIgniter.php(437): CodeIgniter\CodeIgniter->runController()
#3 /var/www/html/Document-Portal/system/CodeIgniter.php(337): CodeIgniter\CodeIgniter->handleRequest()
#4 /var/www/html/Document-Portal/index.php(38): CodeIgniter\CodeIgniter->run()
#5 {main}
CRITICAL - 2022-06-15 09:42:29 --> Undefined variable $flowis_active
#0 /var/www/html/Document-Portal/app/Controllers/Workflow.php(415): CodeIgniter\Debug\Exceptions->errorHandler()
#1 /var/www/html/Document-Portal/system/CodeIgniter.php(929): App\Controllers\Workflow->edit()
#2 /var/www/html/Document-Portal/system/CodeIgniter.php(437): CodeIgniter\CodeIgniter->runController()
#3 /var/www/html/Document-Portal/system/CodeIgniter.php(337): CodeIgniter\CodeIgniter->handleRequest()
#4 /var/www/html/Document-Portal/index.php(38): CodeIgniter\CodeIgniter->run()
#5 {main}
CRITICAL - 2022-06-15 09:44:34 --> Undefined variable $flowis_active
#0 /var/www/html/Document-Portal/app/Controllers/Workflow.php(415): CodeIgniter\Debug\Exceptions->errorHandler()
#1 /var/www/html/Document-Portal/system/CodeIgniter.php(929): App\Controllers\Workflow->edit()
#2 /var/www/html/Document-Portal/system/CodeIgniter.php(437): CodeIgniter\CodeIgniter->runController()
#3 /var/www/html/Document-Portal/system/CodeIgniter.php(337): CodeIgniter\CodeIgniter->handleRequest()
#4 /var/www/html/Document-Portal/index.php(38): CodeIgniter\CodeIgniter->run()
#5 {main}
CRITICAL - 2022-06-15 09:46:54 --> Undefined variable $flowis_active
#0 /var/www/html/Document-Portal/app/Controllers/Workflow.php(415): CodeIgniter\Debug\Exceptions->errorHandler()
#1 /var/www/html/Document-Portal/system/CodeIgniter.php(929): App\Controllers\Workflow->edit()
#2 /var/www/html/Document-Portal/system/CodeIgniter.php(437): CodeIgniter\CodeIgniter->runController()
#3 /var/www/html/Document-Portal/system/CodeIgniter.php(337): CodeIgniter\CodeIgniter->handleRequest()
#4 /var/www/html/Document-Portal/index.php(38): CodeIgniter\CodeIgniter->run()
#5 {main}
CRITICAL - 2022-06-15 09:52:15 --> Undefined array key "HTTP_REFERER"
#0 /var/www/html/Document-Portal/app/Controllers/Workflow.php(333): CodeIgniter\Debug\Exceptions->errorHandler()
#1 /var/www/html/Document-Portal/system/CodeIgniter.php(929): App\Controllers\Workflow->edit()
#2 /var/www/html/Document-Portal/system/CodeIgniter.php(437): CodeIgniter\CodeIgniter->runController()
#3 /var/www/html/Document-Portal/system/CodeIgniter.php(337): CodeIgniter\CodeIgniter->handleRequest()
#4 /var/www/html/Document-Portal/index.php(38): CodeIgniter\CodeIgniter->run()
#5 {main}
CRITICAL - 2022-06-15 10:05:12 --> Undefined array key "HTTP_REFERER"
#0 /var/www/html/Document-Portal/app/Controllers/Workflow.php(333): CodeIgniter\Debug\Exceptions->errorHandler()
#1 /var/www/html/Document-Portal/system/CodeIgniter.php(929): App\Controllers\Workflow->edit()
#2 /var/www/html/Document-Portal/system/CodeIgniter.php(437): CodeIgniter\CodeIgniter->runController()
#3 /var/www/html/Document-Portal/system/CodeIgniter.php(337): CodeIgniter\CodeIgniter->handleRequest()
#4 /var/www/html/Document-Portal/index.php(38): CodeIgniter\CodeIgniter->run()
#5 {main}
CRITICAL - 2022-06-15 10:20:24 --> Undefined array key "HTTP_REFERER"
#0 /var/www/html/Document-Portal/app/Controllers/Workflow.php(333): CodeIgniter\Debug\Exceptions->errorHandler()
#1 /var/www/html/Document-Portal/system/CodeIgniter.php(929): App\Controllers\Workflow->edit()
#2 /var/www/html/Document-Portal/system/CodeIgniter.php(437): CodeIgniter\CodeIgniter->runController()
#3 /var/www/html/Document-Portal/system/CodeIgniter.php(337): CodeIgniter\CodeIgniter->handleRequest()
#4 /var/www/html/Document-Portal/index.php(38): CodeIgniter\CodeIgniter->run()
#5 {main}
CRITICAL - 2022-06-15 10:22:54 --> Undefined array key "HTTP_REFERER"
#0 /var/www/html/Document-Portal/app/Controllers/Workflow.php(333): CodeIgniter\Debug\Exceptions->errorHandler()
#1 /var/www/html/Document-Portal/system/CodeIgniter.php(929): App\Controllers\Workflow->edit()
#2 /var/www/html/Document-Portal/system/CodeIgniter.php(437): CodeIgniter\CodeIgniter->runController()
#3 /var/www/html/Document-Portal/system/CodeIgniter.php(337): CodeIgniter\CodeIgniter->handleRequest()
#4 /var/www/html/Document-Portal/index.php(38): CodeIgniter\CodeIgniter->run()
#5 {main}
CRITICAL - 2022-06-15 10:24:30 --> Undefined array key "HTTP_REFERER"
#0 /var/www/html/Document-Portal/app/Controllers/Workflow.php(333): CodeIgniter\Debug\Exceptions->errorHandler()
#1 /var/www/html/Document-Portal/system/CodeIgniter.php(929): App\Controllers\Workflow->edit()
#2 /var/www/html/Document-Portal/system/CodeIgniter.php(437): CodeIgniter\CodeIgniter->runController()
#3 /var/www/html/Document-Portal/system/CodeIgniter.php(337): CodeIgniter\CodeIgniter->handleRequest()
#4 /var/www/html/Document-Portal/index.php(38): CodeIgniter\CodeIgniter->run()
#5 {main}
CRITICAL - 2022-06-15 11:10:57 --> syntax error, unexpected token ";", expecting ")"
#0 /var/www/html/Document-Portal/system/Autoloader/Autoloader.php(273): CodeIgniter\Autoloader\Autoloader->includeFile()
#1 /var/www/html/Document-Portal/system/Autoloader/Autoloader.php(247): CodeIgniter\Autoloader\Autoloader->loadInNamespace()
#2 /var/www/html/Document-Portal/app/Controllers/Workflow.php(210): CodeIgniter\Autoloader\Autoloader->loadClass()
#3 /var/www/html/Document-Portal/system/CodeIgniter.php(929): App\Controllers\Workflow->fetch_workflow()
#4 /var/www/html/Document-Portal/system/CodeIgniter.php(437): CodeIgniter\CodeIgniter->runController()
#5 /var/www/html/Document-Portal/system/CodeIgniter.php(337): CodeIgniter\CodeIgniter->handleRequest()
#6 /var/www/html/Document-Portal/index.php(38): CodeIgniter\CodeIgniter->run()
#7 {main}
CRITICAL - 2022-06-15 11:11:01 --> syntax error, unexpected token ";", expecting ")"
#0 /var/www/html/Document-Portal/system/Autoloader/Autoloader.php(273): CodeIgniter\Autoloader\Autoloader->includeFile()
#1 /var/www/html/Document-Portal/system/Autoloader/Autoloader.php(247): CodeIgniter\Autoloader\Autoloader->loadInNamespace()
#2 /var/www/html/Document-Portal/app/Controllers/Workflow.php(210): CodeIgniter\Autoloader\Autoloader->loadClass()
#3 /var/www/html/Document-Portal/system/CodeIgniter.php(929): App\Controllers\Workflow->fetch_workflow()
#4 /var/www/html/Document-Portal/system/CodeIgniter.php(437): CodeIgniter\CodeIgniter->runController()
#5 /var/www/html/Document-Portal/system/CodeIgniter.php(337): CodeIgniter\CodeIgniter->handleRequest()
#6 /var/www/html/Document-Portal/index.php(38): CodeIgniter\CodeIgniter->run()
#7 {main}
CRITICAL - 2022-06-15 11:11:19 --> syntax error, unexpected token ";", expecting ")"
#0 /var/www/html/Document-Portal/system/Autoloader/Autoloader.php(273): CodeIgniter\Autoloader\Autoloader->includeFile()
#1 /var/www/html/Document-Portal/system/Autoloader/Autoloader.php(247): CodeIgniter\Autoloader\Autoloader->loadInNamespace()
#2 /var/www/html/Document-Portal/app/Controllers/Workflow.php(210): CodeIgniter\Autoloader\Autoloader->loadClass()
#3 /var/www/html/Document-Portal/system/CodeIgniter.php(929): App\Controllers\Workflow->fetch_workflow()
#4 /var/www/html/Document-Portal/system/CodeIgniter.php(437): CodeIgniter\CodeIgniter->runController()
#5 /var/www/html/Document-Portal/system/CodeIgniter.php(337): CodeIgniter\CodeIgniter->handleRequest()
#6 /var/www/html/Document-Portal/index.php(38): CodeIgniter\CodeIgniter->run()
#7 {main}
CRITICAL - 2022-06-15 11:11:53 --> syntax error, unexpected token ";", expecting ")"
#0 /var/www/html/Document-Portal/system/Autoloader/Autoloader.php(273): CodeIgniter\Autoloader\Autoloader->includeFile()
#1 /var/www/html/Document-Portal/system/Autoloader/Autoloader.php(247): CodeIgniter\Autoloader\Autoloader->loadInNamespace()
#2 /var/www/html/Document-Portal/app/Controllers/Workflow.php(27): CodeIgniter\Autoloader\Autoloader->loadClass()
#3 /var/www/html/Document-Portal/system/CodeIgniter.php(929): App\Controllers\Workflow->add()
#4 /var/www/html/Document-Portal/system/CodeIgniter.php(437): CodeIgniter\CodeIgniter->runController()
#5 /var/www/html/Document-Portal/system/CodeIgniter.php(337): CodeIgniter\CodeIgniter->handleRequest()
#6 /var/www/html/Document-Portal/index.php(38): CodeIgniter\CodeIgniter->run()
#7 {main}
CRITICAL - 2022-06-15 11:12:54 --> Undefined array key "HTTP_REFERER"
#0 /var/www/html/Document-Portal/app/Controllers/Workflow.php(340): CodeIgniter\Debug\Exceptions->errorHandler()
#1 /var/www/html/Document-Portal/system/CodeIgniter.php(929): App\Controllers\Workflow->edit()
#2 /var/www/html/Document-Portal/system/CodeIgniter.php(437): CodeIgniter\CodeIgniter->runController()
#3 /var/www/html/Document-Portal/system/CodeIgniter.php(337): CodeIgniter\CodeIgniter->handleRequest()
#4 /var/www/html/Document-Portal/index.php(38): CodeIgniter\CodeIgniter->run()
#5 {main}
CRITICAL - 2022-06-15 13:11:11 --> syntax error, unexpected variable "$comment"
#0 /var/www/html/Document-Portal/system/Autoloader/Autoloader.php(273): CodeIgniter\Autoloader\Autoloader->includeFile()
#1 /var/www/html/Document-Portal/system/Autoloader/Autoloader.php(247): CodeIgniter\Autoloader\Autoloader->loadInNamespace()
#2 /var/www/html/Document-Portal/app/Controllers/Workflow.php(210): CodeIgniter\Autoloader\Autoloader->loadClass()
#3 /var/www/html/Document-Portal/system/CodeIgniter.php(929): App\Controllers\Workflow->fetch_workflow()
#4 /var/www/html/Document-Portal/system/CodeIgniter.php(437): CodeIgniter\CodeIgniter->runController()
#5 /var/www/html/Document-Portal/system/CodeIgniter.php(337): CodeIgniter\CodeIgniter->handleRequest()
#6 /var/www/html/Document-Portal/index.php(38): CodeIgniter\CodeIgniter->run()
#7 {main}
CRITICAL - 2022-06-15 13:12:08 --> syntax error, unexpected variable "$comment"
#0 /var/www/html/Document-Portal/system/Autoloader/Autoloader.php(273): CodeIgniter\Autoloader\Autoloader->includeFile()
#1 /var/www/html/Document-Portal/system/Autoloader/Autoloader.php(247): CodeIgniter\Autoloader\Autoloader->loadInNamespace()
#2 /var/www/html/Document-Portal/app/Controllers/Workflow.php(210): CodeIgniter\Autoloader\Autoloader->loadClass()
#3 /var/www/html/Document-Portal/system/CodeIgniter.php(929): App\Controllers\Workflow->fetch_workflow()
#4 /var/www/html/Document-Portal/system/CodeIgniter.php(437): CodeIgniter\CodeIgniter->runController()
#5 /var/www/html/Document-Portal/system/CodeIgniter.php(337): CodeIgniter\CodeIgniter->handleRequest()
#6 /var/www/html/Document-Portal/index.php(38): CodeIgniter\CodeIgniter->run()
#7 {main}
CRITICAL - 2022-06-15 13:12:16 --> syntax error, unexpected variable "$comment"
#0 /var/www/html/Document-Portal/system/Autoloader/Autoloader.php(273): CodeIgniter\Autoloader\Autoloader->includeFile()
#1 /var/www/html/Document-Portal/system/Autoloader/Autoloader.php(247): CodeIgniter\Autoloader\Autoloader->loadInNamespace()
#2 /var/www/html/Document-Portal/app/Controllers/Workflow.php(210): CodeIgniter\Autoloader\Autoloader->loadClass()
#3 /var/www/html/Document-Portal/system/CodeIgniter.php(929): App\Controllers\Workflow->fetch_workflow()
#4 /var/www/html/Document-Portal/system/CodeIgniter.php(437): CodeIgniter\CodeIgniter->runController()
#5 /var/www/html/Document-Portal/system/CodeIgniter.php(337): CodeIgniter\CodeIgniter->handleRequest()
#6 /var/www/html/Document-Portal/index.php(38): CodeIgniter\CodeIgniter->run()
#7 {main}
CRITICAL - 2022-06-15 13:14:03 --> syntax error, unexpected variable "$comment"
#0 /var/www/html/Document-Portal/system/Autoloader/Autoloader.php(273): CodeIgniter\Autoloader\Autoloader->includeFile()
#1 /var/www/html/Document-Portal/system/Autoloader/Autoloader.php(247): CodeIgniter\Autoloader\Autoloader->loadInNamespace()
#2 /var/www/html/Document-Portal/app/Controllers/Workflow.php(210): CodeIgniter\Autoloader\Autoloader->loadClass()
#3 /var/www/html/Document-Portal/system/CodeIgniter.php(929): App\Controllers\Workflow->fetch_workflow()
#4 /var/www/html/Document-Portal/system/CodeIgniter.php(437): CodeIgniter\CodeIgniter->runController()
#5 /var/www/html/Document-Portal/system/CodeIgniter.php(337): CodeIgniter\CodeIgniter->handleRequest()
#6 /var/www/html/Document-Portal/index.php(38): CodeIgniter\CodeIgniter->run()
#7 {main}
CRITICAL - 2022-06-15 14:00:24 --> syntax error, unexpected token ";"
#0 /var/www/html/Document-Portal/system/Autoloader/Autoloader.php(273): CodeIgniter\Autoloader\Autoloader->includeFile()
#1 /var/www/html/Document-Portal/system/Autoloader/Autoloader.php(247): CodeIgniter\Autoloader\Autoloader->loadInNamespace()
#2 /var/www/html/Document-Portal/app/Controllers/SubadminWorkflowView.php(79): CodeIgniter\Autoloader\Autoloader->loadClass()
#3 /var/www/html/Document-Portal/system/CodeIgniter.php(929): App\Controllers\SubadminWorkflowView->fetch_workflow_view()
#4 /var/www/html/Document-Portal/system/CodeIgniter.php(437): CodeIgniter\CodeIgniter->runController()
#5 /var/www/html/Document-Portal/system/CodeIgniter.php(337): CodeIgniter\CodeIgniter->handleRequest()
#6 /var/www/html/Document-Portal/index.php(38): CodeIgniter\CodeIgniter->run()
#7 {main}
CRITICAL - 2022-06-15 14:21:00 --> syntax error, unexpected token "}"
#0 /var/www/html/Document-Portal/system/Autoloader/Autoloader.php(273): CodeIgniter\Autoloader\Autoloader->includeFile()
#1 /var/www/html/Document-Portal/system/Autoloader/Autoloader.php(247): CodeIgniter\Autoloader\Autoloader->loadInNamespace()
#2 [internal function]: CodeIgniter\Autoloader\Autoloader->loadClass()
#3 /var/www/html/Document-Portal/system/CodeIgniter.php(886): class_exists()
#4 /var/www/html/Document-Portal/system/CodeIgniter.php(422): CodeIgniter\CodeIgniter->startController()
#5 /var/www/html/Document-Portal/system/CodeIgniter.php(337): CodeIgniter\CodeIgniter->handleRequest()
#6 /var/www/html/Document-Portal/index.php(38): CodeIgniter\CodeIgniter->run()
#7 {main}
CRITICAL - 2022-06-15 14:54:34 --> Array to string conversion
#0 /var/www/html/Document-Portal/app/Controllers/Workflow.php(497): CodeIgniter\Debug\Exceptions->errorHandler()
#1 /var/www/html/Document-Portal/system/CodeIgniter.php(929): App\Controllers\Workflow->edit()
#2 /var/www/html/Document-Portal/system/CodeIgniter.php(437): CodeIgniter\CodeIgniter->runController()
#3 /var/www/html/Document-Portal/system/CodeIgniter.php(337): CodeIgniter\CodeIgniter->handleRequest()
#4 /var/www/html/Document-Portal/index.php(38): CodeIgniter\CodeIgniter->run()
#5 {main}
CRITICAL - 2022-06-15 14:54:47 --> Array to string conversion
#0 /var/www/html/Document-Portal/app/Controllers/Workflow.php(497): CodeIgniter\Debug\Exceptions->errorHandler()
#1 /var/www/html/Document-Portal/system/CodeIgniter.php(929): App\Controllers\Workflow->edit()
#2 /var/www/html/Document-Portal/system/CodeIgniter.php(437): CodeIgniter\CodeIgniter->runController()
#3 /var/www/html/Document-Portal/system/CodeIgniter.php(337): CodeIgniter\CodeIgniter->handleRequest()
#4 /var/www/html/Document-Portal/index.php(38): CodeIgniter\CodeIgniter->run()
#5 {main}
CRITICAL - 2022-06-15 18:21:26 --> Undefined array key "HTTP_REFERER"
#0 /var/www/html/Document-Portal/app/Controllers/Workflow.php(343): CodeIgniter\Debug\Exceptions->errorHandler()
#1 /var/www/html/Document-Portal/system/CodeIgniter.php(929): App\Controllers\Workflow->edit()
#2 /var/www/html/Document-Portal/system/CodeIgniter.php(437): CodeIgniter\CodeIgniter->runController()
#3 /var/www/html/Document-Portal/system/CodeIgniter.php(337): CodeIgniter\CodeIgniter->handleRequest()
#4 /var/www/html/Document-Portal/index.php(38): CodeIgniter\CodeIgniter->run()
#5 {main}
CRITICAL - 2022-06-15 18:27:20 --> Undefined array key "HTTP_REFERER"
#0 /var/www/html/Document-Portal/app/Controllers/Workflow.php(343): CodeIgniter\Debug\Exceptions->errorHandler()
#1 /var/www/html/Document-Portal/system/CodeIgniter.php(929): App\Controllers\Workflow->edit()
#2 /var/www/html/Document-Portal/system/CodeIgniter.php(437): CodeIgniter\CodeIgniter->runController()
#3 /var/www/html/Document-Portal/system/CodeIgniter.php(337): CodeIgniter\CodeIgniter->handleRequest()
#4 /var/www/html/Document-Portal/index.php(38): CodeIgniter\CodeIgniter->run()
#5 {main}
