CRITICAL - 2022-05-23 15:49:12 --> syntax error, unexpected identifier "getSubCat", expecting variable
#0 /var/www/html/documentportal/system/Autoloader/Autoloader.php(273): CodeIgniter\Autoloader\Autoloader->includeFile()
#1 /var/www/html/documentportal/system/Autoloader/Autoloader.php(247): CodeIgniter\Autoloader\Autoloader->loadInNamespace()
#2 [internal function]: CodeIgniter\Autoloader\Autoloader->loadClass()
#3 /var/www/html/documentportal/system/CodeIgniter.php(886): class_exists()
#4 /var/www/html/documentportal/system/CodeIgniter.php(422): CodeIgniter\CodeIgniter->startController()
#5 /var/www/html/documentportal/system/CodeIgniter.php(337): CodeIgniter\CodeIgniter->handleRequest()
#6 /var/www/html/documentportal/index.php(38): CodeIgniter\CodeIgniter->run()
#7 {main}
CRITICAL - 2022-05-23 15:49:40 --> syntax error, unexpected identifier "getSubCat", expecting variable
#0 /var/www/html/documentportal/system/Autoloader/Autoloader.php(273): CodeIgniter\Autoloader\Autoloader->includeFile()
#1 /var/www/html/documentportal/system/Autoloader/Autoloader.php(247): CodeIgniter\Autoloader\Autoloader->loadInNamespace()
#2 [internal function]: CodeIgniter\Autoloader\Autoloader->loadClass()
#3 /var/www/html/documentportal/system/CodeIgniter.php(886): class_exists()
#4 /var/www/html/documentportal/system/CodeIgniter.php(422): CodeIgniter\CodeIgniter->startController()
#5 /var/www/html/documentportal/system/CodeIgniter.php(337): CodeIgniter\CodeIgniter->handleRequest()
#6 /var/www/html/documentportal/index.php(38): CodeIgniter\CodeIgniter->run()
#7 {main}
CRITICAL - 2022-05-23 15:51:19 --> syntax error, unexpected identifier "getSubCat", expecting variable
#0 /var/www/html/documentportal/system/Autoloader/Autoloader.php(273): CodeIgniter\Autoloader\Autoloader->includeFile()
#1 /var/www/html/documentportal/system/Autoloader/Autoloader.php(247): CodeIgniter\Autoloader\Autoloader->loadInNamespace()
#2 [internal function]: CodeIgniter\Autoloader\Autoloader->loadClass()
#3 /var/www/html/documentportal/system/CodeIgniter.php(886): class_exists()
#4 /var/www/html/documentportal/system/CodeIgniter.php(422): CodeIgniter\CodeIgniter->startController()
#5 /var/www/html/documentportal/system/CodeIgniter.php(337): CodeIgniter\CodeIgniter->handleRequest()
#6 /var/www/html/documentportal/index.php(38): CodeIgniter\CodeIgniter->run()
#7 {main}
CRITICAL - 2022-05-23 17:43:15 --> syntax error, unexpected token ")"
#0 /var/www/html/documentportal/system/Autoloader/Autoloader.php(273): CodeIgniter\Autoloader\Autoloader->includeFile()
#1 /var/www/html/documentportal/system/Autoloader/Autoloader.php(247): CodeIgniter\Autoloader\Autoloader->loadInNamespace()
#2 [internal function]: CodeIgniter\Autoloader\Autoloader->loadClass()
#3 /var/www/html/documentportal/system/CodeIgniter.php(886): class_exists()
#4 /var/www/html/documentportal/system/CodeIgniter.php(422): CodeIgniter\CodeIgniter->startController()
#5 /var/www/html/documentportal/system/CodeIgniter.php(337): CodeIgniter\CodeIgniter->handleRequest()
#6 /var/www/html/documentportal/index.php(38): CodeIgniter\CodeIgniter->run()
#7 {main}
CRITICAL - 2022-05-23 17:43:34 --> syntax error, unexpected token ")"
#0 /var/www/html/documentportal/system/Autoloader/Autoloader.php(273): CodeIgniter\Autoloader\Autoloader->includeFile()
#1 /var/www/html/documentportal/system/Autoloader/Autoloader.php(247): CodeIgniter\Autoloader\Autoloader->loadInNamespace()
#2 [internal function]: CodeIgniter\Autoloader\Autoloader->loadClass()
#3 /var/www/html/documentportal/system/CodeIgniter.php(886): class_exists()
#4 /var/www/html/documentportal/system/CodeIgniter.php(422): CodeIgniter\CodeIgniter->startController()
#5 /var/www/html/documentportal/system/CodeIgniter.php(337): CodeIgniter\CodeIgniter->handleRequest()
#6 /var/www/html/documentportal/index.php(38): CodeIgniter\CodeIgniter->run()
#7 {main}
ERROR - 2022-05-23 18:20:45 --> Unknown column 'SubCategory.CategoryId' in 'on clause'
CRITICAL - 2022-05-23 18:20:45 --> Call to a member function getResult() on bool
#0 /var/www/html/documentportal/system/BaseModel.php(603): CodeIgniter\Model->doFindAll()
#1 /var/www/html/documentportal/app/Models/SubCategoryModel.php(57): CodeIgniter\BaseModel->findAll()
#2 /var/www/html/documentportal/app/Controllers/SubCategory.php(151): App\Models\SubCategoryModel->make_datatables()
#3 /var/www/html/documentportal/system/CodeIgniter.php(929): App\Controllers\SubCategory->fetch_category()
#4 /var/www/html/documentportal/system/CodeIgniter.php(437): CodeIgniter\CodeIgniter->runController()
#5 /var/www/html/documentportal/system/CodeIgniter.php(337): CodeIgniter\CodeIgniter->handleRequest()
#6 /var/www/html/documentportal/index.php(38): CodeIgniter\CodeIgniter->run()
#7 {main}
ERROR - 2022-05-23 18:20:48 --> Unknown column 'SubCategory.CategoryId' in 'on clause'
CRITICAL - 2022-05-23 18:20:48 --> Call to a member function getResult() on bool
#0 /var/www/html/documentportal/system/BaseModel.php(603): CodeIgniter\Model->doFindAll()
#1 /var/www/html/documentportal/app/Models/SubCategoryModel.php(57): CodeIgniter\BaseModel->findAll()
#2 /var/www/html/documentportal/app/Controllers/SubCategory.php(151): App\Models\SubCategoryModel->make_datatables()
#3 /var/www/html/documentportal/system/CodeIgniter.php(929): App\Controllers\SubCategory->fetch_category()
#4 /var/www/html/documentportal/system/CodeIgniter.php(437): CodeIgniter\CodeIgniter->runController()
#5 /var/www/html/documentportal/system/CodeIgniter.php(337): CodeIgniter\CodeIgniter->handleRequest()
#6 /var/www/html/documentportal/index.php(38): CodeIgniter\CodeIgniter->run()
#7 {main}
ERROR - 2022-05-23 18:21:03 --> Unknown column 'SubCategory.CategoryId' in 'on clause'
CRITICAL - 2022-05-23 18:21:03 --> Call to a member function getResult() on bool
#0 /var/www/html/documentportal/system/BaseModel.php(603): CodeIgniter\Model->doFindAll()
#1 /var/www/html/documentportal/app/Models/SubCategoryModel.php(57): CodeIgniter\BaseModel->findAll()
#2 /var/www/html/documentportal/app/Controllers/SubCategory.php(151): App\Models\SubCategoryModel->make_datatables()
#3 /var/www/html/documentportal/system/CodeIgniter.php(929): App\Controllers\SubCategory->fetch_category()
#4 /var/www/html/documentportal/system/CodeIgniter.php(437): CodeIgniter\CodeIgniter->runController()
#5 /var/www/html/documentportal/system/CodeIgniter.php(337): CodeIgniter\CodeIgniter->handleRequest()
#6 /var/www/html/documentportal/index.php(38): CodeIgniter\CodeIgniter->run()
#7 {main}
ERROR - 2022-05-23 18:21:07 --> Unknown column 'SubCategory.CategoryId' in 'on clause'
CRITICAL - 2022-05-23 18:21:07 --> Call to a member function getResult() on bool
#0 /var/www/html/documentportal/system/BaseModel.php(603): CodeIgniter\Model->doFindAll()
#1 /var/www/html/documentportal/app/Models/SubCategoryModel.php(57): CodeIgniter\BaseModel->findAll()
#2 /var/www/html/documentportal/app/Controllers/SubCategory.php(151): App\Models\SubCategoryModel->make_datatables()
#3 /var/www/html/documentportal/system/CodeIgniter.php(929): App\Controllers\SubCategory->fetch_category()
#4 /var/www/html/documentportal/system/CodeIgniter.php(437): CodeIgniter\CodeIgniter->runController()
#5 /var/www/html/documentportal/system/CodeIgniter.php(337): CodeIgniter\CodeIgniter->handleRequest()
#6 /var/www/html/documentportal/index.php(38): CodeIgniter\CodeIgniter->run()
#7 {main}
ERROR - 2022-05-23 18:21:08 --> Unknown column 'SubCategory.CategoryId' in 'on clause'
CRITICAL - 2022-05-23 18:21:08 --> Call to a member function getResult() on bool
#0 /var/www/html/documentportal/system/BaseModel.php(603): CodeIgniter\Model->doFindAll()
#1 /var/www/html/documentportal/app/Models/SubCategoryModel.php(57): CodeIgniter\BaseModel->findAll()
#2 /var/www/html/documentportal/app/Controllers/SubCategory.php(151): App\Models\SubCategoryModel->make_datatables()
#3 /var/www/html/documentportal/system/CodeIgniter.php(929): App\Controllers\SubCategory->fetch_category()
#4 /var/www/html/documentportal/system/CodeIgniter.php(437): CodeIgniter\CodeIgniter->runController()
#5 /var/www/html/documentportal/system/CodeIgniter.php(337): CodeIgniter\CodeIgniter->handleRequest()
#6 /var/www/html/documentportal/index.php(38): CodeIgniter\CodeIgniter->run()
#7 {main}
ERROR - 2022-05-23 18:21:09 --> Unknown column 'SubCategory.CategoryId' in 'on clause'
CRITICAL - 2022-05-23 18:21:09 --> Call to a member function getResult() on bool
#0 /var/www/html/documentportal/system/BaseModel.php(603): CodeIgniter\Model->doFindAll()
#1 /var/www/html/documentportal/app/Models/SubCategoryModel.php(57): CodeIgniter\BaseModel->findAll()
#2 /var/www/html/documentportal/app/Controllers/SubCategory.php(151): App\Models\SubCategoryModel->make_datatables()
#3 /var/www/html/documentportal/system/CodeIgniter.php(929): App\Controllers\SubCategory->fetch_category()
#4 /var/www/html/documentportal/system/CodeIgniter.php(437): CodeIgniter\CodeIgniter->runController()
#5 /var/www/html/documentportal/system/CodeIgniter.php(337): CodeIgniter\CodeIgniter->handleRequest()
#6 /var/www/html/documentportal/index.php(38): CodeIgniter\CodeIgniter->run()
#7 {main}
ERROR - 2022-05-23 18:21:13 --> Unknown column 'SubCategory.CategoryId' in 'on clause'
CRITICAL - 2022-05-23 18:21:13 --> Call to a member function getResult() on bool
#0 /var/www/html/documentportal/system/BaseModel.php(603): CodeIgniter\Model->doFindAll()
#1 /var/www/html/documentportal/app/Models/SubCategoryModel.php(57): CodeIgniter\BaseModel->findAll()
#2 /var/www/html/documentportal/app/Controllers/SubCategory.php(151): App\Models\SubCategoryModel->make_datatables()
#3 /var/www/html/documentportal/system/CodeIgniter.php(929): App\Controllers\SubCategory->fetch_category()
#4 /var/www/html/documentportal/system/CodeIgniter.php(437): CodeIgniter\CodeIgniter->runController()
#5 /var/www/html/documentportal/system/CodeIgniter.php(337): CodeIgniter\CodeIgniter->handleRequest()
#6 /var/www/html/documentportal/index.php(38): CodeIgniter\CodeIgniter->run()
#7 {main}
ERROR - 2022-05-23 18:21:58 --> Unknown column 'SubCategory.CategoryId' in 'on clause'
CRITICAL - 2022-05-23 18:21:58 --> Call to a member function getResult() on bool
#0 /var/www/html/documentportal/system/BaseModel.php(603): CodeIgniter\Model->doFindAll()
#1 /var/www/html/documentportal/app/Models/SubCategoryModel.php(57): CodeIgniter\BaseModel->findAll()
#2 /var/www/html/documentportal/app/Controllers/SubCategory.php(151): App\Models\SubCategoryModel->make_datatables()
#3 /var/www/html/documentportal/system/CodeIgniter.php(929): App\Controllers\SubCategory->fetch_category()
#4 /var/www/html/documentportal/system/CodeIgniter.php(437): CodeIgniter\CodeIgniter->runController()
#5 /var/www/html/documentportal/system/CodeIgniter.php(337): CodeIgniter\CodeIgniter->handleRequest()
#6 /var/www/html/documentportal/index.php(38): CodeIgniter\CodeIgniter->run()
#7 {main}
