CRITICAL - 2022-06-03 14:47:49 --> Argument 2 passed to CodeIgniter\Database\BaseBuilder::set() must be of the type string or null, array given, called in /var/www/html/Document-Portal/system/Model.php on line 256
#0 /var/www/html/Document-Portal/system/Model.php(256): CodeIgniter\Database\BaseBuilder->set()
#1 /var/www/html/Document-Portal/system/BaseModel.php(774): CodeIgniter\Model->doInsert()
#2 /var/www/html/Document-Portal/system/Model.php(686): CodeIgniter\BaseModel->insert()
#3 /var/www/html/Document-Portal/app/Controllers/Users.php(59): CodeIgniter\Model->insert()
#4 /var/www/html/Document-Portal/system/CodeIgniter.php(929): App\Controllers\Users->add()
#5 /var/www/html/Document-Portal/system/CodeIgniter.php(437): CodeIgniter\CodeIgniter->runController()
#6 /var/www/html/Document-Portal/system/CodeIgniter.php(337): CodeIgniter\CodeIgniter->handleRequest()
#7 /var/www/html/Document-Portal/index.php(38): CodeIgniter\CodeIgniter->run()
#8 {main}
CRITICAL - 2022-06-03 15:47:35 --> Class 'App\Model\UserCompanyModel' not found
#0 /var/www/html/Document-Portal/system/CodeIgniter.php(929): App\Controllers\Users->add()
#1 /var/www/html/Document-Portal/system/CodeIgniter.php(437): CodeIgniter\CodeIgniter->runController()
#2 /var/www/html/Document-Portal/system/CodeIgniter.php(337): CodeIgniter\CodeIgniter->handleRequest()
#3 /var/www/html/Document-Portal/index.php(38): CodeIgniter\CodeIgniter->run()
#4 {main}
CRITICAL - 2022-06-03 15:49:18 --> Argument 2 passed to CodeIgniter\Database\BaseBuilder::set() must be of the type string or null, array given, called in /var/www/html/Document-Portal/system/Model.php on line 256
#0 /var/www/html/Document-Portal/system/Model.php(256): CodeIgniter\Database\BaseBuilder->set()
#1 /var/www/html/Document-Portal/system/BaseModel.php(774): CodeIgniter\Model->doInsert()
#2 /var/www/html/Document-Portal/system/Model.php(686): CodeIgniter\BaseModel->insert()
#3 /var/www/html/Document-Portal/app/Controllers/Users.php(58): CodeIgniter\Model->insert()
#4 /var/www/html/Document-Portal/system/CodeIgniter.php(929): App\Controllers\Users->add()
#5 /var/www/html/Document-Portal/system/CodeIgniter.php(437): CodeIgniter\CodeIgniter->runController()
#6 /var/www/html/Document-Portal/system/CodeIgniter.php(337): CodeIgniter\CodeIgniter->handleRequest()
#7 /var/www/html/Document-Portal/index.php(38): CodeIgniter\CodeIgniter->run()
#8 {main}
CRITICAL - 2022-06-03 15:50:45 --> Argument 2 passed to CodeIgniter\Database\BaseBuilder::set() must be of the type string or null, array given, called in /var/www/html/Document-Portal/system/Model.php on line 256
#0 /var/www/html/Document-Portal/system/Model.php(256): CodeIgniter\Database\BaseBuilder->set()
#1 /var/www/html/Document-Portal/system/BaseModel.php(774): CodeIgniter\Model->doInsert()
#2 /var/www/html/Document-Portal/system/Model.php(686): CodeIgniter\BaseModel->insert()
#3 /var/www/html/Document-Portal/app/Controllers/Users.php(59): CodeIgniter\Model->insert()
#4 /var/www/html/Document-Portal/system/CodeIgniter.php(929): App\Controllers\Users->add()
#5 /var/www/html/Document-Portal/system/CodeIgniter.php(437): CodeIgniter\CodeIgniter->runController()
#6 /var/www/html/Document-Portal/system/CodeIgniter.php(337): CodeIgniter\CodeIgniter->handleRequest()
#7 /var/www/html/Document-Portal/index.php(38): CodeIgniter\CodeIgniter->run()
#8 {main}
CRITICAL - 2022-06-03 15:53:46 --> Invalid argument supplied for foreach()
#0 /var/www/html/Document-Portal/app/Controllers/Users.php(45): CodeIgniter\Debug\Exceptions->errorHandler()
#1 /var/www/html/Document-Portal/system/CodeIgniter.php(929): App\Controllers\Users->add()
#2 /var/www/html/Document-Portal/system/CodeIgniter.php(437): CodeIgniter\CodeIgniter->runController()
#3 /var/www/html/Document-Portal/system/CodeIgniter.php(337): CodeIgniter\CodeIgniter->handleRequest()
#4 /var/www/html/Document-Portal/index.php(38): CodeIgniter\CodeIgniter->run()
#5 {main}
CRITICAL - 2022-06-03 15:54:44 --> Call to a member function insert_id() on null
#0 /var/www/html/Document-Portal/system/CodeIgniter.php(929): App\Controllers\Users->add()
#1 /var/www/html/Document-Portal/system/CodeIgniter.php(437): CodeIgniter\CodeIgniter->runController()
#2 /var/www/html/Document-Portal/system/CodeIgniter.php(337): CodeIgniter\CodeIgniter->handleRequest()
#3 /var/www/html/Document-Portal/index.php(38): CodeIgniter\CodeIgniter->run()
#4 {main}
CRITICAL - 2022-06-03 16:17:33 --> There is no data to {0}.
#0 /var/www/html/Document-Portal/system/BaseModel.php(1668): CodeIgniter\Database\Exceptions\DataException::forEmptyDataset()
#1 /var/www/html/Document-Portal/system/BaseModel.php(735): CodeIgniter\BaseModel->transformDataToArray()
#2 /var/www/html/Document-Portal/system/Model.php(686): CodeIgniter\BaseModel->insert()
#3 /var/www/html/Document-Portal/app/Controllers/Users.php(91): CodeIgniter\Model->insert()
#4 /var/www/html/Document-Portal/app/Controllers/Users.php(63): App\Controllers\Users->userCompanyTable()
#5 /var/www/html/Document-Portal/system/CodeIgniter.php(929): App\Controllers\Users->add()
#6 /var/www/html/Document-Portal/system/CodeIgniter.php(437): CodeIgniter\CodeIgniter->runController()
#7 /var/www/html/Document-Portal/system/CodeIgniter.php(337): CodeIgniter\CodeIgniter->handleRequest()
#8 /var/www/html/Document-Portal/index.php(38): CodeIgniter\CodeIgniter->run()
#9 {main}
CRITICAL - 2022-06-03 16:20:09 --> Invalid argument supplied for foreach()
#0 /var/www/html/Document-Portal/app/Controllers/Users.php(45): CodeIgniter\Debug\Exceptions->errorHandler()
#1 /var/www/html/Document-Portal/system/CodeIgniter.php(929): App\Controllers\Users->add()
#2 /var/www/html/Document-Portal/system/CodeIgniter.php(437): CodeIgniter\CodeIgniter->runController()
#3 /var/www/html/Document-Portal/system/CodeIgniter.php(337): CodeIgniter\CodeIgniter->handleRequest()
#4 /var/www/html/Document-Portal/index.php(38): CodeIgniter\CodeIgniter->run()
#5 {main}
CRITICAL - 2022-06-03 16:25:28 --> Call to undefined method App\Controllers\Users::data()
#0 /var/www/html/Document-Portal/system/CodeIgniter.php(929): App\Controllers\Users->add()
#1 /var/www/html/Document-Portal/system/CodeIgniter.php(437): CodeIgniter\CodeIgniter->runController()
#2 /var/www/html/Document-Portal/system/CodeIgniter.php(337): CodeIgniter\CodeIgniter->handleRequest()
#3 /var/www/html/Document-Portal/index.php(38): CodeIgniter\CodeIgniter->run()
#4 {main}
CRITICAL - 2022-06-03 16:35:40 --> Illegal string offset 'companyId'
#0 /var/www/html/Document-Portal/app/Controllers/Users.php(59): CodeIgniter\Debug\Exceptions->errorHandler()
#1 /var/www/html/Document-Portal/system/CodeIgniter.php(929): App\Controllers\Users->add()
#2 /var/www/html/Document-Portal/system/CodeIgniter.php(437): CodeIgniter\CodeIgniter->runController()
#3 /var/www/html/Document-Portal/system/CodeIgniter.php(337): CodeIgniter\CodeIgniter->handleRequest()
#4 /var/www/html/Document-Portal/index.php(38): CodeIgniter\CodeIgniter->run()
#5 {main}
CRITICAL - 2022-06-03 16:41:37 --> There is no data to {0}.
#0 /var/www/html/Document-Portal/system/BaseModel.php(1668): CodeIgniter\Database\Exceptions\DataException::forEmptyDataset()
#1 /var/www/html/Document-Portal/system/BaseModel.php(735): CodeIgniter\BaseModel->transformDataToArray()
#2 /var/www/html/Document-Portal/system/Model.php(686): CodeIgniter\BaseModel->insert()
#3 /var/www/html/Document-Portal/app/Controllers/Users.php(93): CodeIgniter\Model->insert()
#4 /var/www/html/Document-Portal/app/Controllers/Users.php(64): App\Controllers\Users->userCompanyTable()
#5 /var/www/html/Document-Portal/system/CodeIgniter.php(929): App\Controllers\Users->add()
#6 /var/www/html/Document-Portal/system/CodeIgniter.php(437): CodeIgniter\CodeIgniter->runController()
#7 /var/www/html/Document-Portal/system/CodeIgniter.php(337): CodeIgniter\CodeIgniter->handleRequest()
#8 /var/www/html/Document-Portal/index.php(38): CodeIgniter\CodeIgniter->run()
#9 {main}
CRITICAL - 2022-06-03 17:14:55 --> syntax error, unexpected 'else' (T_ELSE)
#0 /var/www/html/Document-Portal/system/Autoloader/Autoloader.php(273): CodeIgniter\Autoloader\Autoloader->includeFile()
#1 /var/www/html/Document-Portal/system/Autoloader/Autoloader.php(247): CodeIgniter\Autoloader\Autoloader->loadInNamespace()
#2 [internal function]: CodeIgniter\Autoloader\Autoloader->loadClass()
#3 [internal function]: spl_autoload_call()
#4 /var/www/html/Document-Portal/system/CodeIgniter.php(886): class_exists()
#5 /var/www/html/Document-Portal/system/CodeIgniter.php(422): CodeIgniter\CodeIgniter->startController()
#6 /var/www/html/Document-Portal/system/CodeIgniter.php(337): CodeIgniter\CodeIgniter->handleRequest()
#7 /var/www/html/Document-Portal/index.php(38): CodeIgniter\CodeIgniter->run()
#8 {main}
CRITICAL - 2022-06-03 18:57:54 --> Argument 2 passed to CodeIgniter\Database\BaseBuilder::set() must be of the type string or null, array given, called in /var/www/html/Document-Portal/system/Model.php on line 323
#0 /var/www/html/Document-Portal/system/Model.php(323): CodeIgniter\Database\BaseBuilder->set()
#1 /var/www/html/Document-Portal/system/BaseModel.php(917): CodeIgniter\Model->doUpdate()
#2 /var/www/html/Document-Portal/system/Model.php(718): CodeIgniter\BaseModel->update()
#3 /var/www/html/Document-Portal/app/Controllers/Users.php(270): CodeIgniter\Model->update()
#4 /var/www/html/Document-Portal/system/CodeIgniter.php(929): App\Controllers\Users->edit()
#5 /var/www/html/Document-Portal/system/CodeIgniter.php(437): CodeIgniter\CodeIgniter->runController()
#6 /var/www/html/Document-Portal/system/CodeIgniter.php(337): CodeIgniter\CodeIgniter->handleRequest()
#7 /var/www/html/Document-Portal/index.php(38): CodeIgniter\CodeIgniter->run()
#8 {main}
