CRITICAL - 2022-06-09 10:47:03 --> Attempt to read property "userTypeName" on null
#0 /var/www/html/Document-Portal/app/Models/AuthModel.php(37): CodeIgniter\Debug\Exceptions->errorHandler()
#1 /var/www/html/Document-Portal/app/Controllers/Auth.php(42): App\Models\AuthModel->getUserType()
#2 /var/www/html/Document-Portal/system/CodeIgniter.php(929): App\Controllers\Auth->login()
#3 /var/www/html/Document-Portal/system/CodeIgniter.php(437): CodeIgniter\CodeIgniter->runController()
#4 /var/www/html/Document-Portal/system/CodeIgniter.php(337): CodeIgniter\CodeIgniter->handleRequest()
#5 /var/www/html/Document-Portal/index.php(38): CodeIgniter\CodeIgniter->run()
#6 {main}
CRITICAL - 2022-06-09 10:47:44 --> Attempt to read property "userTypeName" on null
#0 /var/www/html/Document-Portal/app/Models/AuthModel.php(37): CodeIgniter\Debug\Exceptions->errorHandler()
#1 /var/www/html/Document-Portal/app/Controllers/Auth.php(42): App\Models\AuthModel->getUserType()
#2 /var/www/html/Document-Portal/system/CodeIgniter.php(929): App\Controllers\Auth->login()
#3 /var/www/html/Document-Portal/system/CodeIgniter.php(437): CodeIgniter\CodeIgniter->runController()
#4 /var/www/html/Document-Portal/system/CodeIgniter.php(337): CodeIgniter\CodeIgniter->handleRequest()
#5 /var/www/html/Document-Portal/index.php(38): CodeIgniter\CodeIgniter->run()
#6 {main}
CRITICAL - 2022-06-09 10:48:58 --> Attempt to read property "userTypeName" on null
#0 /var/www/html/Document-Portal/app/Models/AuthModel.php(37): CodeIgniter\Debug\Exceptions->errorHandler()
#1 /var/www/html/Document-Portal/app/Controllers/Auth.php(42): App\Models\AuthModel->getUserType()
#2 /var/www/html/Document-Portal/system/CodeIgniter.php(929): App\Controllers\Auth->login()
#3 /var/www/html/Document-Portal/system/CodeIgniter.php(437): CodeIgniter\CodeIgniter->runController()
#4 /var/www/html/Document-Portal/system/CodeIgniter.php(337): CodeIgniter\CodeIgniter->handleRequest()
#5 /var/www/html/Document-Portal/index.php(38): CodeIgniter\CodeIgniter->run()
#6 {main}
CRITICAL - 2022-06-09 10:49:04 --> Attempt to read property "userTypeName" on null
#0 /var/www/html/Document-Portal/app/Models/AuthModel.php(37): CodeIgniter\Debug\Exceptions->errorHandler()
#1 /var/www/html/Document-Portal/app/Controllers/Auth.php(42): App\Models\AuthModel->getUserType()
#2 /var/www/html/Document-Portal/system/CodeIgniter.php(929): App\Controllers\Auth->login()
#3 /var/www/html/Document-Portal/system/CodeIgniter.php(437): CodeIgniter\CodeIgniter->runController()
#4 /var/www/html/Document-Portal/system/CodeIgniter.php(337): CodeIgniter\CodeIgniter->handleRequest()
#5 /var/www/html/Document-Portal/index.php(38): CodeIgniter\CodeIgniter->run()
#6 {main}
CRITICAL - 2022-06-09 10:50:22 --> syntax error, unexpected token "}"
#0 /var/www/html/Document-Portal/system/Router/Router.php(169): CodeIgniter\Router\Router->autoRoute()
#1 /var/www/html/Document-Portal/system/CodeIgniter.php(810): CodeIgniter\Router\Router->handle()
#2 /var/www/html/Document-Portal/system/CodeIgniter.php(390): CodeIgniter\CodeIgniter->tryToRouteIt()
#3 /var/www/html/Document-Portal/system/CodeIgniter.php(337): CodeIgniter\CodeIgniter->handleRequest()
#4 /var/www/html/Document-Portal/index.php(38): CodeIgniter\CodeIgniter->run()
#5 {main}
CRITICAL - 2022-06-09 10:50:23 --> syntax error, unexpected token "}"
#0 /var/www/html/Document-Portal/system/Autoloader/Autoloader.php(273): CodeIgniter\Autoloader\Autoloader->includeFile()
#1 /var/www/html/Document-Portal/system/Autoloader/Autoloader.php(247): CodeIgniter\Autoloader\Autoloader->loadInNamespace()
#2 [internal function]: CodeIgniter\Autoloader\Autoloader->loadClass()
#3 /var/www/html/Document-Portal/system/CodeIgniter.php(886): class_exists()
#4 /var/www/html/Document-Portal/system/CodeIgniter.php(422): CodeIgniter\CodeIgniter->startController()
#5 /var/www/html/Document-Portal/system/CodeIgniter.php(337): CodeIgniter\CodeIgniter->handleRequest()
#6 /var/www/html/Document-Portal/index.php(38): CodeIgniter\CodeIgniter->run()
#7 {main}
CRITICAL - 2022-06-09 10:50:25 --> syntax error, unexpected token "}"
#0 /var/www/html/Document-Portal/system/Autoloader/Autoloader.php(273): CodeIgniter\Autoloader\Autoloader->includeFile()
#1 /var/www/html/Document-Portal/system/Autoloader/Autoloader.php(247): CodeIgniter\Autoloader\Autoloader->loadInNamespace()
#2 [internal function]: CodeIgniter\Autoloader\Autoloader->loadClass()
#3 /var/www/html/Document-Portal/system/CodeIgniter.php(886): class_exists()
#4 /var/www/html/Document-Portal/system/CodeIgniter.php(422): CodeIgniter\CodeIgniter->startController()
#5 /var/www/html/Document-Portal/system/CodeIgniter.php(337): CodeIgniter\CodeIgniter->handleRequest()
#6 /var/www/html/Document-Portal/index.php(38): CodeIgniter\CodeIgniter->run()
#7 {main}
CRITICAL - 2022-06-09 10:50:27 --> syntax error, unexpected token "}"
#0 /var/www/html/Document-Portal/system/Autoloader/Autoloader.php(273): CodeIgniter\Autoloader\Autoloader->includeFile()
#1 /var/www/html/Document-Portal/system/Autoloader/Autoloader.php(247): CodeIgniter\Autoloader\Autoloader->loadInNamespace()
#2 [internal function]: CodeIgniter\Autoloader\Autoloader->loadClass()
#3 /var/www/html/Document-Portal/system/CodeIgniter.php(886): class_exists()
#4 /var/www/html/Document-Portal/system/CodeIgniter.php(422): CodeIgniter\CodeIgniter->startController()
#5 /var/www/html/Document-Portal/system/CodeIgniter.php(337): CodeIgniter\CodeIgniter->handleRequest()
#6 /var/www/html/Document-Portal/index.php(38): CodeIgniter\CodeIgniter->run()
#7 {main}
CRITICAL - 2022-06-09 11:03:57 --> syntax error, unexpected token "{"
#0 /var/www/html/Document-Portal/system/View/View.php(232): CodeIgniter\View\View->CodeIgniter\View\{closure}()
#1 /var/www/html/Document-Portal/system/Common.php(1271): CodeIgniter\View\View->render()
#2 /var/www/html/Document-Portal/app/Controllers/BaseController.php(95): view()
#3 /var/www/html/Document-Portal/app/Controllers/Workflow.php(405): App\Controllers\BaseController->render_user_template()
#4 /var/www/html/Document-Portal/system/CodeIgniter.php(929): App\Controllers\Workflow->edit()
#5 /var/www/html/Document-Portal/system/CodeIgniter.php(437): CodeIgniter\CodeIgniter->runController()
#6 /var/www/html/Document-Portal/system/CodeIgniter.php(337): CodeIgniter\CodeIgniter->handleRequest()
#7 /var/www/html/Document-Portal/index.php(38): CodeIgniter\CodeIgniter->run()
#8 {main}
CRITICAL - 2022-06-09 11:04:50 --> Undefined array key "file"
#0 /var/www/html/Document-Portal/app/Controllers/Workflow.php(336): CodeIgniter\Debug\Exceptions->errorHandler()
#1 /var/www/html/Document-Portal/system/CodeIgniter.php(929): App\Controllers\Workflow->edit()
#2 /var/www/html/Document-Portal/system/CodeIgniter.php(437): CodeIgniter\CodeIgniter->runController()
#3 /var/www/html/Document-Portal/system/CodeIgniter.php(337): CodeIgniter\CodeIgniter->handleRequest()
#4 /var/www/html/Document-Portal/index.php(38): CodeIgniter\CodeIgniter->run()
#5 {main}
CRITICAL - 2022-06-09 11:07:09 --> syntax error, unexpected token "else"
#0 /var/www/html/Document-Portal/system/Router/Router.php(169): CodeIgniter\Router\Router->autoRoute()
#1 /var/www/html/Document-Portal/system/CodeIgniter.php(810): CodeIgniter\Router\Router->handle()
#2 /var/www/html/Document-Portal/system/CodeIgniter.php(390): CodeIgniter\CodeIgniter->tryToRouteIt()
#3 /var/www/html/Document-Portal/system/CodeIgniter.php(337): CodeIgniter\CodeIgniter->handleRequest()
#4 /var/www/html/Document-Portal/index.php(38): CodeIgniter\CodeIgniter->run()
#5 {main}
CRITICAL - 2022-06-09 11:07:27 --> syntax error, unexpected token "else"
#0 /var/www/html/Document-Portal/system/Router/Router.php(169): CodeIgniter\Router\Router->autoRoute()
#1 /var/www/html/Document-Portal/system/CodeIgniter.php(810): CodeIgniter\Router\Router->handle()
#2 /var/www/html/Document-Portal/system/CodeIgniter.php(390): CodeIgniter\CodeIgniter->tryToRouteIt()
#3 /var/www/html/Document-Portal/system/CodeIgniter.php(337): CodeIgniter\CodeIgniter->handleRequest()
#4 /var/www/html/Document-Portal/index.php(38): CodeIgniter\CodeIgniter->run()
#5 {main}
ERROR - 2022-06-09 11:14:44 --> Expression #1 of SELECT list is not in GROUP BY clause and contains nonaggregated column 'hseqssco_document.Users.id' which is not functionally dependent on columns in GROUP BY clause; this is incompatible with sql_mode=only_full_group_by
CRITICAL - 2022-06-09 11:14:44 --> Call to a member function getResult() on bool
#0 /var/www/html/Document-Portal/system/BaseModel.php(603): CodeIgniter\Model->doFindAll()
#1 /var/www/html/Document-Portal/app/Models/UsersModel.php(58): CodeIgniter\BaseModel->findAll()
#2 /var/www/html/Document-Portal/app/Controllers/Users.php(195): App\Models\UsersModel->make_datatables()
#3 /var/www/html/Document-Portal/system/CodeIgniter.php(929): App\Controllers\Users->fetch_users()
#4 /var/www/html/Document-Portal/system/CodeIgniter.php(437): CodeIgniter\CodeIgniter->runController()
#5 /var/www/html/Document-Portal/system/CodeIgniter.php(337): CodeIgniter\CodeIgniter->handleRequest()
#6 /var/www/html/Document-Portal/index.php(38): CodeIgniter\CodeIgniter->run()
#7 {main}
ERROR - 2022-06-09 11:14:48 --> Expression #1 of SELECT list is not in GROUP BY clause and contains nonaggregated column 'hseqssco_document.Users.id' which is not functionally dependent on columns in GROUP BY clause; this is incompatible with sql_mode=only_full_group_by
CRITICAL - 2022-06-09 11:14:48 --> Call to a member function getResult() on bool
#0 /var/www/html/Document-Portal/system/BaseModel.php(603): CodeIgniter\Model->doFindAll()
#1 /var/www/html/Document-Portal/app/Models/UsersModel.php(58): CodeIgniter\BaseModel->findAll()
#2 /var/www/html/Document-Portal/app/Controllers/Users.php(195): App\Models\UsersModel->make_datatables()
#3 /var/www/html/Document-Portal/system/CodeIgniter.php(929): App\Controllers\Users->fetch_users()
#4 /var/www/html/Document-Portal/system/CodeIgniter.php(437): CodeIgniter\CodeIgniter->runController()
#5 /var/www/html/Document-Portal/system/CodeIgniter.php(337): CodeIgniter\CodeIgniter->handleRequest()
#6 /var/www/html/Document-Portal/index.php(38): CodeIgniter\CodeIgniter->run()
#7 {main}
ERROR - 2022-06-09 11:14:58 --> Expression #1 of SELECT list is not in GROUP BY clause and contains nonaggregated column 'hseqssco_document.Users.id' which is not functionally dependent on columns in GROUP BY clause; this is incompatible with sql_mode=only_full_group_by
CRITICAL - 2022-06-09 11:14:58 --> Call to a member function getResult() on bool
#0 /var/www/html/Document-Portal/system/BaseModel.php(603): CodeIgniter\Model->doFindAll()
#1 /var/www/html/Document-Portal/app/Models/UsersModel.php(58): CodeIgniter\BaseModel->findAll()
#2 /var/www/html/Document-Portal/app/Controllers/Users.php(195): App\Models\UsersModel->make_datatables()
#3 /var/www/html/Document-Portal/system/CodeIgniter.php(929): App\Controllers\Users->fetch_users()
#4 /var/www/html/Document-Portal/system/CodeIgniter.php(437): CodeIgniter\CodeIgniter->runController()
#5 /var/www/html/Document-Portal/system/CodeIgniter.php(337): CodeIgniter\CodeIgniter->handleRequest()
#6 /var/www/html/Document-Portal/index.php(38): CodeIgniter\CodeIgniter->run()
#7 {main}
ERROR - 2022-06-09 11:15:13 --> Expression #1 of SELECT list is not in GROUP BY clause and contains nonaggregated column 'hseqssco_document.Users.id' which is not functionally dependent on columns in GROUP BY clause; this is incompatible with sql_mode=only_full_group_by
CRITICAL - 2022-06-09 11:15:13 --> Call to a member function getResult() on bool
#0 /var/www/html/Document-Portal/system/BaseModel.php(603): CodeIgniter\Model->doFindAll()
#1 /var/www/html/Document-Portal/app/Models/UsersModel.php(58): CodeIgniter\BaseModel->findAll()
#2 /var/www/html/Document-Portal/app/Controllers/Users.php(195): App\Models\UsersModel->make_datatables()
#3 /var/www/html/Document-Portal/system/CodeIgniter.php(929): App\Controllers\Users->fetch_users()
#4 /var/www/html/Document-Portal/system/CodeIgniter.php(437): CodeIgniter\CodeIgniter->runController()
#5 /var/www/html/Document-Portal/system/CodeIgniter.php(337): CodeIgniter\CodeIgniter->handleRequest()
#6 /var/www/html/Document-Portal/index.php(38): CodeIgniter\CodeIgniter->run()
#7 {main}
ERROR - 2022-06-09 11:15:28 --> Expression #1 of SELECT list is not in GROUP BY clause and contains nonaggregated column 'hseqssco_document.Users.id' which is not functionally dependent on columns in GROUP BY clause; this is incompatible with sql_mode=only_full_group_by
CRITICAL - 2022-06-09 11:15:28 --> Call to a member function getResult() on bool
#0 /var/www/html/Document-Portal/system/BaseModel.php(603): CodeIgniter\Model->doFindAll()
#1 /var/www/html/Document-Portal/app/Models/UsersModel.php(58): CodeIgniter\BaseModel->findAll()
#2 /var/www/html/Document-Portal/app/Controllers/Users.php(195): App\Models\UsersModel->make_datatables()
#3 /var/www/html/Document-Portal/system/CodeIgniter.php(929): App\Controllers\Users->fetch_users()
#4 /var/www/html/Document-Portal/system/CodeIgniter.php(437): CodeIgniter\CodeIgniter->runController()
#5 /var/www/html/Document-Portal/system/CodeIgniter.php(337): CodeIgniter\CodeIgniter->handleRequest()
#6 /var/www/html/Document-Portal/index.php(38): CodeIgniter\CodeIgniter->run()
#7 {main}
CRITICAL - 2022-06-09 11:15:35 --> Trying to access array offset on value of type null
#0 /var/www/html/Document-Portal/app/Views/users/edit.php(23): CodeIgniter\Debug\Exceptions->errorHandler()
#1 /var/www/html/Document-Portal/system/View/View.php(230): include('...')
#2 /var/www/html/Document-Portal/system/View/View.php(232): CodeIgniter\View\View->CodeIgniter\View\{closure}()
#3 /var/www/html/Document-Portal/system/Common.php(1271): CodeIgniter\View\View->render()
#4 /var/www/html/Document-Portal/app/Controllers/BaseController.php(80): view()
#5 /var/www/html/Document-Portal/app/Controllers/Users.php(426): App\Controllers\BaseController->render_template()
#6 /var/www/html/Document-Portal/system/CodeIgniter.php(929): App\Controllers\Users->edit()
#7 /var/www/html/Document-Portal/system/CodeIgniter.php(437): CodeIgniter\CodeIgniter->runController()
#8 /var/www/html/Document-Portal/system/CodeIgniter.php(337): CodeIgniter\CodeIgniter->handleRequest()
#9 /var/www/html/Document-Portal/index.php(38): CodeIgniter\CodeIgniter->run()
#10 {main}
CRITICAL - 2022-06-09 11:39:59 --> syntax error, unexpected token "?"
#0 /var/www/html/Document-Portal/system/View/View.php(232): CodeIgniter\View\View->CodeIgniter\View\{closure}()
#1 /var/www/html/Document-Portal/system/Common.php(1271): CodeIgniter\View\View->render()
#2 /var/www/html/Document-Portal/app/Controllers/BaseController.php(78): view()
#3 /var/www/html/Document-Portal/app/Controllers/Workflow.php(19): App\Controllers\BaseController->render_template()
#4 /var/www/html/Document-Portal/system/CodeIgniter.php(929): App\Controllers\Workflow->index()
#5 /var/www/html/Document-Portal/system/CodeIgniter.php(437): CodeIgniter\CodeIgniter->runController()
#6 /var/www/html/Document-Portal/system/CodeIgniter.php(337): CodeIgniter\CodeIgniter->handleRequest()
#7 /var/www/html/Document-Portal/index.php(38): CodeIgniter\CodeIgniter->run()
#8 {main}
CRITICAL - 2022-06-09 11:39:59 --> syntax error, unexpected token "?"
#0 /var/www/html/Document-Portal/system/View/View.php(232): CodeIgniter\View\View->CodeIgniter\View\{closure}()
#1 /var/www/html/Document-Portal/system/Common.php(1271): CodeIgniter\View\View->render()
#2 /var/www/html/Document-Portal/app/Controllers/BaseController.php(78): view()
#3 /var/www/html/Document-Portal/app/Controllers/Workflow.php(19): App\Controllers\BaseController->render_template()
#4 /var/www/html/Document-Portal/system/CodeIgniter.php(929): App\Controllers\Workflow->index()
#5 /var/www/html/Document-Portal/system/CodeIgniter.php(437): CodeIgniter\CodeIgniter->runController()
#6 /var/www/html/Document-Portal/system/CodeIgniter.php(337): CodeIgniter\CodeIgniter->handleRequest()
#7 /var/www/html/Document-Portal/index.php(38): CodeIgniter\CodeIgniter->run()
#8 {main}
CRITICAL - 2022-06-09 11:40:25 --> syntax error, unexpected token "?"
#0 /var/www/html/Document-Portal/system/View/View.php(232): CodeIgniter\View\View->CodeIgniter\View\{closure}()
#1 /var/www/html/Document-Portal/system/Common.php(1271): CodeIgniter\View\View->render()
#2 /var/www/html/Document-Portal/app/Controllers/BaseController.php(78): view()
#3 /var/www/html/Document-Portal/app/Controllers/Workflow.php(19): App\Controllers\BaseController->render_template()
#4 /var/www/html/Document-Portal/system/CodeIgniter.php(929): App\Controllers\Workflow->index()
#5 /var/www/html/Document-Portal/system/CodeIgniter.php(437): CodeIgniter\CodeIgniter->runController()
#6 /var/www/html/Document-Portal/system/CodeIgniter.php(337): CodeIgniter\CodeIgniter->handleRequest()
#7 /var/www/html/Document-Portal/index.php(38): CodeIgniter\CodeIgniter->run()
#8 {main}
CRITICAL - 2022-06-09 11:42:37 --> Trying to access array offset on value of type null
#0 /var/www/html/Document-Portal/app/Controllers/UserDocuments.php(83): CodeIgniter\Debug\Exceptions->errorHandler()
#1 /var/www/html/Document-Portal/system/CodeIgniter.php(929): App\Controllers\UserDocuments->add()
#2 /var/www/html/Document-Portal/system/CodeIgniter.php(437): CodeIgniter\CodeIgniter->runController()
#3 /var/www/html/Document-Portal/system/CodeIgniter.php(337): CodeIgniter\CodeIgniter->handleRequest()
#4 /var/www/html/Document-Portal/index.php(38): CodeIgniter\CodeIgniter->run()
#5 {main}
ERROR - 2022-06-09 11:45:07 --> Expression #1 of SELECT list is not in GROUP BY clause and contains nonaggregated column 'hseqssco_document.Users.id' which is not functionally dependent on columns in GROUP BY clause; this is incompatible with sql_mode=only_full_group_by
CRITICAL - 2022-06-09 11:45:07 --> Call to a member function getResult() on bool
#0 /var/www/html/Document-Portal/system/BaseModel.php(603): CodeIgniter\Model->doFindAll()
#1 /var/www/html/Document-Portal/app/Models/UsersModel.php(58): CodeIgniter\BaseModel->findAll()
#2 /var/www/html/Document-Portal/app/Controllers/Users.php(195): App\Models\UsersModel->make_datatables()
#3 /var/www/html/Document-Portal/system/CodeIgniter.php(929): App\Controllers\Users->fetch_users()
#4 /var/www/html/Document-Portal/system/CodeIgniter.php(437): CodeIgniter\CodeIgniter->runController()
#5 /var/www/html/Document-Portal/system/CodeIgniter.php(337): CodeIgniter\CodeIgniter->handleRequest()
#6 /var/www/html/Document-Portal/index.php(38): CodeIgniter\CodeIgniter->run()
#7 {main}
CRITICAL - 2022-06-09 11:49:40 --> Undefined variable $fetch_data
#0 /var/www/html/Document-Portal/app/Controllers/Users.php(195): CodeIgniter\Debug\Exceptions->errorHandler()
#1 /var/www/html/Document-Portal/system/CodeIgniter.php(929): App\Controllers\Users->fetch_users()
#2 /var/www/html/Document-Portal/system/CodeIgniter.php(437): CodeIgniter\CodeIgniter->runController()
#3 /var/www/html/Document-Portal/system/CodeIgniter.php(337): CodeIgniter\CodeIgniter->handleRequest()
#4 /var/www/html/Document-Portal/index.php(38): CodeIgniter\CodeIgniter->run()
#5 {main}
CRITICAL - 2022-06-09 11:49:48 --> Undefined variable $fetch_data
#0 /var/www/html/Document-Portal/app/Controllers/Users.php(195): CodeIgniter\Debug\Exceptions->errorHandler()
#1 /var/www/html/Document-Portal/system/CodeIgniter.php(929): App\Controllers\Users->fetch_users()
#2 /var/www/html/Document-Portal/system/CodeIgniter.php(437): CodeIgniter\CodeIgniter->runController()
#3 /var/www/html/Document-Portal/system/CodeIgniter.php(337): CodeIgniter\CodeIgniter->handleRequest()
#4 /var/www/html/Document-Portal/index.php(38): CodeIgniter\CodeIgniter->run()
#5 {main}
CRITICAL - 2022-06-09 11:51:53 --> Undefined variable $fetch_data
#0 /var/www/html/Document-Portal/app/Controllers/Users.php(195): CodeIgniter\Debug\Exceptions->errorHandler()
#1 /var/www/html/Document-Portal/system/CodeIgniter.php(929): App\Controllers\Users->fetch_users()
#2 /var/www/html/Document-Portal/system/CodeIgniter.php(437): CodeIgniter\CodeIgniter->runController()
#3 /var/www/html/Document-Portal/system/CodeIgniter.php(337): CodeIgniter\CodeIgniter->handleRequest()
#4 /var/www/html/Document-Portal/index.php(38): CodeIgniter\CodeIgniter->run()
#5 {main}
CRITICAL - 2022-06-09 11:52:00 --> Undefined variable $fetch_data
#0 /var/www/html/Document-Portal/app/Controllers/Users.php(195): CodeIgniter\Debug\Exceptions->errorHandler()
#1 /var/www/html/Document-Portal/system/CodeIgniter.php(929): App\Controllers\Users->fetch_users()
#2 /var/www/html/Document-Portal/system/CodeIgniter.php(437): CodeIgniter\CodeIgniter->runController()
#3 /var/www/html/Document-Portal/system/CodeIgniter.php(337): CodeIgniter\CodeIgniter->handleRequest()
#4 /var/www/html/Document-Portal/index.php(38): CodeIgniter\CodeIgniter->run()
#5 {main}
CRITICAL - 2022-06-09 11:52:31 --> Undefined variable $fetch_data
#0 /var/www/html/Document-Portal/app/Controllers/Users.php(195): CodeIgniter\Debug\Exceptions->errorHandler()
#1 /var/www/html/Document-Portal/system/CodeIgniter.php(929): App\Controllers\Users->fetch_users()
#2 /var/www/html/Document-Portal/system/CodeIgniter.php(437): CodeIgniter\CodeIgniter->runController()
#3 /var/www/html/Document-Portal/system/CodeIgniter.php(337): CodeIgniter\CodeIgniter->handleRequest()
#4 /var/www/html/Document-Portal/index.php(38): CodeIgniter\CodeIgniter->run()
#5 {main}
CRITICAL - 2022-06-09 11:52:36 --> Undefined variable $fetch_data
#0 /var/www/html/Document-Portal/app/Controllers/Users.php(195): CodeIgniter\Debug\Exceptions->errorHandler()
#1 /var/www/html/Document-Portal/system/CodeIgniter.php(929): App\Controllers\Users->fetch_users()
#2 /var/www/html/Document-Portal/system/CodeIgniter.php(437): CodeIgniter\CodeIgniter->runController()
#3 /var/www/html/Document-Portal/system/CodeIgniter.php(337): CodeIgniter\CodeIgniter->handleRequest()
#4 /var/www/html/Document-Portal/index.php(38): CodeIgniter\CodeIgniter->run()
#5 {main}
CRITICAL - 2022-06-09 11:52:38 --> Undefined variable $fetch_data
#0 /var/www/html/Document-Portal/app/Controllers/Users.php(195): CodeIgniter\Debug\Exceptions->errorHandler()
#1 /var/www/html/Document-Portal/system/CodeIgniter.php(929): App\Controllers\Users->fetch_users()
#2 /var/www/html/Document-Portal/system/CodeIgniter.php(437): CodeIgniter\CodeIgniter->runController()
#3 /var/www/html/Document-Portal/system/CodeIgniter.php(337): CodeIgniter\CodeIgniter->handleRequest()
#4 /var/www/html/Document-Portal/index.php(38): CodeIgniter\CodeIgniter->run()
#5 {main}
ERROR - 2022-06-09 11:52:55 --> Expression #1 of SELECT list is not in GROUP BY clause and contains nonaggregated column 'hseqssco_document.Users.id' which is not functionally dependent on columns in GROUP BY clause; this is incompatible with sql_mode=only_full_group_by
CRITICAL - 2022-06-09 11:52:55 --> Call to a member function getResult() on bool
#0 /var/www/html/Document-Portal/system/BaseModel.php(603): CodeIgniter\Model->doFindAll()
#1 /var/www/html/Document-Portal/app/Models/UsersModel.php(58): CodeIgniter\BaseModel->findAll()
#2 /var/www/html/Document-Portal/app/Controllers/Users.php(196): App\Models\UsersModel->make_datatables()
#3 /var/www/html/Document-Portal/system/CodeIgniter.php(929): App\Controllers\Users->fetch_users()
#4 /var/www/html/Document-Portal/system/CodeIgniter.php(437): CodeIgniter\CodeIgniter->runController()
#5 /var/www/html/Document-Portal/system/CodeIgniter.php(337): CodeIgniter\CodeIgniter->handleRequest()
#6 /var/www/html/Document-Portal/index.php(38): CodeIgniter\CodeIgniter->run()
#7 {main}
ERROR - 2022-06-09 11:53:17 --> Expression #1 of SELECT list is not in GROUP BY clause and contains nonaggregated column 'hseqssco_document.Users.id' which is not functionally dependent on columns in GROUP BY clause; this is incompatible with sql_mode=only_full_group_by
CRITICAL - 2022-06-09 11:53:17 --> Call to a member function getResult() on bool
#0 /var/www/html/Document-Portal/system/BaseModel.php(603): CodeIgniter\Model->doFindAll()
#1 /var/www/html/Document-Portal/app/Models/UsersModel.php(58): CodeIgniter\BaseModel->findAll()
#2 /var/www/html/Document-Portal/app/Controllers/Users.php(196): App\Models\UsersModel->make_datatables()
#3 /var/www/html/Document-Portal/system/CodeIgniter.php(929): App\Controllers\Users->fetch_users()
#4 /var/www/html/Document-Portal/system/CodeIgniter.php(437): CodeIgniter\CodeIgniter->runController()
#5 /var/www/html/Document-Portal/system/CodeIgniter.php(337): CodeIgniter\CodeIgniter->handleRequest()
#6 /var/www/html/Document-Portal/index.php(38): CodeIgniter\CodeIgniter->run()
#7 {main}
ERROR - 2022-06-09 11:53:19 --> Expression #1 of SELECT list is not in GROUP BY clause and contains nonaggregated column 'hseqssco_document.Users.id' which is not functionally dependent on columns in GROUP BY clause; this is incompatible with sql_mode=only_full_group_by
CRITICAL - 2022-06-09 11:53:19 --> Call to a member function getResult() on bool
#0 /var/www/html/Document-Portal/system/BaseModel.php(603): CodeIgniter\Model->doFindAll()
#1 /var/www/html/Document-Portal/app/Models/UsersModel.php(58): CodeIgniter\BaseModel->findAll()
#2 /var/www/html/Document-Portal/app/Controllers/Users.php(196): App\Models\UsersModel->make_datatables()
#3 /var/www/html/Document-Portal/system/CodeIgniter.php(929): App\Controllers\Users->fetch_users()
#4 /var/www/html/Document-Portal/system/CodeIgniter.php(437): CodeIgniter\CodeIgniter->runController()
#5 /var/www/html/Document-Portal/system/CodeIgniter.php(337): CodeIgniter\CodeIgniter->handleRequest()
#6 /var/www/html/Document-Portal/index.php(38): CodeIgniter\CodeIgniter->run()
#7 {main}
ERROR - 2022-06-09 11:55:14 --> Expression #1 of SELECT list is not in GROUP BY clause and contains nonaggregated column 'hseqssco_document.Users.id' which is not functionally dependent on columns in GROUP BY clause; this is incompatible with sql_mode=only_full_group_by
CRITICAL - 2022-06-09 11:55:14 --> Call to a member function getResult() on bool
#0 /var/www/html/Document-Portal/system/BaseModel.php(603): CodeIgniter\Model->doFindAll()
#1 /var/www/html/Document-Portal/app/Models/UsersModel.php(58): CodeIgniter\BaseModel->findAll()
#2 /var/www/html/Document-Portal/app/Controllers/Users.php(195): App\Models\UsersModel->make_datatables()
#3 /var/www/html/Document-Portal/system/CodeIgniter.php(929): App\Controllers\Users->fetch_users()
#4 /var/www/html/Document-Portal/system/CodeIgniter.php(437): CodeIgniter\CodeIgniter->runController()
#5 /var/www/html/Document-Portal/system/CodeIgniter.php(337): CodeIgniter\CodeIgniter->handleRequest()
#6 /var/www/html/Document-Portal/index.php(38): CodeIgniter\CodeIgniter->run()
#7 {main}
CRITICAL - 2022-06-09 11:58:54 --> Undefined variable $actionLink
#0 /var/www/html/Document-Portal/app/Controllers/UploadedDocuments.php(106): CodeIgniter\Debug\Exceptions->errorHandler()
#1 /var/www/html/Document-Portal/system/CodeIgniter.php(929): App\Controllers\UploadedDocuments->fetch_uploaded_documents()
#2 /var/www/html/Document-Portal/system/CodeIgniter.php(437): CodeIgniter\CodeIgniter->runController()
#3 /var/www/html/Document-Portal/system/CodeIgniter.php(337): CodeIgniter\CodeIgniter->handleRequest()
#4 /var/www/html/Document-Portal/index.php(38): CodeIgniter\CodeIgniter->run()
#5 {main}
CRITICAL - 2022-06-09 13:07:17 --> Undefined variable $category
#0 /var/www/html/Document-Portal/app/Views/subadminworkflow/index.php(37): CodeIgniter\Debug\Exceptions->errorHandler()
#1 /var/www/html/Document-Portal/system/View/View.php(230): include('...')
#2 /var/www/html/Document-Portal/system/View/View.php(232): CodeIgniter\View\View->CodeIgniter\View\{closure}()
#3 /var/www/html/Document-Portal/system/Common.php(1271): CodeIgniter\View\View->render()
#4 /var/www/html/Document-Portal/app/Controllers/BaseController.php(95): view()
#5 /var/www/html/Document-Portal/app/Controllers/SubadminWorkflow.php(18): App\Controllers\BaseController->render_user_template()
#6 /var/www/html/Document-Portal/system/CodeIgniter.php(929): App\Controllers\SubadminWorkflow->index()
#7 /var/www/html/Document-Portal/system/CodeIgniter.php(437): CodeIgniter\CodeIgniter->runController()
#8 /var/www/html/Document-Portal/system/CodeIgniter.php(337): CodeIgniter\CodeIgniter->handleRequest()
#9 /var/www/html/Document-Portal/index.php(38): CodeIgniter\CodeIgniter->run()
#10 {main}
CRITICAL - 2022-06-09 13:40:12 --> foreach() argument must be of type array|object, null given
#0 /var/www/html/Document-Portal/app/Controllers/Users.php(286): CodeIgniter\Debug\Exceptions->errorHandler()
#1 /var/www/html/Document-Portal/system/CodeIgniter.php(929): App\Controllers\Users->edit()
#2 /var/www/html/Document-Portal/system/CodeIgniter.php(437): CodeIgniter\CodeIgniter->runController()
#3 /var/www/html/Document-Portal/system/CodeIgniter.php(337): CodeIgniter\CodeIgniter->handleRequest()
#4 /var/www/html/Document-Portal/index.php(38): CodeIgniter\CodeIgniter->run()
#5 {main}
CRITICAL - 2022-06-09 13:40:40 --> Attempt to read property "userTypeName" on null
#0 /var/www/html/Document-Portal/app/Models/AuthModel.php(37): CodeIgniter\Debug\Exceptions->errorHandler()
#1 /var/www/html/Document-Portal/app/Controllers/Auth.php(43): App\Models\AuthModel->getUserType()
#2 /var/www/html/Document-Portal/system/CodeIgniter.php(929): App\Controllers\Auth->login()
#3 /var/www/html/Document-Portal/system/CodeIgniter.php(437): CodeIgniter\CodeIgniter->runController()
#4 /var/www/html/Document-Portal/system/CodeIgniter.php(337): CodeIgniter\CodeIgniter->handleRequest()
#5 /var/www/html/Document-Portal/index.php(38): CodeIgniter\CodeIgniter->run()
#6 {main}
CRITICAL - 2022-06-09 13:40:44 --> Attempt to read property "userTypeName" on null
#0 /var/www/html/Document-Portal/app/Models/AuthModel.php(37): CodeIgniter\Debug\Exceptions->errorHandler()
#1 /var/www/html/Document-Portal/app/Controllers/Auth.php(43): App\Models\AuthModel->getUserType()
#2 /var/www/html/Document-Portal/system/CodeIgniter.php(929): App\Controllers\Auth->login()
#3 /var/www/html/Document-Portal/system/CodeIgniter.php(437): CodeIgniter\CodeIgniter->runController()
#4 /var/www/html/Document-Portal/system/CodeIgniter.php(337): CodeIgniter\CodeIgniter->handleRequest()
#5 /var/www/html/Document-Portal/index.php(38): CodeIgniter\CodeIgniter->run()
#6 {main}
CRITICAL - 2022-06-09 13:43:02 --> Attempt to read property "userTypeName" on null
#0 /var/www/html/Document-Portal/app/Models/AuthModel.php(37): CodeIgniter\Debug\Exceptions->errorHandler()
#1 /var/www/html/Document-Portal/app/Controllers/Auth.php(43): App\Models\AuthModel->getUserType()
#2 /var/www/html/Document-Portal/system/CodeIgniter.php(929): App\Controllers\Auth->login()
#3 /var/www/html/Document-Portal/system/CodeIgniter.php(437): CodeIgniter\CodeIgniter->runController()
#4 /var/www/html/Document-Portal/system/CodeIgniter.php(337): CodeIgniter\CodeIgniter->handleRequest()
#5 /var/www/html/Document-Portal/index.php(38): CodeIgniter\CodeIgniter->run()
#6 {main}
CRITICAL - 2022-06-09 13:44:09 --> Attempt to read property "userTypeName" on null
#0 /var/www/html/Document-Portal/app/Models/AuthModel.php(37): CodeIgniter\Debug\Exceptions->errorHandler()
#1 /var/www/html/Document-Portal/app/Controllers/Auth.php(43): App\Models\AuthModel->getUserType()
#2 /var/www/html/Document-Portal/system/CodeIgniter.php(929): App\Controllers\Auth->login()
#3 /var/www/html/Document-Portal/system/CodeIgniter.php(437): CodeIgniter\CodeIgniter->runController()
#4 /var/www/html/Document-Portal/system/CodeIgniter.php(337): CodeIgniter\CodeIgniter->handleRequest()
#5 /var/www/html/Document-Portal/index.php(38): CodeIgniter\CodeIgniter->run()
#6 {main}
CRITICAL - 2022-06-09 13:50:57 --> Call to undefined method App\Models\WorkflowModel::getActionLinkData
#0 /var/www/html/Document-Portal/app/Controllers/Workflow.php(231): CodeIgniter\Model->__call()
#1 /var/www/html/Document-Portal/system/CodeIgniter.php(929): App\Controllers\Workflow->fetch_workflow()
#2 /var/www/html/Document-Portal/system/CodeIgniter.php(437): CodeIgniter\CodeIgniter->runController()
#3 /var/www/html/Document-Portal/system/CodeIgniter.php(337): CodeIgniter\CodeIgniter->handleRequest()
#4 /var/www/html/Document-Portal/index.php(38): CodeIgniter\CodeIgniter->run()
#5 {main}
CRITICAL - 2022-06-09 13:52:56 --> Call to undefined method App\Models\WorkflowModel::getActionLinkData
#0 /var/www/html/Document-Portal/app/Controllers/Workflow.php(231): CodeIgniter\Model->__call()
#1 /var/www/html/Document-Portal/system/CodeIgniter.php(929): App\Controllers\Workflow->fetch_workflow()
#2 /var/www/html/Document-Portal/system/CodeIgniter.php(437): CodeIgniter\CodeIgniter->runController()
#3 /var/www/html/Document-Portal/system/CodeIgniter.php(337): CodeIgniter\CodeIgniter->handleRequest()
#4 /var/www/html/Document-Portal/index.php(38): CodeIgniter\CodeIgniter->run()
#5 {main}
CRITICAL - 2022-06-09 13:52:59 --> Call to undefined method App\Models\WorkflowModel::getActionLinkData
#0 /var/www/html/Document-Portal/app/Controllers/Workflow.php(231): CodeIgniter\Model->__call()
#1 /var/www/html/Document-Portal/system/CodeIgniter.php(929): App\Controllers\Workflow->fetch_workflow()
#2 /var/www/html/Document-Portal/system/CodeIgniter.php(437): CodeIgniter\CodeIgniter->runController()
#3 /var/www/html/Document-Portal/system/CodeIgniter.php(337): CodeIgniter\CodeIgniter->handleRequest()
#4 /var/www/html/Document-Portal/index.php(38): CodeIgniter\CodeIgniter->run()
#5 {main}
CRITICAL - 2022-06-09 13:53:03 --> Call to undefined method App\Models\WorkflowModel::getActionLinkData
#0 /var/www/html/Document-Portal/app/Controllers/Workflow.php(231): CodeIgniter\Model->__call()
#1 /var/www/html/Document-Portal/system/CodeIgniter.php(929): App\Controllers\Workflow->fetch_workflow()
#2 /var/www/html/Document-Portal/system/CodeIgniter.php(437): CodeIgniter\CodeIgniter->runController()
#3 /var/www/html/Document-Portal/system/CodeIgniter.php(337): CodeIgniter\CodeIgniter->handleRequest()
#4 /var/www/html/Document-Portal/index.php(38): CodeIgniter\CodeIgniter->run()
#5 {main}
ERROR - 2022-06-09 15:01:52 --> Unknown column 'user_company.companyName' in 'field list'
CRITICAL - 2022-06-09 15:01:52 --> Call to a member function getResult() on bool
#0 /var/www/html/Document-Portal/system/BaseModel.php(603): CodeIgniter\Model->doFindAll()
#1 /var/www/html/Document-Portal/app/Models/UserCompanyModel.php(58): CodeIgniter\BaseModel->findAll()
#2 /var/www/html/Document-Portal/app/Controllers/SubadminWorkflow.php(56): App\Models\UserCompanyModel->make_datatables()
#3 /var/www/html/Document-Portal/system/CodeIgniter.php(929): App\Controllers\SubadminWorkflow->fetch_company_data()
#4 /var/www/html/Document-Portal/system/CodeIgniter.php(437): CodeIgniter\CodeIgniter->runController()
#5 /var/www/html/Document-Portal/system/CodeIgniter.php(337): CodeIgniter\CodeIgniter->handleRequest()
#6 /var/www/html/Document-Portal/index.php(38): CodeIgniter\CodeIgniter->run()
#7 {main}
CRITICAL - 2022-06-09 15:36:31 --> Undefined array key "length"
#0 /var/www/html/Document-Portal/app/Models/WorkflowModel.php(85): CodeIgniter\Debug\Exceptions->errorHandler()
#1 /var/www/html/Document-Portal/app/Controllers/SubadminWorkflow.php(139): App\Models\WorkflowModel->make_datatables()
#2 /var/www/html/Document-Portal/system/CodeIgniter.php(929): App\Controllers\SubadminWorkflow->fetch_workflow()
#3 /var/www/html/Document-Portal/system/CodeIgniter.php(437): CodeIgniter\CodeIgniter->runController()
#4 /var/www/html/Document-Portal/system/CodeIgniter.php(337): CodeIgniter\CodeIgniter->handleRequest()
#5 /var/www/html/Document-Portal/index.php(38): CodeIgniter\CodeIgniter->run()
#6 {main}
CRITICAL - 2022-06-09 15:37:19 --> Undefined array key "length"
#0 /var/www/html/Document-Portal/app/Models/WorkflowModel.php(85): CodeIgniter\Debug\Exceptions->errorHandler()
#1 /var/www/html/Document-Portal/app/Controllers/SubadminWorkflow.php(139): App\Models\WorkflowModel->make_datatables()
#2 /var/www/html/Document-Portal/system/CodeIgniter.php(929): App\Controllers\SubadminWorkflow->fetch_workflow()
#3 /var/www/html/Document-Portal/system/CodeIgniter.php(437): CodeIgniter\CodeIgniter->runController()
#4 /var/www/html/Document-Portal/system/CodeIgniter.php(337): CodeIgniter\CodeIgniter->handleRequest()
#5 /var/www/html/Document-Portal/index.php(38): CodeIgniter\CodeIgniter->run()
#6 {main}
CRITICAL - 2022-06-09 15:44:51 --> Undefined array key "length"
#0 /var/www/html/Document-Portal/app/Models/WorkflowModel.php(85): CodeIgniter\Debug\Exceptions->errorHandler()
#1 /var/www/html/Document-Portal/app/Controllers/SubadminWorkflow.php(139): App\Models\WorkflowModel->make_datatables()
#2 /var/www/html/Document-Portal/system/CodeIgniter.php(929): App\Controllers\SubadminWorkflow->fetch_workflow()
#3 /var/www/html/Document-Portal/system/CodeIgniter.php(437): CodeIgniter\CodeIgniter->runController()
#4 /var/www/html/Document-Portal/system/CodeIgniter.php(337): CodeIgniter\CodeIgniter->handleRequest()
#5 /var/www/html/Document-Portal/index.php(38): CodeIgniter\CodeIgniter->run()
#6 {main}
CRITICAL - 2022-06-09 15:45:53 --> Undefined array key "length"
#0 /var/www/html/Document-Portal/app/Models/WorkflowModel.php(85): CodeIgniter\Debug\Exceptions->errorHandler()
#1 /var/www/html/Document-Portal/app/Controllers/SubadminWorkflow.php(139): App\Models\WorkflowModel->make_datatables()
#2 /var/www/html/Document-Portal/system/CodeIgniter.php(929): App\Controllers\SubadminWorkflow->fetch_workflow()
#3 /var/www/html/Document-Portal/system/CodeIgniter.php(437): CodeIgniter\CodeIgniter->runController()
#4 /var/www/html/Document-Portal/system/CodeIgniter.php(337): CodeIgniter\CodeIgniter->handleRequest()
#5 /var/www/html/Document-Portal/index.php(38): CodeIgniter\CodeIgniter->run()
#6 {main}
CRITICAL - 2022-06-09 15:47:01 --> Undefined array key "length"
#0 /var/www/html/Document-Portal/app/Models/WorkflowModel.php(85): CodeIgniter\Debug\Exceptions->errorHandler()
#1 /var/www/html/Document-Portal/app/Controllers/SubadminWorkflow.php(139): App\Models\WorkflowModel->make_datatables()
#2 /var/www/html/Document-Portal/system/CodeIgniter.php(929): App\Controllers\SubadminWorkflow->fetch_workflow()
#3 /var/www/html/Document-Portal/system/CodeIgniter.php(437): CodeIgniter\CodeIgniter->runController()
#4 /var/www/html/Document-Portal/system/CodeIgniter.php(337): CodeIgniter\CodeIgniter->handleRequest()
#5 /var/www/html/Document-Portal/index.php(38): CodeIgniter\CodeIgniter->run()
#6 {main}
CRITICAL - 2022-06-09 15:47:25 --> Undefined array key "length"
#0 /var/www/html/Document-Portal/app/Models/WorkflowModel.php(85): CodeIgniter\Debug\Exceptions->errorHandler()
#1 /var/www/html/Document-Portal/app/Controllers/SubadminWorkflow.php(139): App\Models\WorkflowModel->make_datatables()
#2 /var/www/html/Document-Portal/system/CodeIgniter.php(929): App\Controllers\SubadminWorkflow->fetch_workflow()
#3 /var/www/html/Document-Portal/system/CodeIgniter.php(437): CodeIgniter\CodeIgniter->runController()
#4 /var/www/html/Document-Portal/system/CodeIgniter.php(337): CodeIgniter\CodeIgniter->handleRequest()
#5 /var/www/html/Document-Portal/index.php(38): CodeIgniter\CodeIgniter->run()
#6 {main}
CRITICAL - 2022-06-09 15:48:40 --> Undefined array key "length"
#0 /var/www/html/Document-Portal/app/Models/UserCompanyModel.php(58): CodeIgniter\Debug\Exceptions->errorHandler()
#1 /var/www/html/Document-Portal/app/Controllers/SubadminWorkflow.php(139): App\Models\UserCompanyModel->make_datatables()
#2 /var/www/html/Document-Portal/system/CodeIgniter.php(929): App\Controllers\SubadminWorkflow->fetch_workflow()
#3 /var/www/html/Document-Portal/system/CodeIgniter.php(437): CodeIgniter\CodeIgniter->runController()
#4 /var/www/html/Document-Portal/system/CodeIgniter.php(337): CodeIgniter\CodeIgniter->handleRequest()
#5 /var/www/html/Document-Portal/index.php(38): CodeIgniter\CodeIgniter->run()
#6 {main}
CRITICAL - 2022-06-09 15:49:02 --> Undefined array key "length"
#0 /var/www/html/Document-Portal/app/Models/UserCompanyModel.php(58): CodeIgniter\Debug\Exceptions->errorHandler()
#1 /var/www/html/Document-Portal/app/Controllers/SubadminWorkflow.php(139): App\Models\UserCompanyModel->make_datatables()
#2 /var/www/html/Document-Portal/system/CodeIgniter.php(929): App\Controllers\SubadminWorkflow->fetch_workflow()
#3 /var/www/html/Document-Portal/system/CodeIgniter.php(437): CodeIgniter\CodeIgniter->runController()
#4 /var/www/html/Document-Portal/system/CodeIgniter.php(337): CodeIgniter\CodeIgniter->handleRequest()
#5 /var/www/html/Document-Portal/index.php(38): CodeIgniter\CodeIgniter->run()
#6 {main}
CRITICAL - 2022-06-09 15:50:10 --> Undefined array key "length"
#0 /var/www/html/Document-Portal/app/Models/UserCompanyModel.php(58): CodeIgniter\Debug\Exceptions->errorHandler()
#1 /var/www/html/Document-Portal/app/Controllers/SubadminWorkflow.php(139): App\Models\UserCompanyModel->make_datatables()
#2 /var/www/html/Document-Portal/system/CodeIgniter.php(929): App\Controllers\SubadminWorkflow->fetch_workflow()
#3 /var/www/html/Document-Portal/system/CodeIgniter.php(437): CodeIgniter\CodeIgniter->runController()
#4 /var/www/html/Document-Portal/system/CodeIgniter.php(337): CodeIgniter\CodeIgniter->handleRequest()
#5 /var/www/html/Document-Portal/index.php(38): CodeIgniter\CodeIgniter->run()
#6 {main}
CRITICAL - 2022-06-09 15:50:23 --> Undefined array key "length"
#0 /var/www/html/Document-Portal/app/Models/UserCompanyModel.php(58): CodeIgniter\Debug\Exceptions->errorHandler()
#1 /var/www/html/Document-Portal/app/Controllers/SubadminWorkflow.php(139): App\Models\UserCompanyModel->make_datatables()
#2 /var/www/html/Document-Portal/system/CodeIgniter.php(929): App\Controllers\SubadminWorkflow->fetch_workflow()
#3 /var/www/html/Document-Portal/system/CodeIgniter.php(437): CodeIgniter\CodeIgniter->runController()
#4 /var/www/html/Document-Portal/system/CodeIgniter.php(337): CodeIgniter\CodeIgniter->handleRequest()
#5 /var/www/html/Document-Portal/index.php(38): CodeIgniter\CodeIgniter->run()
#6 {main}
CRITICAL - 2022-06-09 15:51:00 --> Undefined array key "length"
#0 /var/www/html/Document-Portal/app/Models/UserCompanyModel.php(58): CodeIgniter\Debug\Exceptions->errorHandler()
#1 /var/www/html/Document-Portal/app/Controllers/SubadminWorkflow.php(139): App\Models\UserCompanyModel->make_datatables()
#2 /var/www/html/Document-Portal/system/CodeIgniter.php(929): App\Controllers\SubadminWorkflow->fetch_workflow()
#3 /var/www/html/Document-Portal/system/CodeIgniter.php(437): CodeIgniter\CodeIgniter->runController()
#4 /var/www/html/Document-Portal/system/CodeIgniter.php(337): CodeIgniter\CodeIgniter->handleRequest()
#5 /var/www/html/Document-Portal/index.php(38): CodeIgniter\CodeIgniter->run()
#6 {main}
CRITICAL - 2022-06-09 15:51:05 --> Undefined array key "length"
#0 /var/www/html/Document-Portal/app/Models/UserCompanyModel.php(58): CodeIgniter\Debug\Exceptions->errorHandler()
#1 /var/www/html/Document-Portal/app/Controllers/SubadminWorkflow.php(139): App\Models\UserCompanyModel->make_datatables()
#2 /var/www/html/Document-Portal/system/CodeIgniter.php(929): App\Controllers\SubadminWorkflow->fetch_workflow()
#3 /var/www/html/Document-Portal/system/CodeIgniter.php(437): CodeIgniter\CodeIgniter->runController()
#4 /var/www/html/Document-Portal/system/CodeIgniter.php(337): CodeIgniter\CodeIgniter->handleRequest()
#5 /var/www/html/Document-Portal/index.php(38): CodeIgniter\CodeIgniter->run()
#6 {main}
CRITICAL - 2022-06-09 16:16:23 --> Undefined array key "length"
#0 /var/www/html/Document-Portal/app/Models/UserCompanyModel.php(58): CodeIgniter\Debug\Exceptions->errorHandler()
#1 /var/www/html/Document-Portal/app/Controllers/SubadminWorkflowView.php(62): App\Models\UserCompanyModel->make_datatables()
#2 /var/www/html/Document-Portal/system/CodeIgniter.php(929): App\Controllers\SubadminWorkflowView->fetch_workflow_view()
#3 /var/www/html/Document-Portal/system/CodeIgniter.php(437): CodeIgniter\CodeIgniter->runController()
#4 /var/www/html/Document-Portal/system/CodeIgniter.php(337): CodeIgniter\CodeIgniter->handleRequest()
#5 /var/www/html/Document-Portal/index.php(38): CodeIgniter\CodeIgniter->run()
#6 {main}
CRITICAL - 2022-06-09 16:16:46 --> Undefined array key "length"
#0 /var/www/html/Document-Portal/app/Models/UserCompanyModel.php(58): CodeIgniter\Debug\Exceptions->errorHandler()
#1 /var/www/html/Document-Portal/app/Controllers/SubadminWorkflowView.php(62): App\Models\UserCompanyModel->make_datatables()
#2 /var/www/html/Document-Portal/system/CodeIgniter.php(929): App\Controllers\SubadminWorkflowView->fetch_workflow_view()
#3 /var/www/html/Document-Portal/system/CodeIgniter.php(437): CodeIgniter\CodeIgniter->runController()
#4 /var/www/html/Document-Portal/system/CodeIgniter.php(337): CodeIgniter\CodeIgniter->handleRequest()
#5 /var/www/html/Document-Portal/index.php(38): CodeIgniter\CodeIgniter->run()
#6 {main}
CRITICAL - 2022-06-09 16:17:11 --> Undefined array key "length"
#0 /var/www/html/Document-Portal/app/Models/UserCompanyModel.php(58): CodeIgniter\Debug\Exceptions->errorHandler()
#1 /var/www/html/Document-Portal/app/Controllers/SubadminWorkflowView.php(62): App\Models\UserCompanyModel->make_datatables()
#2 /var/www/html/Document-Portal/system/CodeIgniter.php(929): App\Controllers\SubadminWorkflowView->fetch_workflow_view()
#3 /var/www/html/Document-Portal/system/CodeIgniter.php(437): CodeIgniter\CodeIgniter->runController()
#4 /var/www/html/Document-Portal/system/CodeIgniter.php(337): CodeIgniter\CodeIgniter->handleRequest()
#5 /var/www/html/Document-Portal/index.php(38): CodeIgniter\CodeIgniter->run()
#6 {main}
CRITICAL - 2022-06-09 16:17:39 --> Undefined array key "length"
#0 /var/www/html/Document-Portal/app/Models/UserCompanyModel.php(58): CodeIgniter\Debug\Exceptions->errorHandler()
#1 /var/www/html/Document-Portal/app/Controllers/SubadminWorkflowView.php(62): App\Models\UserCompanyModel->make_datatables()
#2 /var/www/html/Document-Portal/system/CodeIgniter.php(929): App\Controllers\SubadminWorkflowView->fetch_workflow_view()
#3 /var/www/html/Document-Portal/system/CodeIgniter.php(437): CodeIgniter\CodeIgniter->runController()
#4 /var/www/html/Document-Portal/system/CodeIgniter.php(337): CodeIgniter\CodeIgniter->handleRequest()
#5 /var/www/html/Document-Portal/index.php(38): CodeIgniter\CodeIgniter->run()
#6 {main}
CRITICAL - 2022-06-09 16:18:21 --> Undefined array key "length"
#0 /var/www/html/Document-Portal/app/Models/UserCompanyModel.php(58): CodeIgniter\Debug\Exceptions->errorHandler()
#1 /var/www/html/Document-Portal/app/Controllers/SubadminWorkflowView.php(62): App\Models\UserCompanyModel->make_datatables()
#2 /var/www/html/Document-Portal/system/CodeIgniter.php(929): App\Controllers\SubadminWorkflowView->fetch_workflow_view()
#3 /var/www/html/Document-Portal/system/CodeIgniter.php(437): CodeIgniter\CodeIgniter->runController()
#4 /var/www/html/Document-Portal/system/CodeIgniter.php(337): CodeIgniter\CodeIgniter->handleRequest()
#5 /var/www/html/Document-Portal/index.php(38): CodeIgniter\CodeIgniter->run()
#6 {main}
CRITICAL - 2022-06-09 16:18:31 --> Undefined array key "length"
#0 /var/www/html/Document-Portal/app/Models/UserCompanyModel.php(58): CodeIgniter\Debug\Exceptions->errorHandler()
#1 /var/www/html/Document-Portal/app/Controllers/SubadminWorkflowView.php(62): App\Models\UserCompanyModel->make_datatables()
#2 /var/www/html/Document-Portal/system/CodeIgniter.php(929): App\Controllers\SubadminWorkflowView->fetch_workflow_view()
#3 /var/www/html/Document-Portal/system/CodeIgniter.php(437): CodeIgniter\CodeIgniter->runController()
#4 /var/www/html/Document-Portal/system/CodeIgniter.php(337): CodeIgniter\CodeIgniter->handleRequest()
#5 /var/www/html/Document-Portal/index.php(38): CodeIgniter\CodeIgniter->run()
#6 {main}
CRITICAL - 2022-06-09 16:21:11 --> Undefined array key "length"
#0 /var/www/html/Document-Portal/app/Models/WorkflowModel.php(85): CodeIgniter\Debug\Exceptions->errorHandler()
#1 /var/www/html/Document-Portal/app/Controllers/SubadminWorkflowView.php(77): App\Models\WorkflowModel->make_datatables()
#2 /var/www/html/Document-Portal/system/CodeIgniter.php(929): App\Controllers\SubadminWorkflowView->fetch_workflow_view()
#3 /var/www/html/Document-Portal/system/CodeIgniter.php(437): CodeIgniter\CodeIgniter->runController()
#4 /var/www/html/Document-Portal/system/CodeIgniter.php(337): CodeIgniter\CodeIgniter->handleRequest()
#5 /var/www/html/Document-Portal/index.php(38): CodeIgniter\CodeIgniter->run()
#6 {main}
CRITICAL - 2022-06-09 16:23:38 --> Undefined array key "length"
#0 /var/www/html/Document-Portal/app/Models/WorkflowModel.php(85): CodeIgniter\Debug\Exceptions->errorHandler()
#1 /var/www/html/Document-Portal/app/Controllers/SubadminWorkflowView.php(77): App\Models\WorkflowModel->make_datatables()
#2 /var/www/html/Document-Portal/system/CodeIgniter.php(929): App\Controllers\SubadminWorkflowView->fetch_workflow_view()
#3 /var/www/html/Document-Portal/system/CodeIgniter.php(437): CodeIgniter\CodeIgniter->runController()
#4 /var/www/html/Document-Portal/system/CodeIgniter.php(337): CodeIgniter\CodeIgniter->handleRequest()
#5 /var/www/html/Document-Portal/index.php(38): CodeIgniter\CodeIgniter->run()
#6 {main}
CRITICAL - 2022-06-09 16:23:50 --> Undefined array key "length"
#0 /var/www/html/Document-Portal/app/Models/WorkflowModel.php(85): CodeIgniter\Debug\Exceptions->errorHandler()
#1 /var/www/html/Document-Portal/app/Controllers/SubadminWorkflowView.php(77): App\Models\WorkflowModel->make_datatables()
#2 /var/www/html/Document-Portal/system/CodeIgniter.php(929): App\Controllers\SubadminWorkflowView->fetch_workflow_view()
#3 /var/www/html/Document-Portal/system/CodeIgniter.php(437): CodeIgniter\CodeIgniter->runController()
#4 /var/www/html/Document-Portal/system/CodeIgniter.php(337): CodeIgniter\CodeIgniter->handleRequest()
#5 /var/www/html/Document-Portal/index.php(38): CodeIgniter\CodeIgniter->run()
#6 {main}
CRITICAL - 2022-06-09 16:33:10 --> Undefined array key "length"
#0 /var/www/html/Document-Portal/app/Models/UserCompanyModel.php(58): CodeIgniter\Debug\Exceptions->errorHandler()
#1 /var/www/html/Document-Portal/app/Controllers/SubadminWorkflowView.php(77): App\Models\UserCompanyModel->make_datatables()
#2 /var/www/html/Document-Portal/system/CodeIgniter.php(929): App\Controllers\SubadminWorkflowView->fetch_workflow_view()
#3 /var/www/html/Document-Portal/system/CodeIgniter.php(437): CodeIgniter\CodeIgniter->runController()
#4 /var/www/html/Document-Portal/system/CodeIgniter.php(337): CodeIgniter\CodeIgniter->handleRequest()
#5 /var/www/html/Document-Portal/index.php(38): CodeIgniter\CodeIgniter->run()
#6 {main}
CRITICAL - 2022-06-09 16:33:13 --> Undefined array key "length"
#0 /var/www/html/Document-Portal/app/Models/UserCompanyModel.php(58): CodeIgniter\Debug\Exceptions->errorHandler()
#1 /var/www/html/Document-Portal/app/Controllers/SubadminWorkflowView.php(77): App\Models\UserCompanyModel->make_datatables()
#2 /var/www/html/Document-Portal/system/CodeIgniter.php(929): App\Controllers\SubadminWorkflowView->fetch_workflow_view()
#3 /var/www/html/Document-Portal/system/CodeIgniter.php(437): CodeIgniter\CodeIgniter->runController()
#4 /var/www/html/Document-Portal/system/CodeIgniter.php(337): CodeIgniter\CodeIgniter->handleRequest()
#5 /var/www/html/Document-Portal/index.php(38): CodeIgniter\CodeIgniter->run()
#6 {main}
CRITICAL - 2022-06-09 16:39:36 --> Undefined array key "length"
#0 /var/www/html/Document-Portal/app/Models/UserCompanyModel.php(57): CodeIgniter\Debug\Exceptions->errorHandler()
#1 /var/www/html/Document-Portal/app/Controllers/SubadminWorkflowView.php(77): App\Models\UserCompanyModel->make_datatables()
#2 /var/www/html/Document-Portal/system/CodeIgniter.php(929): App\Controllers\SubadminWorkflowView->fetch_workflow_view()
#3 /var/www/html/Document-Portal/system/CodeIgniter.php(437): CodeIgniter\CodeIgniter->runController()
#4 /var/www/html/Document-Portal/system/CodeIgniter.php(337): CodeIgniter\CodeIgniter->handleRequest()
#5 /var/www/html/Document-Portal/index.php(38): CodeIgniter\CodeIgniter->run()
#6 {main}
CRITICAL - 2022-06-09 16:39:46 --> Undefined array key "length"
#0 /var/www/html/Document-Portal/app/Models/UserCompanyModel.php(57): CodeIgniter\Debug\Exceptions->errorHandler()
#1 /var/www/html/Document-Portal/app/Controllers/SubadminWorkflowView.php(77): App\Models\UserCompanyModel->make_datatables()
#2 /var/www/html/Document-Portal/system/CodeIgniter.php(929): App\Controllers\SubadminWorkflowView->fetch_workflow_view()
#3 /var/www/html/Document-Portal/system/CodeIgniter.php(437): CodeIgniter\CodeIgniter->runController()
#4 /var/www/html/Document-Portal/system/CodeIgniter.php(337): CodeIgniter\CodeIgniter->handleRequest()
#5 /var/www/html/Document-Portal/index.php(38): CodeIgniter\CodeIgniter->run()
#6 {main}
CRITICAL - 2022-06-09 16:40:34 --> Undefined array key "length"
#0 /var/www/html/Document-Portal/app/Models/UserCompanyModel.php(57): CodeIgniter\Debug\Exceptions->errorHandler()
#1 /var/www/html/Document-Portal/app/Controllers/SubadminWorkflowView.php(77): App\Models\UserCompanyModel->make_datatables()
#2 /var/www/html/Document-Portal/system/CodeIgniter.php(929): App\Controllers\SubadminWorkflowView->fetch_workflow_view()
#3 /var/www/html/Document-Portal/system/CodeIgniter.php(437): CodeIgniter\CodeIgniter->runController()
#4 /var/www/html/Document-Portal/system/CodeIgniter.php(337): CodeIgniter\CodeIgniter->handleRequest()
#5 /var/www/html/Document-Portal/index.php(38): CodeIgniter\CodeIgniter->run()
#6 {main}
ERROR - 2022-06-09 16:42:11 --> Unknown table 'document_workfolw'
CRITICAL - 2022-06-09 16:42:11 --> Call to a member function getResult() on bool
#0 /var/www/html/Document-Portal/system/BaseModel.php(603): CodeIgniter\Model->doFindAll()
#1 /var/www/html/Document-Portal/app/Models/UserCompanyModel.php(64): CodeIgniter\BaseModel->findAll()
#2 /var/www/html/Document-Portal/app/Controllers/SubadminWorkflowView.php(77): App\Models\UserCompanyModel->make_datatables()
#3 /var/www/html/Document-Portal/system/CodeIgniter.php(929): App\Controllers\SubadminWorkflowView->fetch_workflow_view()
#4 /var/www/html/Document-Portal/system/CodeIgniter.php(437): CodeIgniter\CodeIgniter->runController()
#5 /var/www/html/Document-Portal/system/CodeIgniter.php(337): CodeIgniter\CodeIgniter->handleRequest()
#6 /var/www/html/Document-Portal/index.php(38): CodeIgniter\CodeIgniter->run()
#7 {main}
ERROR - 2022-06-09 16:42:22 --> Unknown table 'document_workfolw'
CRITICAL - 2022-06-09 16:42:22 --> Call to a member function getResult() on bool
#0 /var/www/html/Document-Portal/system/BaseModel.php(603): CodeIgniter\Model->doFindAll()
#1 /var/www/html/Document-Portal/app/Models/UserCompanyModel.php(64): CodeIgniter\BaseModel->findAll()
#2 /var/www/html/Document-Portal/app/Controllers/SubadminWorkflowView.php(77): App\Models\UserCompanyModel->make_datatables()
#3 /var/www/html/Document-Portal/system/CodeIgniter.php(929): App\Controllers\SubadminWorkflowView->fetch_workflow_view()
#4 /var/www/html/Document-Portal/system/CodeIgniter.php(437): CodeIgniter\CodeIgniter->runController()
#5 /var/www/html/Document-Portal/system/CodeIgniter.php(337): CodeIgniter\CodeIgniter->handleRequest()
#6 /var/www/html/Document-Portal/index.php(38): CodeIgniter\CodeIgniter->run()
#7 {main}
CRITICAL - 2022-06-09 17:15:45 --> Undefined array key "length"
#0 /var/www/html/Document-Portal/app/Models/UserCompanyModel.php(58): CodeIgniter\Debug\Exceptions->errorHandler()
#1 /var/www/html/Document-Portal/app/Controllers/SubadminWorkflowView.php(77): App\Models\UserCompanyModel->make_datatables()
#2 /var/www/html/Document-Portal/system/CodeIgniter.php(929): App\Controllers\SubadminWorkflowView->fetch_workflow_view()
#3 /var/www/html/Document-Portal/system/CodeIgniter.php(437): CodeIgniter\CodeIgniter->runController()
#4 /var/www/html/Document-Portal/system/CodeIgniter.php(337): CodeIgniter\CodeIgniter->handleRequest()
#5 /var/www/html/Document-Portal/index.php(38): CodeIgniter\CodeIgniter->run()
#6 {main}
CRITICAL - 2022-06-09 17:16:36 --> Undefined array key "length"
#0 /var/www/html/Document-Portal/app/Models/UserCompanyModel.php(58): CodeIgniter\Debug\Exceptions->errorHandler()
#1 /var/www/html/Document-Portal/app/Controllers/SubadminWorkflowView.php(77): App\Models\UserCompanyModel->make_datatables()
#2 /var/www/html/Document-Portal/system/CodeIgniter.php(929): App\Controllers\SubadminWorkflowView->fetch_workflow_view()
#3 /var/www/html/Document-Portal/system/CodeIgniter.php(437): CodeIgniter\CodeIgniter->runController()
#4 /var/www/html/Document-Portal/system/CodeIgniter.php(337): CodeIgniter\CodeIgniter->handleRequest()
#5 /var/www/html/Document-Portal/index.php(38): CodeIgniter\CodeIgniter->run()
#6 {main}
CRITICAL - 2022-06-09 17:25:02 --> Undefined array key "length"
#0 /var/www/html/Document-Portal/app/Models/UserCompanyModel.php(58): CodeIgniter\Debug\Exceptions->errorHandler()
#1 /var/www/html/Document-Portal/app/Controllers/SubadminWorkflowView.php(77): App\Models\UserCompanyModel->make_datatables()
#2 /var/www/html/Document-Portal/system/CodeIgniter.php(929): App\Controllers\SubadminWorkflowView->fetch_workflow_view()
#3 /var/www/html/Document-Portal/system/CodeIgniter.php(437): CodeIgniter\CodeIgniter->runController()
#4 /var/www/html/Document-Portal/system/CodeIgniter.php(337): CodeIgniter\CodeIgniter->handleRequest()
#5 /var/www/html/Document-Portal/index.php(38): CodeIgniter\CodeIgniter->run()
#6 {main}
CRITICAL - 2022-06-09 17:32:14 --> Undefined array key "length"
#0 /var/www/html/Document-Portal/app/Models/UserCompanyModel.php(58): CodeIgniter\Debug\Exceptions->errorHandler()
#1 /var/www/html/Document-Portal/app/Controllers/SubadminWorkflowView.php(77): App\Models\UserCompanyModel->make_datatables()
#2 /var/www/html/Document-Portal/system/CodeIgniter.php(929): App\Controllers\SubadminWorkflowView->fetch_workflow_view()
#3 /var/www/html/Document-Portal/system/CodeIgniter.php(437): CodeIgniter\CodeIgniter->runController()
#4 /var/www/html/Document-Portal/system/CodeIgniter.php(337): CodeIgniter\CodeIgniter->handleRequest()
#5 /var/www/html/Document-Portal/index.php(38): CodeIgniter\CodeIgniter->run()
#6 {main}
CRITICAL - 2022-06-09 17:33:08 --> Undefined array key "length"
#0 /var/www/html/Document-Portal/app/Models/UserCompanyModel.php(58): CodeIgniter\Debug\Exceptions->errorHandler()
#1 /var/www/html/Document-Portal/app/Controllers/SubadminWorkflowView.php(77): App\Models\UserCompanyModel->make_datatables()
#2 /var/www/html/Document-Portal/system/CodeIgniter.php(929): App\Controllers\SubadminWorkflowView->fetch_workflow_view()
#3 /var/www/html/Document-Portal/system/CodeIgniter.php(437): CodeIgniter\CodeIgniter->runController()
#4 /var/www/html/Document-Portal/system/CodeIgniter.php(337): CodeIgniter\CodeIgniter->handleRequest()
#5 /var/www/html/Document-Portal/index.php(38): CodeIgniter\CodeIgniter->run()
#6 {main}
CRITICAL - 2022-06-09 17:38:37 --> Undefined array key "length"
#0 /var/www/html/Document-Portal/app/Models/UserCompanyModel.php(58): CodeIgniter\Debug\Exceptions->errorHandler()
#1 /var/www/html/Document-Portal/app/Controllers/SubadminWorkflowView.php(78): App\Models\UserCompanyModel->make_datatables()
#2 /var/www/html/Document-Portal/system/CodeIgniter.php(929): App\Controllers\SubadminWorkflowView->fetch_workflow_view()
#3 /var/www/html/Document-Portal/system/CodeIgniter.php(437): CodeIgniter\CodeIgniter->runController()
#4 /var/www/html/Document-Portal/system/CodeIgniter.php(337): CodeIgniter\CodeIgniter->handleRequest()
#5 /var/www/html/Document-Portal/index.php(38): CodeIgniter\CodeIgniter->run()
#6 {main}
CRITICAL - 2022-06-09 17:38:44 --> Undefined array key "length"
#0 /var/www/html/Document-Portal/app/Models/UserCompanyModel.php(58): CodeIgniter\Debug\Exceptions->errorHandler()
#1 /var/www/html/Document-Portal/app/Controllers/SubadminWorkflowView.php(78): App\Models\UserCompanyModel->make_datatables()
#2 /var/www/html/Document-Portal/system/CodeIgniter.php(929): App\Controllers\SubadminWorkflowView->fetch_workflow_view()
#3 /var/www/html/Document-Portal/system/CodeIgniter.php(437): CodeIgniter\CodeIgniter->runController()
#4 /var/www/html/Document-Portal/system/CodeIgniter.php(337): CodeIgniter\CodeIgniter->handleRequest()
#5 /var/www/html/Document-Portal/index.php(38): CodeIgniter\CodeIgniter->run()
#6 {main}
CRITICAL - 2022-06-09 17:40:09 --> Undefined array key "length"
#0 /var/www/html/Document-Portal/app/Models/WorkflowModel.php(85): CodeIgniter\Debug\Exceptions->errorHandler()
#1 /var/www/html/Document-Portal/app/Controllers/SubadminWorkflowView.php(78): App\Models\WorkflowModel->make_datatables()
#2 /var/www/html/Document-Portal/system/CodeIgniter.php(929): App\Controllers\SubadminWorkflowView->fetch_workflow_view()
#3 /var/www/html/Document-Portal/system/CodeIgniter.php(437): CodeIgniter\CodeIgniter->runController()
#4 /var/www/html/Document-Portal/system/CodeIgniter.php(337): CodeIgniter\CodeIgniter->handleRequest()
#5 /var/www/html/Document-Portal/index.php(38): CodeIgniter\CodeIgniter->run()
#6 {main}
CRITICAL - 2022-06-09 17:40:16 --> Undefined array key "length"
#0 /var/www/html/Document-Portal/app/Models/WorkflowModel.php(85): CodeIgniter\Debug\Exceptions->errorHandler()
#1 /var/www/html/Document-Portal/app/Controllers/SubadminWorkflowView.php(78): App\Models\WorkflowModel->make_datatables()
#2 /var/www/html/Document-Portal/system/CodeIgniter.php(929): App\Controllers\SubadminWorkflowView->fetch_workflow_view()
#3 /var/www/html/Document-Portal/system/CodeIgniter.php(437): CodeIgniter\CodeIgniter->runController()
#4 /var/www/html/Document-Portal/system/CodeIgniter.php(337): CodeIgniter\CodeIgniter->handleRequest()
#5 /var/www/html/Document-Portal/index.php(38): CodeIgniter\CodeIgniter->run()
#6 {main}
CRITICAL - 2022-06-09 17:46:37 --> Undefined array key "length"
#0 /var/www/html/Document-Portal/app/Models/WorkflowModel.php(85): CodeIgniter\Debug\Exceptions->errorHandler()
#1 /var/www/html/Document-Portal/app/Controllers/SubadminWorkflowView.php(78): App\Models\WorkflowModel->make_datatables()
#2 /var/www/html/Document-Portal/system/CodeIgniter.php(929): App\Controllers\SubadminWorkflowView->fetch_workflow_view()
#3 /var/www/html/Document-Portal/system/CodeIgniter.php(437): CodeIgniter\CodeIgniter->runController()
#4 /var/www/html/Document-Portal/system/CodeIgniter.php(337): CodeIgniter\CodeIgniter->handleRequest()
#5 /var/www/html/Document-Portal/index.php(38): CodeIgniter\CodeIgniter->run()
#6 {main}
CRITICAL - 2022-06-09 17:46:42 --> Undefined array key "length"
#0 /var/www/html/Document-Portal/app/Models/WorkflowModel.php(85): CodeIgniter\Debug\Exceptions->errorHandler()
#1 /var/www/html/Document-Portal/app/Controllers/SubadminWorkflowView.php(78): App\Models\WorkflowModel->make_datatables()
#2 /var/www/html/Document-Portal/system/CodeIgniter.php(929): App\Controllers\SubadminWorkflowView->fetch_workflow_view()
#3 /var/www/html/Document-Portal/system/CodeIgniter.php(437): CodeIgniter\CodeIgniter->runController()
#4 /var/www/html/Document-Portal/system/CodeIgniter.php(337): CodeIgniter\CodeIgniter->handleRequest()
#5 /var/www/html/Document-Portal/index.php(38): CodeIgniter\CodeIgniter->run()
#6 {main}
CRITICAL - 2022-06-09 17:46:54 --> Undefined array key "length"
#0 /var/www/html/Document-Portal/app/Models/WorkflowModel.php(85): CodeIgniter\Debug\Exceptions->errorHandler()
#1 /var/www/html/Document-Portal/app/Controllers/SubadminWorkflowView.php(78): App\Models\WorkflowModel->make_datatables()
#2 /var/www/html/Document-Portal/system/CodeIgniter.php(929): App\Controllers\SubadminWorkflowView->fetch_workflow_view()
#3 /var/www/html/Document-Portal/system/CodeIgniter.php(437): CodeIgniter\CodeIgniter->runController()
#4 /var/www/html/Document-Portal/system/CodeIgniter.php(337): CodeIgniter\CodeIgniter->handleRequest()
#5 /var/www/html/Document-Portal/index.php(38): CodeIgniter\CodeIgniter->run()
#6 {main}
CRITICAL - 2022-06-09 17:48:07 --> Undefined array key "length"
#0 /var/www/html/Document-Portal/app/Models/WorkflowModel.php(85): CodeIgniter\Debug\Exceptions->errorHandler()
#1 /var/www/html/Document-Portal/app/Controllers/SubadminWorkflowView.php(78): App\Models\WorkflowModel->make_datatables()
#2 /var/www/html/Document-Portal/system/CodeIgniter.php(929): App\Controllers\SubadminWorkflowView->fetch_workflow_view()
#3 /var/www/html/Document-Portal/system/CodeIgniter.php(437): CodeIgniter\CodeIgniter->runController()
#4 /var/www/html/Document-Portal/system/CodeIgniter.php(337): CodeIgniter\CodeIgniter->handleRequest()
#5 /var/www/html/Document-Portal/index.php(38): CodeIgniter\CodeIgniter->run()
#6 {main}
CRITICAL - 2022-06-09 17:49:00 --> Undefined array key "length"
#0 /var/www/html/Document-Portal/app/Models/WorkflowModel.php(85): CodeIgniter\Debug\Exceptions->errorHandler()
#1 /var/www/html/Document-Portal/app/Controllers/SubadminWorkflowView.php(78): App\Models\WorkflowModel->make_datatables()
#2 /var/www/html/Document-Portal/system/CodeIgniter.php(929): App\Controllers\SubadminWorkflowView->fetch_workflow_view()
#3 /var/www/html/Document-Portal/system/CodeIgniter.php(437): CodeIgniter\CodeIgniter->runController()
#4 /var/www/html/Document-Portal/system/CodeIgniter.php(337): CodeIgniter\CodeIgniter->handleRequest()
#5 /var/www/html/Document-Portal/index.php(38): CodeIgniter\CodeIgniter->run()
#6 {main}
CRITICAL - 2022-06-09 17:50:07 --> Undefined array key "length"
#0 /var/www/html/Document-Portal/app/Models/WorkflowModel.php(85): CodeIgniter\Debug\Exceptions->errorHandler()
#1 /var/www/html/Document-Portal/app/Controllers/SubadminWorkflowView.php(78): App\Models\WorkflowModel->make_datatables()
#2 /var/www/html/Document-Portal/system/CodeIgniter.php(929): App\Controllers\SubadminWorkflowView->fetch_workflow_view()
#3 /var/www/html/Document-Portal/system/CodeIgniter.php(437): CodeIgniter\CodeIgniter->runController()
#4 /var/www/html/Document-Portal/system/CodeIgniter.php(337): CodeIgniter\CodeIgniter->handleRequest()
#5 /var/www/html/Document-Portal/index.php(38): CodeIgniter\CodeIgniter->run()
#6 {main}
CRITICAL - 2022-06-09 17:50:19 --> Undefined array key "length"
#0 /var/www/html/Document-Portal/app/Models/WorkflowModel.php(85): CodeIgniter\Debug\Exceptions->errorHandler()
#1 /var/www/html/Document-Portal/app/Controllers/SubadminWorkflowView.php(78): App\Models\WorkflowModel->make_datatables()
#2 /var/www/html/Document-Portal/system/CodeIgniter.php(929): App\Controllers\SubadminWorkflowView->fetch_workflow_view()
#3 /var/www/html/Document-Portal/system/CodeIgniter.php(437): CodeIgniter\CodeIgniter->runController()
#4 /var/www/html/Document-Portal/system/CodeIgniter.php(337): CodeIgniter\CodeIgniter->handleRequest()
#5 /var/www/html/Document-Portal/index.php(38): CodeIgniter\CodeIgniter->run()
#6 {main}
CRITICAL - 2022-06-09 17:51:03 --> Undefined array key "length"
#0 /var/www/html/Document-Portal/app/Models/WorkflowModel.php(85): CodeIgniter\Debug\Exceptions->errorHandler()
#1 /var/www/html/Document-Portal/app/Controllers/SubadminWorkflowView.php(78): App\Models\WorkflowModel->make_datatables()
#2 /var/www/html/Document-Portal/system/CodeIgniter.php(929): App\Controllers\SubadminWorkflowView->fetch_workflow_view()
#3 /var/www/html/Document-Portal/system/CodeIgniter.php(437): CodeIgniter\CodeIgniter->runController()
#4 /var/www/html/Document-Portal/system/CodeIgniter.php(337): CodeIgniter\CodeIgniter->handleRequest()
#5 /var/www/html/Document-Portal/index.php(38): CodeIgniter\CodeIgniter->run()
#6 {main}
CRITICAL - 2022-06-09 17:51:19 --> Undefined array key "length"
#0 /var/www/html/Document-Portal/app/Models/WorkflowModel.php(85): CodeIgniter\Debug\Exceptions->errorHandler()
#1 /var/www/html/Document-Portal/app/Controllers/SubadminWorkflowView.php(78): App\Models\WorkflowModel->make_datatables()
#2 /var/www/html/Document-Portal/system/CodeIgniter.php(929): App\Controllers\SubadminWorkflowView->fetch_workflow_view()
#3 /var/www/html/Document-Portal/system/CodeIgniter.php(437): CodeIgniter\CodeIgniter->runController()
#4 /var/www/html/Document-Portal/system/CodeIgniter.php(337): CodeIgniter\CodeIgniter->handleRequest()
#5 /var/www/html/Document-Portal/index.php(38): CodeIgniter\CodeIgniter->run()
#6 {main}
CRITICAL - 2022-06-09 18:00:39 --> Undefined array key "length"
#0 /var/www/html/Document-Portal/app/Models/WorkflowModel.php(85): CodeIgniter\Debug\Exceptions->errorHandler()
#1 /var/www/html/Document-Portal/app/Controllers/SubadminWorkflowView.php(78): App\Models\WorkflowModel->make_datatables()
#2 /var/www/html/Document-Portal/system/CodeIgniter.php(929): App\Controllers\SubadminWorkflowView->fetch_workflow_view()
#3 /var/www/html/Document-Portal/system/CodeIgniter.php(437): CodeIgniter\CodeIgniter->runController()
#4 /var/www/html/Document-Portal/system/CodeIgniter.php(337): CodeIgniter\CodeIgniter->handleRequest()
#5 /var/www/html/Document-Portal/index.php(38): CodeIgniter\CodeIgniter->run()
#6 {main}
CRITICAL - 2022-06-09 18:19:30 --> Undefined array key "length"
#0 /var/www/html/Document-Portal/app/Models/WorkflowModel.php(85): CodeIgniter\Debug\Exceptions->errorHandler()
#1 /var/www/html/Document-Portal/app/Controllers/SubadminWorkflowView.php(78): App\Models\WorkflowModel->make_datatables()
#2 /var/www/html/Document-Portal/system/CodeIgniter.php(929): App\Controllers\SubadminWorkflowView->fetch_workflow_view()
#3 /var/www/html/Document-Portal/system/CodeIgniter.php(437): CodeIgniter\CodeIgniter->runController()
#4 /var/www/html/Document-Portal/system/CodeIgniter.php(337): CodeIgniter\CodeIgniter->handleRequest()
#5 /var/www/html/Document-Portal/index.php(38): CodeIgniter\CodeIgniter->run()
#6 {main}
CRITICAL - 2022-06-09 18:19:42 --> Undefined array key "length"
#0 /var/www/html/Document-Portal/app/Models/WorkflowModel.php(85): CodeIgniter\Debug\Exceptions->errorHandler()
#1 /var/www/html/Document-Portal/app/Controllers/SubadminWorkflowView.php(78): App\Models\WorkflowModel->make_datatables()
#2 /var/www/html/Document-Portal/system/CodeIgniter.php(929): App\Controllers\SubadminWorkflowView->fetch_workflow_view()
#3 /var/www/html/Document-Portal/system/CodeIgniter.php(437): CodeIgniter\CodeIgniter->runController()
#4 /var/www/html/Document-Portal/system/CodeIgniter.php(337): CodeIgniter\CodeIgniter->handleRequest()
#5 /var/www/html/Document-Portal/index.php(38): CodeIgniter\CodeIgniter->run()
#6 {main}
ERROR - 2022-06-09 18:24:55 --> Unknown column 'document_workfolwcompany_id' in 'where clause'
CRITICAL - 2022-06-09 18:24:55 --> Call to a member function getResult() on bool
#0 /var/www/html/Document-Portal/system/BaseModel.php(603): CodeIgniter\Model->doFindAll()
#1 /var/www/html/Document-Portal/app/Models/WorkflowModel.php(86): CodeIgniter\BaseModel->findAll()
#2 /var/www/html/Document-Portal/app/Controllers/SubadminWorkflowView.php(78): App\Models\WorkflowModel->make_datatables()
#3 /var/www/html/Document-Portal/system/CodeIgniter.php(929): App\Controllers\SubadminWorkflowView->fetch_workflow_view()
#4 /var/www/html/Document-Portal/system/CodeIgniter.php(437): CodeIgniter\CodeIgniter->runController()
#5 /var/www/html/Document-Portal/system/CodeIgniter.php(337): CodeIgniter\CodeIgniter->handleRequest()
#6 /var/www/html/Document-Portal/index.php(38): CodeIgniter\CodeIgniter->run()
#7 {main}
ERROR - 2022-06-09 18:25:45 --> Unknown column 'document_workfolwcompany_id' in 'where clause'
CRITICAL - 2022-06-09 18:25:45 --> Call to a member function getResult() on bool
#0 /var/www/html/Document-Portal/system/BaseModel.php(603): CodeIgniter\Model->doFindAll()
#1 /var/www/html/Document-Portal/app/Models/WorkflowModel.php(86): CodeIgniter\BaseModel->findAll()
#2 /var/www/html/Document-Portal/app/Controllers/SubadminWorkflowView.php(78): App\Models\WorkflowModel->make_datatables()
#3 /var/www/html/Document-Portal/system/CodeIgniter.php(929): App\Controllers\SubadminWorkflowView->fetch_workflow_view()
#4 /var/www/html/Document-Portal/system/CodeIgniter.php(437): CodeIgniter\CodeIgniter->runController()
#5 /var/www/html/Document-Portal/system/CodeIgniter.php(337): CodeIgniter\CodeIgniter->handleRequest()
#6 /var/www/html/Document-Portal/index.php(38): CodeIgniter\CodeIgniter->run()
#7 {main}
ERROR - 2022-06-09 18:26:50 --> Unknown column 'document_workfolwcompany_id' in 'where clause'
CRITICAL - 2022-06-09 18:26:50 --> Call to a member function getResult() on bool
#0 /var/www/html/Document-Portal/system/BaseModel.php(603): CodeIgniter\Model->doFindAll()
#1 /var/www/html/Document-Portal/app/Models/WorkflowModel.php(84): CodeIgniter\BaseModel->findAll()
#2 /var/www/html/Document-Portal/app/Controllers/SubadminWorkflowView.php(78): App\Models\WorkflowModel->make_datatables()
#3 /var/www/html/Document-Portal/system/CodeIgniter.php(929): App\Controllers\SubadminWorkflowView->fetch_workflow_view()
#4 /var/www/html/Document-Portal/system/CodeIgniter.php(437): CodeIgniter\CodeIgniter->runController()
#5 /var/www/html/Document-Portal/system/CodeIgniter.php(337): CodeIgniter\CodeIgniter->handleRequest()
#6 /var/www/html/Document-Portal/index.php(38): CodeIgniter\CodeIgniter->run()
#7 {main}
ERROR - 2022-06-09 18:29:39 --> Unknown column 'document_workfolwcompany_id' in 'where clause'
CRITICAL - 2022-06-09 18:29:39 --> Call to a member function getResult() on bool
#0 /var/www/html/Document-Portal/system/BaseModel.php(603): CodeIgniter\Model->doFindAll()
#1 /var/www/html/Document-Portal/app/Models/WorkflowModel.php(87): CodeIgniter\BaseModel->findAll()
#2 /var/www/html/Document-Portal/app/Controllers/SubadminWorkflowView.php(78): App\Models\WorkflowModel->make_datatables()
#3 /var/www/html/Document-Portal/system/CodeIgniter.php(929): App\Controllers\SubadminWorkflowView->fetch_workflow_view()
#4 /var/www/html/Document-Portal/system/CodeIgniter.php(437): CodeIgniter\CodeIgniter->runController()
#5 /var/www/html/Document-Portal/system/CodeIgniter.php(337): CodeIgniter\CodeIgniter->handleRequest()
#6 /var/www/html/Document-Portal/index.php(38): CodeIgniter\CodeIgniter->run()
#7 {main}
ERROR - 2022-06-09 18:30:31 --> Unknown column 'document_workfolwcompany_id' in 'where clause'
CRITICAL - 2022-06-09 18:30:31 --> Call to a member function getResult() on bool
#0 /var/www/html/Document-Portal/system/BaseModel.php(603): CodeIgniter\Model->doFindAll()
#1 /var/www/html/Document-Portal/app/Models/WorkflowModel.php(87): CodeIgniter\BaseModel->findAll()
#2 /var/www/html/Document-Portal/app/Controllers/SubadminWorkflowView.php(78): App\Models\WorkflowModel->make_datatables()
#3 /var/www/html/Document-Portal/system/CodeIgniter.php(929): App\Controllers\SubadminWorkflowView->fetch_workflow_view()
#4 /var/www/html/Document-Portal/system/CodeIgniter.php(437): CodeIgniter\CodeIgniter->runController()
#5 /var/www/html/Document-Portal/system/CodeIgniter.php(337): CodeIgniter\CodeIgniter->handleRequest()
#6 /var/www/html/Document-Portal/index.php(38): CodeIgniter\CodeIgniter->run()
#7 {main}
ERROR - 2022-06-09 18:30:33 --> Unknown column 'document_workfolwcompany_id' in 'where clause'
CRITICAL - 2022-06-09 18:30:33 --> Call to a member function getResult() on bool
#0 /var/www/html/Document-Portal/system/BaseModel.php(603): CodeIgniter\Model->doFindAll()
#1 /var/www/html/Document-Portal/app/Models/WorkflowModel.php(87): CodeIgniter\BaseModel->findAll()
#2 /var/www/html/Document-Portal/app/Controllers/SubadminWorkflowView.php(78): App\Models\WorkflowModel->make_datatables()
#3 /var/www/html/Document-Portal/system/CodeIgniter.php(929): App\Controllers\SubadminWorkflowView->fetch_workflow_view()
#4 /var/www/html/Document-Portal/system/CodeIgniter.php(437): CodeIgniter\CodeIgniter->runController()
#5 /var/www/html/Document-Portal/system/CodeIgniter.php(337): CodeIgniter\CodeIgniter->handleRequest()
#6 /var/www/html/Document-Portal/index.php(38): CodeIgniter\CodeIgniter->run()
#7 {main}
ERROR - 2022-06-09 18:30:33 --> Unknown column 'document_workfolwcompany_id' in 'where clause'
CRITICAL - 2022-06-09 18:30:33 --> Call to a member function getResult() on bool
#0 /var/www/html/Document-Portal/system/BaseModel.php(603): CodeIgniter\Model->doFindAll()
#1 /var/www/html/Document-Portal/app/Models/WorkflowModel.php(87): CodeIgniter\BaseModel->findAll()
#2 /var/www/html/Document-Portal/app/Controllers/SubadminWorkflowView.php(78): App\Models\WorkflowModel->make_datatables()
#3 /var/www/html/Document-Portal/system/CodeIgniter.php(929): App\Controllers\SubadminWorkflowView->fetch_workflow_view()
#4 /var/www/html/Document-Portal/system/CodeIgniter.php(437): CodeIgniter\CodeIgniter->runController()
#5 /var/www/html/Document-Portal/system/CodeIgniter.php(337): CodeIgniter\CodeIgniter->handleRequest()
#6 /var/www/html/Document-Portal/index.php(38): CodeIgniter\CodeIgniter->run()
#7 {main}
ERROR - 2022-06-09 18:30:34 --> Unknown column 'document_workfolwcompany_id' in 'where clause'
CRITICAL - 2022-06-09 18:30:34 --> Call to a member function getResult() on bool
#0 /var/www/html/Document-Portal/system/BaseModel.php(603): CodeIgniter\Model->doFindAll()
#1 /var/www/html/Document-Portal/app/Models/WorkflowModel.php(87): CodeIgniter\BaseModel->findAll()
#2 /var/www/html/Document-Portal/app/Controllers/SubadminWorkflowView.php(78): App\Models\WorkflowModel->make_datatables()
#3 /var/www/html/Document-Portal/system/CodeIgniter.php(929): App\Controllers\SubadminWorkflowView->fetch_workflow_view()
#4 /var/www/html/Document-Portal/system/CodeIgniter.php(437): CodeIgniter\CodeIgniter->runController()
#5 /var/www/html/Document-Portal/system/CodeIgniter.php(337): CodeIgniter\CodeIgniter->handleRequest()
#6 /var/www/html/Document-Portal/index.php(38): CodeIgniter\CodeIgniter->run()
#7 {main}
ERROR - 2022-06-09 18:30:34 --> Unknown column 'document_workfolwcompany_id' in 'where clause'
CRITICAL - 2022-06-09 18:30:34 --> Call to a member function getResult() on bool
#0 /var/www/html/Document-Portal/system/BaseModel.php(603): CodeIgniter\Model->doFindAll()
#1 /var/www/html/Document-Portal/app/Models/WorkflowModel.php(87): CodeIgniter\BaseModel->findAll()
#2 /var/www/html/Document-Portal/app/Controllers/SubadminWorkflowView.php(78): App\Models\WorkflowModel->make_datatables()
#3 /var/www/html/Document-Portal/system/CodeIgniter.php(929): App\Controllers\SubadminWorkflowView->fetch_workflow_view()
#4 /var/www/html/Document-Portal/system/CodeIgniter.php(437): CodeIgniter\CodeIgniter->runController()
#5 /var/www/html/Document-Portal/system/CodeIgniter.php(337): CodeIgniter\CodeIgniter->handleRequest()
#6 /var/www/html/Document-Portal/index.php(38): CodeIgniter\CodeIgniter->run()
#7 {main}
ERROR - 2022-06-09 18:30:34 --> Unknown column 'document_workfolwcompany_id' in 'where clause'
CRITICAL - 2022-06-09 18:30:34 --> Call to a member function getResult() on bool
#0 /var/www/html/Document-Portal/system/BaseModel.php(603): CodeIgniter\Model->doFindAll()
#1 /var/www/html/Document-Portal/app/Models/WorkflowModel.php(87): CodeIgniter\BaseModel->findAll()
#2 /var/www/html/Document-Portal/app/Controllers/SubadminWorkflowView.php(78): App\Models\WorkflowModel->make_datatables()
#3 /var/www/html/Document-Portal/system/CodeIgniter.php(929): App\Controllers\SubadminWorkflowView->fetch_workflow_view()
#4 /var/www/html/Document-Portal/system/CodeIgniter.php(437): CodeIgniter\CodeIgniter->runController()
#5 /var/www/html/Document-Portal/system/CodeIgniter.php(337): CodeIgniter\CodeIgniter->handleRequest()
#6 /var/www/html/Document-Portal/index.php(38): CodeIgniter\CodeIgniter->run()
#7 {main}
ERROR - 2022-06-09 18:30:35 --> Unknown column 'document_workfolwcompany_id' in 'where clause'
CRITICAL - 2022-06-09 18:30:35 --> Call to a member function getResult() on bool
#0 /var/www/html/Document-Portal/system/BaseModel.php(603): CodeIgniter\Model->doFindAll()
#1 /var/www/html/Document-Portal/app/Models/WorkflowModel.php(87): CodeIgniter\BaseModel->findAll()
#2 /var/www/html/Document-Portal/app/Controllers/SubadminWorkflowView.php(78): App\Models\WorkflowModel->make_datatables()
#3 /var/www/html/Document-Portal/system/CodeIgniter.php(929): App\Controllers\SubadminWorkflowView->fetch_workflow_view()
#4 /var/www/html/Document-Portal/system/CodeIgniter.php(437): CodeIgniter\CodeIgniter->runController()
#5 /var/www/html/Document-Portal/system/CodeIgniter.php(337): CodeIgniter\CodeIgniter->handleRequest()
#6 /var/www/html/Document-Portal/index.php(38): CodeIgniter\CodeIgniter->run()
#7 {main}
ERROR - 2022-06-09 18:30:35 --> Unknown column 'document_workfolwcompany_id' in 'where clause'
CRITICAL - 2022-06-09 18:30:35 --> Call to a member function getResult() on bool
#0 /var/www/html/Document-Portal/system/BaseModel.php(603): CodeIgniter\Model->doFindAll()
#1 /var/www/html/Document-Portal/app/Models/WorkflowModel.php(87): CodeIgniter\BaseModel->findAll()
#2 /var/www/html/Document-Portal/app/Controllers/SubadminWorkflowView.php(78): App\Models\WorkflowModel->make_datatables()
#3 /var/www/html/Document-Portal/system/CodeIgniter.php(929): App\Controllers\SubadminWorkflowView->fetch_workflow_view()
#4 /var/www/html/Document-Portal/system/CodeIgniter.php(437): CodeIgniter\CodeIgniter->runController()
#5 /var/www/html/Document-Portal/system/CodeIgniter.php(337): CodeIgniter\CodeIgniter->handleRequest()
#6 /var/www/html/Document-Portal/index.php(38): CodeIgniter\CodeIgniter->run()
#7 {main}
ERROR - 2022-06-09 18:30:35 --> Unknown column 'document_workfolwcompany_id' in 'where clause'
CRITICAL - 2022-06-09 18:30:35 --> Call to a member function getResult() on bool
#0 /var/www/html/Document-Portal/system/BaseModel.php(603): CodeIgniter\Model->doFindAll()
#1 /var/www/html/Document-Portal/app/Models/WorkflowModel.php(87): CodeIgniter\BaseModel->findAll()
#2 /var/www/html/Document-Portal/app/Controllers/SubadminWorkflowView.php(78): App\Models\WorkflowModel->make_datatables()
#3 /var/www/html/Document-Portal/system/CodeIgniter.php(929): App\Controllers\SubadminWorkflowView->fetch_workflow_view()
#4 /var/www/html/Document-Portal/system/CodeIgniter.php(437): CodeIgniter\CodeIgniter->runController()
#5 /var/www/html/Document-Portal/system/CodeIgniter.php(337): CodeIgniter\CodeIgniter->handleRequest()
#6 /var/www/html/Document-Portal/index.php(38): CodeIgniter\CodeIgniter->run()
#7 {main}
ERROR - 2022-06-09 18:30:42 --> Unknown column 'document_workfolwcompany_id' in 'where clause'
CRITICAL - 2022-06-09 18:30:42 --> Call to a member function getResult() on bool
#0 /var/www/html/Document-Portal/system/BaseModel.php(603): CodeIgniter\Model->doFindAll()
#1 /var/www/html/Document-Portal/app/Models/WorkflowModel.php(87): CodeIgniter\BaseModel->findAll()
#2 /var/www/html/Document-Portal/app/Controllers/SubadminWorkflowView.php(78): App\Models\WorkflowModel->make_datatables()
#3 /var/www/html/Document-Portal/system/CodeIgniter.php(929): App\Controllers\SubadminWorkflowView->fetch_workflow_view()
#4 /var/www/html/Document-Portal/system/CodeIgniter.php(437): CodeIgniter\CodeIgniter->runController()
#5 /var/www/html/Document-Portal/system/CodeIgniter.php(337): CodeIgniter\CodeIgniter->handleRequest()
#6 /var/www/html/Document-Portal/index.php(38): CodeIgniter\CodeIgniter->run()
#7 {main}
CRITICAL - 2022-06-09 18:32:19 --> Undefined array key "length"
#0 /var/www/html/Document-Portal/app/Models/WorkflowModel.php(87): CodeIgniter\Debug\Exceptions->errorHandler()
#1 /var/www/html/Document-Portal/app/Controllers/SubadminWorkflowView.php(78): App\Models\WorkflowModel->make_datatables()
#2 /var/www/html/Document-Portal/system/CodeIgniter.php(929): App\Controllers\SubadminWorkflowView->fetch_workflow_view()
#3 /var/www/html/Document-Portal/system/CodeIgniter.php(437): CodeIgniter\CodeIgniter->runController()
#4 /var/www/html/Document-Portal/system/CodeIgniter.php(337): CodeIgniter\CodeIgniter->handleRequest()
#5 /var/www/html/Document-Portal/index.php(38): CodeIgniter\CodeIgniter->run()
#6 {main}
ERROR - 2022-06-09 18:32:46 --> Unknown column 'document_workfolwcompany_id' in 'where clause'
CRITICAL - 2022-06-09 18:32:46 --> Call to a member function getResult() on bool
#0 /var/www/html/Document-Portal/system/BaseModel.php(603): CodeIgniter\Model->doFindAll()
#1 /var/www/html/Document-Portal/app/Models/WorkflowModel.php(87): CodeIgniter\BaseModel->findAll()
#2 /var/www/html/Document-Portal/app/Controllers/SubadminWorkflowView.php(78): App\Models\WorkflowModel->make_datatables()
#3 /var/www/html/Document-Portal/system/CodeIgniter.php(929): App\Controllers\SubadminWorkflowView->fetch_workflow_view()
#4 /var/www/html/Document-Portal/system/CodeIgniter.php(437): CodeIgniter\CodeIgniter->runController()
#5 /var/www/html/Document-Portal/system/CodeIgniter.php(337): CodeIgniter\CodeIgniter->handleRequest()
#6 /var/www/html/Document-Portal/index.php(38): CodeIgniter\CodeIgniter->run()
#7 {main}
CRITICAL - 2022-06-09 18:33:01 --> Undefined array key "length"
#0 /var/www/html/Document-Portal/app/Models/WorkflowModel.php(85): CodeIgniter\Debug\Exceptions->errorHandler()
#1 /var/www/html/Document-Portal/app/Controllers/SubadminWorkflowView.php(78): App\Models\WorkflowModel->make_datatables()
#2 /var/www/html/Document-Portal/system/CodeIgniter.php(929): App\Controllers\SubadminWorkflowView->fetch_workflow_view()
#3 /var/www/html/Document-Portal/system/CodeIgniter.php(437): CodeIgniter\CodeIgniter->runController()
#4 /var/www/html/Document-Portal/system/CodeIgniter.php(337): CodeIgniter\CodeIgniter->handleRequest()
#5 /var/www/html/Document-Portal/index.php(38): CodeIgniter\CodeIgniter->run()
#6 {main}
CRITICAL - 2022-06-09 18:33:21 --> Undefined array key "length"
#0 /var/www/html/Document-Portal/app/Models/WorkflowModel.php(85): CodeIgniter\Debug\Exceptions->errorHandler()
#1 /var/www/html/Document-Portal/app/Controllers/SubadminWorkflowView.php(78): App\Models\WorkflowModel->make_datatables()
#2 /var/www/html/Document-Portal/system/CodeIgniter.php(929): App\Controllers\SubadminWorkflowView->fetch_workflow_view()
#3 /var/www/html/Document-Portal/system/CodeIgniter.php(437): CodeIgniter\CodeIgniter->runController()
#4 /var/www/html/Document-Portal/system/CodeIgniter.php(337): CodeIgniter\CodeIgniter->handleRequest()
#5 /var/www/html/Document-Portal/index.php(38): CodeIgniter\CodeIgniter->run()
#6 {main}
CRITICAL - 2022-06-09 18:34:28 --> Undefined array key "length"
#0 /var/www/html/Document-Portal/app/Models/WorkflowModel.php(85): CodeIgniter\Debug\Exceptions->errorHandler()
#1 /var/www/html/Document-Portal/app/Controllers/SubadminWorkflowView.php(79): App\Models\WorkflowModel->make_datatables()
#2 /var/www/html/Document-Portal/system/CodeIgniter.php(929): App\Controllers\SubadminWorkflowView->fetch_workflow_view()
#3 /var/www/html/Document-Portal/system/CodeIgniter.php(437): CodeIgniter\CodeIgniter->runController()
#4 /var/www/html/Document-Portal/system/CodeIgniter.php(337): CodeIgniter\CodeIgniter->handleRequest()
#5 /var/www/html/Document-Portal/index.php(38): CodeIgniter\CodeIgniter->run()
#6 {main}
ERROR - 2022-06-09 18:41:54 --> Unknown column 'user_company.pro_company_id' in 'on clause'
CRITICAL - 2022-06-09 18:41:54 --> Call to a member function getResult() on bool
#0 /var/www/html/Document-Portal/system/BaseModel.php(603): CodeIgniter\Model->doFindAll()
#1 /var/www/html/Document-Portal/app/Models/UsersModel.php(58): CodeIgniter\BaseModel->findAll()
#2 /var/www/html/Document-Portal/app/Controllers/Users.php(195): App\Models\UsersModel->make_datatables()
#3 /var/www/html/Document-Portal/system/CodeIgniter.php(929): App\Controllers\Users->fetch_users()
#4 /var/www/html/Document-Portal/system/CodeIgniter.php(437): CodeIgniter\CodeIgniter->runController()
#5 /var/www/html/Document-Portal/system/CodeIgniter.php(337): CodeIgniter\CodeIgniter->handleRequest()
#6 /var/www/html/Document-Portal/index.php(38): CodeIgniter\CodeIgniter->run()
#7 {main}
ERROR - 2022-06-09 18:42:29 --> Unknown column 'user_company.pro_company_id' in 'on clause'
CRITICAL - 2022-06-09 18:42:29 --> Call to a member function getResult() on bool
#0 /var/www/html/Document-Portal/system/BaseModel.php(603): CodeIgniter\Model->doFindAll()
#1 /var/www/html/Document-Portal/app/Models/UsersModel.php(58): CodeIgniter\BaseModel->findAll()
#2 /var/www/html/Document-Portal/app/Controllers/Users.php(195): App\Models\UsersModel->make_datatables()
#3 /var/www/html/Document-Portal/system/CodeIgniter.php(929): App\Controllers\Users->fetch_users()
#4 /var/www/html/Document-Portal/system/CodeIgniter.php(437): CodeIgniter\CodeIgniter->runController()
#5 /var/www/html/Document-Portal/system/CodeIgniter.php(337): CodeIgniter\CodeIgniter->handleRequest()
#6 /var/www/html/Document-Portal/index.php(38): CodeIgniter\CodeIgniter->run()
#7 {main}
ERROR - 2022-06-09 18:42:40 --> Unknown column 'user_company.pro_company_id' in 'on clause'
CRITICAL - 2022-06-09 18:42:40 --> Call to a member function getResult() on bool
#0 /var/www/html/Document-Portal/system/BaseModel.php(603): CodeIgniter\Model->doFindAll()
#1 /var/www/html/Document-Portal/app/Models/UsersModel.php(58): CodeIgniter\BaseModel->findAll()
#2 /var/www/html/Document-Portal/app/Controllers/Users.php(195): App\Models\UsersModel->make_datatables()
#3 /var/www/html/Document-Portal/system/CodeIgniter.php(929): App\Controllers\Users->fetch_users()
#4 /var/www/html/Document-Portal/system/CodeIgniter.php(437): CodeIgniter\CodeIgniter->runController()
#5 /var/www/html/Document-Portal/system/CodeIgniter.php(337): CodeIgniter\CodeIgniter->handleRequest()
#6 /var/www/html/Document-Portal/index.php(38): CodeIgniter\CodeIgniter->run()
#7 {main}
ERROR - 2022-06-09 18:43:21 --> Unknown column 'user_company.company_id' in 'on clause'
CRITICAL - 2022-06-09 18:43:21 --> Call to a member function getResult() on bool
#0 /var/www/html/Document-Portal/system/BaseModel.php(603): CodeIgniter\Model->doFindAll()
#1 /var/www/html/Document-Portal/app/Models/UsersModel.php(58): CodeIgniter\BaseModel->findAll()
#2 /var/www/html/Document-Portal/app/Controllers/Users.php(195): App\Models\UsersModel->make_datatables()
#3 /var/www/html/Document-Portal/system/CodeIgniter.php(929): App\Controllers\Users->fetch_users()
#4 /var/www/html/Document-Portal/system/CodeIgniter.php(437): CodeIgniter\CodeIgniter->runController()
#5 /var/www/html/Document-Portal/system/CodeIgniter.php(337): CodeIgniter\CodeIgniter->handleRequest()
#6 /var/www/html/Document-Portal/index.php(38): CodeIgniter\CodeIgniter->run()
#7 {main}
ERROR - 2022-06-09 18:45:18 --> Unknown column 'user_company.pro_company_id' in 'on clause'
CRITICAL - 2022-06-09 18:45:18 --> Call to a member function getResult() on bool
#0 /var/www/html/Document-Portal/system/BaseModel.php(603): CodeIgniter\Model->doFindAll()
#1 /var/www/html/Document-Portal/app/Models/UsersModel.php(58): CodeIgniter\BaseModel->findAll()
#2 /var/www/html/Document-Portal/app/Controllers/Users.php(195): App\Models\UsersModel->make_datatables()
#3 /var/www/html/Document-Portal/system/CodeIgniter.php(929): App\Controllers\Users->fetch_users()
#4 /var/www/html/Document-Portal/system/CodeIgniter.php(437): CodeIgniter\CodeIgniter->runController()
#5 /var/www/html/Document-Portal/system/CodeIgniter.php(337): CodeIgniter\CodeIgniter->handleRequest()
#6 /var/www/html/Document-Portal/index.php(38): CodeIgniter\CodeIgniter->run()
#7 {main}
