CRITICAL - 2022-05-20 17:43:48 --> syntax error, unexpected variable "$value", expecting "," or ";"
#0 /var/www/html/documentportal/system/View/View.php(232): CodeIgniter\View\View->CodeIgniter\View\{closure}()
#1 /var/www/html/documentportal/system/Common.php(1271): CodeIgniter\View\View->render()
#2 /var/www/html/documentportal/app/Controllers/BaseController.php(80): view()
#3 /var/www/html/documentportal/app/Controllers/Documents.php(76): App\Controllers\BaseController->render_template()
#4 /var/www/html/documentportal/system/CodeIgniter.php(929): App\Controllers\Documents->add()
#5 /var/www/html/documentportal/system/CodeIgniter.php(437): CodeIgniter\CodeIgniter->runController()
#6 /var/www/html/documentportal/system/CodeIgniter.php(337): CodeIgniter\CodeIgniter->handleRequest()
#7 /var/www/html/documentportal/index.php(38): CodeIgniter\CodeIgniter->run()
#8 {main}
CRITICAL - 2022-05-20 17:43:54 --> syntax error, unexpected variable "$value", expecting "," or ";"
#0 /var/www/html/documentportal/system/View/View.php(232): CodeIgniter\View\View->CodeIgniter\View\{closure}()
#1 /var/www/html/documentportal/system/Common.php(1271): CodeIgniter\View\View->render()
#2 /var/www/html/documentportal/app/Controllers/BaseController.php(80): view()
#3 /var/www/html/documentportal/app/Controllers/Documents.php(76): App\Controllers\BaseController->render_template()
#4 /var/www/html/documentportal/system/CodeIgniter.php(929): App\Controllers\Documents->add()
#5 /var/www/html/documentportal/system/CodeIgniter.php(437): CodeIgniter\CodeIgniter->runController()
#6 /var/www/html/documentportal/system/CodeIgniter.php(337): CodeIgniter\CodeIgniter->handleRequest()
#7 /var/www/html/documentportal/index.php(38): CodeIgniter\CodeIgniter->run()
#8 {main}
ERROR - 2022-05-20 17:44:55 --> Table 'documentportal.Documents' doesn't exist
CRITICAL - 2022-05-20 17:48:58 --> syntax error, unexpected token "."
#0 /var/www/html/documentportal/system/Router/Router.php(169): CodeIgniter\Router\Router->autoRoute()
#1 /var/www/html/documentportal/system/CodeIgniter.php(810): CodeIgniter\Router\Router->handle()
#2 /var/www/html/documentportal/system/CodeIgniter.php(390): CodeIgniter\CodeIgniter->tryToRouteIt()
#3 /var/www/html/documentportal/system/CodeIgniter.php(337): CodeIgniter\CodeIgniter->handleRequest()
#4 /var/www/html/documentportal/index.php(38): CodeIgniter\CodeIgniter->run()
#5 {main}
ERROR - 2022-05-20 17:49:35 --> Table 'documentportal.Documents' doesn't exist
CRITICAL - 2022-05-20 18:18:26 --> Undefined array key "userTypeID"
#0 /var/www/html/documentportal/app/Controllers/Documents.php(152): CodeIgniter\Debug\Exceptions->errorHandler()
#1 /var/www/html/documentportal/system/CodeIgniter.php(929): App\Controllers\Documents->fetch_documents()
#2 /var/www/html/documentportal/system/CodeIgniter.php(437): CodeIgniter\CodeIgniter->runController()
#3 /var/www/html/documentportal/system/CodeIgniter.php(337): CodeIgniter\CodeIgniter->handleRequest()
#4 /var/www/html/documentportal/index.php(38): CodeIgniter\CodeIgniter->run()
#5 {main}
CRITICAL - 2022-05-20 18:20:28 --> Undefined array key "userTypeID"
#0 /var/www/html/documentportal/app/Controllers/Documents.php(152): CodeIgniter\Debug\Exceptions->errorHandler()
#1 /var/www/html/documentportal/system/CodeIgniter.php(929): App\Controllers\Documents->fetch_documents()
#2 /var/www/html/documentportal/system/CodeIgniter.php(437): CodeIgniter\CodeIgniter->runController()
#3 /var/www/html/documentportal/system/CodeIgniter.php(337): CodeIgniter\CodeIgniter->handleRequest()
#4 /var/www/html/documentportal/index.php(38): CodeIgniter\CodeIgniter->run()
#5 {main}
CRITICAL - 2022-05-20 18:20:50 --> Undefined array key "userTypeID"
#0 /var/www/html/documentportal/app/Controllers/Documents.php(152): CodeIgniter\Debug\Exceptions->errorHandler()
#1 /var/www/html/documentportal/system/CodeIgniter.php(929): App\Controllers\Documents->fetch_documents()
#2 /var/www/html/documentportal/system/CodeIgniter.php(437): CodeIgniter\CodeIgniter->runController()
#3 /var/www/html/documentportal/system/CodeIgniter.php(337): CodeIgniter\CodeIgniter->handleRequest()
#4 /var/www/html/documentportal/index.php(38): CodeIgniter\CodeIgniter->run()
#5 {main}
CRITICAL - 2022-05-20 18:21:16 --> Undefined array key "userTypeID"
#0 /var/www/html/documentportal/app/Controllers/Documents.php(152): CodeIgniter\Debug\Exceptions->errorHandler()
#1 /var/www/html/documentportal/system/CodeIgniter.php(929): App\Controllers\Documents->fetch_documents()
#2 /var/www/html/documentportal/system/CodeIgniter.php(437): CodeIgniter\CodeIgniter->runController()
#3 /var/www/html/documentportal/system/CodeIgniter.php(337): CodeIgniter\CodeIgniter->handleRequest()
#4 /var/www/html/documentportal/index.php(38): CodeIgniter\CodeIgniter->run()
#5 {main}
CRITICAL - 2022-05-20 18:21:32 --> Undefined array key "userTypeID"
#0 /var/www/html/documentportal/app/Controllers/Documents.php(152): CodeIgniter\Debug\Exceptions->errorHandler()
#1 /var/www/html/documentportal/system/CodeIgniter.php(929): App\Controllers\Documents->fetch_documents()
#2 /var/www/html/documentportal/system/CodeIgniter.php(437): CodeIgniter\CodeIgniter->runController()
#3 /var/www/html/documentportal/system/CodeIgniter.php(337): CodeIgniter\CodeIgniter->handleRequest()
#4 /var/www/html/documentportal/index.php(38): CodeIgniter\CodeIgniter->run()
#5 {main}
CRITICAL - 2022-05-20 18:22:08 --> Undefined array key "userTypeID"
#0 /var/www/html/documentportal/app/Controllers/Documents.php(152): CodeIgniter\Debug\Exceptions->errorHandler()
#1 /var/www/html/documentportal/system/CodeIgniter.php(929): App\Controllers\Documents->fetch_documents()
#2 /var/www/html/documentportal/system/CodeIgniter.php(437): CodeIgniter\CodeIgniter->runController()
#3 /var/www/html/documentportal/system/CodeIgniter.php(337): CodeIgniter\CodeIgniter->handleRequest()
#4 /var/www/html/documentportal/index.php(38): CodeIgniter\CodeIgniter->run()
#5 {main}
CRITICAL - 2022-05-20 18:22:28 --> Undefined array key "userTypeID"
#0 /var/www/html/documentportal/app/Controllers/Documents.php(152): CodeIgniter\Debug\Exceptions->errorHandler()
#1 /var/www/html/documentportal/system/CodeIgniter.php(929): App\Controllers\Documents->fetch_documents()
#2 /var/www/html/documentportal/system/CodeIgniter.php(437): CodeIgniter\CodeIgniter->runController()
#3 /var/www/html/documentportal/system/CodeIgniter.php(337): CodeIgniter\CodeIgniter->handleRequest()
#4 /var/www/html/documentportal/index.php(38): CodeIgniter\CodeIgniter->run()
#5 {main}
CRITICAL - 2022-05-20 18:22:55 --> Undefined array key "userTypeID"
#0 /var/www/html/documentportal/app/Controllers/Documents.php(152): CodeIgniter\Debug\Exceptions->errorHandler()
#1 /var/www/html/documentportal/system/CodeIgniter.php(929): App\Controllers\Documents->fetch_documents()
#2 /var/www/html/documentportal/system/CodeIgniter.php(437): CodeIgniter\CodeIgniter->runController()
#3 /var/www/html/documentportal/system/CodeIgniter.php(337): CodeIgniter\CodeIgniter->handleRequest()
#4 /var/www/html/documentportal/index.php(38): CodeIgniter\CodeIgniter->run()
#5 {main}
CRITICAL - 2022-05-20 18:23:21 --> Undefined array key "userTypeID"
#0 /var/www/html/documentportal/app/Controllers/Documents.php(152): CodeIgniter\Debug\Exceptions->errorHandler()
#1 /var/www/html/documentportal/system/CodeIgniter.php(929): App\Controllers\Documents->fetch_documents()
#2 /var/www/html/documentportal/system/CodeIgniter.php(437): CodeIgniter\CodeIgniter->runController()
#3 /var/www/html/documentportal/system/CodeIgniter.php(337): CodeIgniter\CodeIgniter->handleRequest()
#4 /var/www/html/documentportal/index.php(38): CodeIgniter\CodeIgniter->run()
#5 {main}
CRITICAL - 2022-05-20 18:23:27 --> Undefined array key "userTypeID"
#0 /var/www/html/documentportal/app/Controllers/Documents.php(152): CodeIgniter\Debug\Exceptions->errorHandler()
#1 /var/www/html/documentportal/system/CodeIgniter.php(929): App\Controllers\Documents->fetch_documents()
#2 /var/www/html/documentportal/system/CodeIgniter.php(437): CodeIgniter\CodeIgniter->runController()
#3 /var/www/html/documentportal/system/CodeIgniter.php(337): CodeIgniter\CodeIgniter->handleRequest()
#4 /var/www/html/documentportal/index.php(38): CodeIgniter\CodeIgniter->run()
#5 {main}
CRITICAL - 2022-05-20 18:23:49 --> Undefined array key "userTypeID"
#0 /var/www/html/documentportal/app/Controllers/Documents.php(152): CodeIgniter\Debug\Exceptions->errorHandler()
#1 /var/www/html/documentportal/system/CodeIgniter.php(929): App\Controllers\Documents->fetch_documents()
#2 /var/www/html/documentportal/system/CodeIgniter.php(437): CodeIgniter\CodeIgniter->runController()
#3 /var/www/html/documentportal/system/CodeIgniter.php(337): CodeIgniter\CodeIgniter->handleRequest()
#4 /var/www/html/documentportal/index.php(38): CodeIgniter\CodeIgniter->run()
#5 {main}
CRITICAL - 2022-05-20 18:24:01 --> Undefined array key "userTypeID"
#0 /var/www/html/documentportal/app/Controllers/Documents.php(152): CodeIgniter\Debug\Exceptions->errorHandler()
#1 /var/www/html/documentportal/system/CodeIgniter.php(929): App\Controllers\Documents->fetch_documents()
#2 /var/www/html/documentportal/system/CodeIgniter.php(437): CodeIgniter\CodeIgniter->runController()
#3 /var/www/html/documentportal/system/CodeIgniter.php(337): CodeIgniter\CodeIgniter->handleRequest()
#4 /var/www/html/documentportal/index.php(38): CodeIgniter\CodeIgniter->run()
#5 {main}
CRITICAL - 2022-05-20 18:26:32 --> Undefined array key "userTypeID"
#0 /var/www/html/documentportal/app/Controllers/Documents.php(152): CodeIgniter\Debug\Exceptions->errorHandler()
#1 /var/www/html/documentportal/system/CodeIgniter.php(929): App\Controllers\Documents->fetch_documents()
#2 /var/www/html/documentportal/system/CodeIgniter.php(437): CodeIgniter\CodeIgniter->runController()
#3 /var/www/html/documentportal/system/CodeIgniter.php(337): CodeIgniter\CodeIgniter->handleRequest()
#4 /var/www/html/documentportal/index.php(38): CodeIgniter\CodeIgniter->run()
#5 {main}
CRITICAL - 2022-05-20 18:27:32 --> Undefined array key "userTypeID"
#0 /var/www/html/documentportal/app/Controllers/Documents.php(152): CodeIgniter\Debug\Exceptions->errorHandler()
#1 /var/www/html/documentportal/system/CodeIgniter.php(929): App\Controllers\Documents->fetch_documents()
#2 /var/www/html/documentportal/system/CodeIgniter.php(437): CodeIgniter\CodeIgniter->runController()
#3 /var/www/html/documentportal/system/CodeIgniter.php(337): CodeIgniter\CodeIgniter->handleRequest()
#4 /var/www/html/documentportal/index.php(38): CodeIgniter\CodeIgniter->run()
#5 {main}
CRITICAL - 2022-05-20 18:28:57 --> Undefined array key "userTypeID"
#0 /var/www/html/documentportal/app/Controllers/Documents.php(152): CodeIgniter\Debug\Exceptions->errorHandler()
#1 /var/www/html/documentportal/system/CodeIgniter.php(929): App\Controllers\Documents->fetch_documents()
#2 /var/www/html/documentportal/system/CodeIgniter.php(437): CodeIgniter\CodeIgniter->runController()
#3 /var/www/html/documentportal/system/CodeIgniter.php(337): CodeIgniter\CodeIgniter->handleRequest()
#4 /var/www/html/documentportal/index.php(38): CodeIgniter\CodeIgniter->run()
#5 {main}
CRITICAL - 2022-05-20 18:29:04 --> Undefined array key "userTypeID"
#0 /var/www/html/documentportal/app/Controllers/Documents.php(152): CodeIgniter\Debug\Exceptions->errorHandler()
#1 /var/www/html/documentportal/system/CodeIgniter.php(929): App\Controllers\Documents->fetch_documents()
#2 /var/www/html/documentportal/system/CodeIgniter.php(437): CodeIgniter\CodeIgniter->runController()
#3 /var/www/html/documentportal/system/CodeIgniter.php(337): CodeIgniter\CodeIgniter->handleRequest()
#4 /var/www/html/documentportal/index.php(38): CodeIgniter\CodeIgniter->run()
#5 {main}
CRITICAL - 2022-05-20 18:29:12 --> Undefined array key "length"
#0 /var/www/html/documentportal/app/Models/DocumentsModel.php(58): CodeIgniter\Debug\Exceptions->errorHandler()
#1 /var/www/html/documentportal/app/Controllers/Documents.php(123): App\Models\DocumentsModel->make_datatables()
#2 /var/www/html/documentportal/system/CodeIgniter.php(929): App\Controllers\Documents->fetch_documents()
#3 /var/www/html/documentportal/system/CodeIgniter.php(437): CodeIgniter\CodeIgniter->runController()
#4 /var/www/html/documentportal/system/CodeIgniter.php(337): CodeIgniter\CodeIgniter->handleRequest()
#5 /var/www/html/documentportal/index.php(38): CodeIgniter\CodeIgniter->run()
#6 {main}
CRITICAL - 2022-05-20 18:30:01 --> Undefined array key "userTypeID"
#0 /var/www/html/documentportal/app/Controllers/Documents.php(152): CodeIgniter\Debug\Exceptions->errorHandler()
#1 /var/www/html/documentportal/system/CodeIgniter.php(929): App\Controllers\Documents->fetch_documents()
#2 /var/www/html/documentportal/system/CodeIgniter.php(437): CodeIgniter\CodeIgniter->runController()
#3 /var/www/html/documentportal/system/CodeIgniter.php(337): CodeIgniter\CodeIgniter->handleRequest()
#4 /var/www/html/documentportal/index.php(38): CodeIgniter\CodeIgniter->run()
#5 {main}
CRITICAL - 2022-05-20 18:31:49 --> Undefined array key "userTypeID"
#0 /var/www/html/documentportal/app/Controllers/Documents.php(153): CodeIgniter\Debug\Exceptions->errorHandler()
#1 /var/www/html/documentportal/system/CodeIgniter.php(929): App\Controllers\Documents->fetch_documents()
#2 /var/www/html/documentportal/system/CodeIgniter.php(437): CodeIgniter\CodeIgniter->runController()
#3 /var/www/html/documentportal/system/CodeIgniter.php(337): CodeIgniter\CodeIgniter->handleRequest()
#4 /var/www/html/documentportal/index.php(38): CodeIgniter\CodeIgniter->run()
#5 {main}
CRITICAL - 2022-05-20 18:32:35 --> Undefined array key "userTypeID"
#0 /var/www/html/documentportal/app/Controllers/Documents.php(153): CodeIgniter\Debug\Exceptions->errorHandler()
#1 /var/www/html/documentportal/system/CodeIgniter.php(929): App\Controllers\Documents->fetch_documents()
#2 /var/www/html/documentportal/system/CodeIgniter.php(437): CodeIgniter\CodeIgniter->runController()
#3 /var/www/html/documentportal/system/CodeIgniter.php(337): CodeIgniter\CodeIgniter->handleRequest()
#4 /var/www/html/documentportal/index.php(38): CodeIgniter\CodeIgniter->run()
#5 {main}
CRITICAL - 2022-05-20 18:33:10 --> Undefined array key "userTypeID"
#0 /var/www/html/documentportal/app/Controllers/Documents.php(153): CodeIgniter\Debug\Exceptions->errorHandler()
#1 /var/www/html/documentportal/system/CodeIgniter.php(929): App\Controllers\Documents->fetch_documents()
#2 /var/www/html/documentportal/system/CodeIgniter.php(437): CodeIgniter\CodeIgniter->runController()
#3 /var/www/html/documentportal/system/CodeIgniter.php(337): CodeIgniter\CodeIgniter->handleRequest()
#4 /var/www/html/documentportal/index.php(38): CodeIgniter\CodeIgniter->run()
#5 {main}
CRITICAL - 2022-05-20 18:33:51 --> Undefined array key "userTypeID"
#0 /var/www/html/documentportal/app/Controllers/Documents.php(153): CodeIgniter\Debug\Exceptions->errorHandler()
#1 /var/www/html/documentportal/system/CodeIgniter.php(929): App\Controllers\Documents->fetch_documents()
#2 /var/www/html/documentportal/system/CodeIgniter.php(437): CodeIgniter\CodeIgniter->runController()
#3 /var/www/html/documentportal/system/CodeIgniter.php(337): CodeIgniter\CodeIgniter->handleRequest()
#4 /var/www/html/documentportal/index.php(38): CodeIgniter\CodeIgniter->run()
#5 {main}
