ERROR - 2022-05-18 18:30:54 --> Unknown table 'UserTypes'
CRITICAL - 2022-05-18 18:30:54 --> Call to a member function getResult() on bool
#0 /var/www/html/documentportal/system/BaseModel.php(603): CodeIgniter\Model->doFindAll()
#1 /var/www/html/documentportal/app/Models/CompanyModel.php(57): CodeIgniter\BaseModel->findAll()
#2 /var/www/html/documentportal/app/Controllers/Company.php(123): App\Models\CompanyModel->make_datatables()
#3 /var/www/html/documentportal/system/CodeIgniter.php(929): App\Controllers\Company->fetch_company()
#4 /var/www/html/documentportal/system/CodeIgniter.php(437): CodeIgniter\CodeIgniter->runController()
#5 /var/www/html/documentportal/system/CodeIgniter.php(337): CodeIgniter\CodeIgniter->handleRequest()
#6 /var/www/html/documentportal/index.php(38): CodeIgniter\CodeIgniter->run()
#7 {main}
ERROR - 2022-05-18 18:31:07 --> Unknown table 'UserTypes'
CRITICAL - 2022-05-18 18:31:07 --> Call to a member function getResult() on bool
#0 /var/www/html/documentportal/system/BaseModel.php(603): CodeIgniter\Model->doFindAll()
#1 /var/www/html/documentportal/app/Models/CompanyModel.php(57): CodeIgniter\BaseModel->findAll()
#2 /var/www/html/documentportal/app/Controllers/Company.php(123): App\Models\CompanyModel->make_datatables()
#3 /var/www/html/documentportal/system/CodeIgniter.php(929): App\Controllers\Company->fetch_company()
#4 /var/www/html/documentportal/system/CodeIgniter.php(437): CodeIgniter\CodeIgniter->runController()
#5 /var/www/html/documentportal/system/CodeIgniter.php(337): CodeIgniter\CodeIgniter->handleRequest()
#6 /var/www/html/documentportal/index.php(38): CodeIgniter\CodeIgniter->run()
#7 {main}
ERROR - 2022-05-18 18:31:15 --> Unknown table 'UserTypes'
CRITICAL - 2022-05-18 18:31:15 --> Call to a member function getResult() on bool
#0 /var/www/html/documentportal/system/BaseModel.php(603): CodeIgniter\Model->doFindAll()
#1 /var/www/html/documentportal/app/Models/CompanyModel.php(57): CodeIgniter\BaseModel->findAll()
#2 /var/www/html/documentportal/app/Controllers/Company.php(123): App\Models\CompanyModel->make_datatables()
#3 /var/www/html/documentportal/system/CodeIgniter.php(929): App\Controllers\Company->fetch_company()
#4 /var/www/html/documentportal/system/CodeIgniter.php(437): CodeIgniter\CodeIgniter->runController()
#5 /var/www/html/documentportal/system/CodeIgniter.php(337): CodeIgniter\CodeIgniter->handleRequest()
#6 /var/www/html/documentportal/index.php(38): CodeIgniter\CodeIgniter->run()
#7 {main}
